<?xml version="1.0" encoding="UTF-8"?>
<!-- Generated by org.testng.reporters.JUnitXMLReporter -->
<testsuite ignored="0" hostname="DESKTOP-VSRDP48" failures="1" tests="1" name="Surefire test" time="28.854" errors="0" timestamp="2026-07-09T17:54:42 IST">
  <testcase classname="com.automation.tests.OnboardingTest" name="testSuccessfulOnboarding" time="16.89">
    <failure type="java.lang.AssertionError" message="Dashboard failed to load! expected [true] but found [false]">
      <![CDATA[java.lang.AssertionError: Dashboard failed to load! expected [true] but found [false]
at com.automation.tests.OnboardingTest.testSuccessfulOnboarding(OnboardingTest.java:37)
at java.base/java.util.ArrayList.forEach(ArrayList.java:1596)
... Removed 33 stack frames]]>
    </failure>
  </testcase> <!-- testSuccessfulOnboarding -->
</testsuite> <!-- Surefire test -->
