<?xml version="1.0" encoding="UTF-8"?>
<!-- Generated by org.testng.reporters.JUnitXMLReporter -->
<testsuite ignored="0" hostname="DESKTOP-VSRDP48" failures="1" tests="2" name="Onboarding Workflows" time="72.908" errors="0" timestamp="2026-07-03T13:10:51 IST">
  <testcase classname="com.automation.tests.OnboardingTest" name="testFailedLoginWithInvalidCredentials" time="2.527"/>
  <testcase classname="com.automation.tests.OnboardingTest" name="testSuccessfulOnboarding" time="50.341">
    <failure type="java.lang.AssertionError" message="Failed to submit onboarding request or open a new tab with NPI: 1780658039 expected [true] but found [false]">
      <![CDATA[java.lang.AssertionError: Failed to submit onboarding request or open a new tab with NPI: 1780658039 expected [true] but found [false]
at com.automation.tests.OnboardingTest.testSuccessfulOnboarding(OnboardingTest.java:92)
at java.base/java.util.ArrayList.forEach(ArrayList.java:1596)
... Removed 32 stack frames]]>
    </failure>
  </testcase> <!-- testSuccessfulOnboarding -->
</testsuite> <!-- Onboarding Workflows -->
