<?xml version="1.0" encoding="UTF-8"?>
<!-- Generated by org.testng.reporters.JUnitXMLReporter -->
<testsuite ignored="2" hostname="DESKTOP-VSRDP48" failures="0" tests="11" name="Onboarding Workflows" time="382.052" errors="0" timestamp="2026-07-07T15:50:09 IST">
  <testcase classname="com.automation.tests.LoginTest" name="testFailedLoginWithBlankEmailAndBlankPassword" time="6.367"/>
  <testcase classname="com.automation.tests.LoginTest" name="testFailedLoginWithBlankEmailAndValidPassword" time="6.288"/>
  <testcase classname="com.automation.tests.LoginTest" name="testFailedLoginWithInvalidCredentials" time="1.96"/>
  <testcase classname="com.automation.tests.LoginTest" name="testFailedLoginWithInvalidEmailAndValidPassword" time="2.263"/>
  <testcase classname="com.automation.tests.LoginTest" name="testFailedLoginWithInvalidEmailFormat" time="5.89"/>
  <testcase classname="com.automation.tests.LoginTest" name="testFailedLoginWithLongInputs" time="7.407"/>
  <testcase classname="com.automation.tests.LoginTest" name="testFailedLoginWithSqlInjectionEmail" time="6.108"/>
  <testcase classname="com.automation.tests.LoginTest" name="testFailedLoginWithValidEmailAndBlankPassword" time="5.831"/>
  <testcase classname="com.automation.tests.LoginTest" name="testFailedLoginWithValidEmailAndInvalidPassword" time="1.921"/>
  <testcase classname="com.automation.tests.LoginTest" name="testSuccessfulLogin" time="5.34"/>
  <testcase classname="com.automation.tests.OnboardingTest" name="testSuccessfulOnboarding" time="224.766"/>
  <testcase classname="com.automation.tests.BaseTest" name="@AfterSuite tearDownSuite" time="0.0">
    <ignored/>
  </testcase> <!-- @AfterSuite tearDownSuite -->
  <testcase classname="com.automation.tests.BaseTest" name="@BeforeSuite setupSuite" time="0.0">
    <ignored/>
  </testcase> <!-- @BeforeSuite setupSuite -->
</testsuite> <!-- Onboarding Workflows -->
