<?xml version="1.0" encoding="UTF-8"?>
<testsuite xmlns:xsi="http://www.w3.org/2001/XMLSchema-instance" xsi:noNamespaceSchemaLocation="https://maven.apache.org/surefire/maven-surefire-plugin/xsd/surefire-test-report-3.0.xsd" version="3.0" name="com.automation.tests.OnboardingTest" time="285.668" tests="1" errors="0" skipped="0" failures="0">
  <properties>
[...]
</properties>
  <testcase name="testSuccessfulOnboarding" classname="com.automation.tests.OnboardingTest" time="271.207">
    <system-out><![CDATA[2026-07-10 08:52:05 [main] INFO  com.automation.utils.ReportUtils - Initializing ExtentReports...
2026-07-10 08:52:06 [main] INFO  com.automation.tests.BaseTest - Test suite configuration initialized.
2026-07-10 08:52:06 [main] INFO  com.automation.utils.ReportUtils - Started report test: 'testSuccessfulOnboarding'
2026-07-10 08:52:06 [main] INFO  com.automation.utils.ConfigReader - Configuration properties loaded successfully.
2026-07-10 08:52:06 [main] INFO  com.automation.tests.BaseTest - Initializing browser: chrome (Headless: false)
2026-07-10 08:52:09 [main] INFO  com.automation.tests.BaseTest - Navigating to URL: http://mumbai.staging-provider-passport.s3-website.ap-south-1.amazonaws.com/#/auth/login
2026-07-10 08:52:16 [main] INFO  com.automation.utils.ReportUtils - Logging in with user: alokbind4733@gmail.com
2026-07-10 08:52:16 [main] INFO  com.automation.utils.ElementUtils - Waiting for element By.xpath: //button[contains(., 'Password')] | //span[contains(text(), 'Password')] | //*[text()='Password'] to be clickable (Timeout: 30s)
2026-07-10 08:52:16 [main] INFO  com.automation.utils.ElementUtils - Clicking on element By.xpath: //button[contains(., 'Password')] | //span[contains(text(), 'Password')] | //*[text()='Password']
2026-07-10 08:52:17 [main] INFO  com.automation.utils.ElementUtils - Clearing and typing 'alokbind4733@gmail.com' in element By.xpath: //input[@type='email' or @placeholder='email@example.com' or contains(@placeholder, 'email')]
2026-07-10 08:52:17 [main] INFO  com.automation.utils.ElementUtils - Waiting for element By.xpath: //input[@type='email' or @placeholder='email@example.com' or contains(@placeholder, 'email')] to be visible (Timeout: 30s)
2026-07-10 08:52:17 [main] INFO  com.automation.utils.ElementUtils - Clearing and typing 'Test@Krenai' in element By.xpath: //input[@type='password' or @placeholder='Enter Password' or contains(@placeholder, 'Password')]
2026-07-10 08:52:17 [main] INFO  com.automation.utils.ElementUtils - Waiting for element By.xpath: //input[@type='password' or @placeholder='Enter Password' or contains(@placeholder, 'Password')] to be visible (Timeout: 30s)
2026-07-10 08:52:17 [main] INFO  com.automation.utils.ElementUtils - Waiting for element By.xpath: //button[contains(., 'Sign In') or contains(., 'Sign in') or contains(@class, 'Sign')] to be clickable (Timeout: 30s)
2026-07-10 08:52:18 [main] INFO  com.automation.utils.ElementUtils - Clicking on element By.xpath: //button[contains(., 'Sign In') or contains(., 'Sign in') or contains(@class, 'Sign')]
2026-07-10 08:52:18 [main] INFO  com.automation.utils.ReportUtils - Verifying successful login...
2026-07-10 08:52:18 [main] INFO  com.automation.utils.ElementUtils - Checking visibility of element By.xpath: //*[text()='Tasks to do'] | //*[text()='Provider Overview'] | //*[contains(text(), 'Alok Bind')]
2026-07-10 08:52:18 [main] INFO  com.automation.utils.ElementUtils - Waiting for element By.xpath: //*[text()='Tasks to do'] | //*[text()='Provider Overview'] | //*[contains(text(), 'Alok Bind')] to be visible (Timeout: 30s)
2026-07-10 08:52:22 [main] INFO  com.automation.utils.ReportUtils - [PASS] Successfully logged in and reached the Dashboard.
2026-07-10 08:52:22 [main] INFO  com.automation.utils.ReportUtils - Navigating to Staff -> Providers...
2026-07-10 08:52:22 [main] INFO  com.automation.utils.ElementUtils - Waiting for element By.xpath: //*[contains(text(), 'Staff')] to be clickable (Timeout: 30s)
2026-07-10 08:52:22 [main] INFO  com.automation.utils.ElementUtils - Waiting for element By.xpath: //*[contains(text(), 'Providers')] to be clickable (Timeout: 30s)
2026-07-10 08:52:22 [main] INFO  com.automation.utils.ElementUtils - Clicking on element By.xpath: //*[contains(text(), 'Providers')]
2026-07-10 08:52:23 [main] INFO  com.automation.utils.ElementUtils - Checking visibility of element By.xpath: //*[contains(text(), 'Active Providers')]
2026-07-10 08:52:23 [main] INFO  com.automation.utils.ElementUtils - Waiting for element By.xpath: //*[contains(text(), 'Active Providers')] to be visible (Timeout: 30s)
2026-07-10 08:52:27 [main] INFO  com.automation.utils.ReportUtils - [PASS] Navigated to Providers page.
2026-07-10 08:52:27 [main] INFO  com.automation.pages.ProvidersPage - Checking if provider with NPI 1780658039 is in In Process list...
2026-07-10 08:52:27 [main] INFO  com.automation.utils.ElementUtils - Waiting for element By.id: nav-process-tab to be clickable (Timeout: 5s)
2026-07-10 08:52:27 [main] INFO  com.automation.utils.ElementUtils - Clicking on element By.id: nav-process-tab
2026-07-10 08:52:29 [main] INFO  com.automation.pages.ProvidersPage - Found 5 total rows in In Process table
2026-07-10 08:52:29 [main] INFO  com.automation.pages.ProvidersPage - Row 0: 
2026-07-10 08:52:29 [main] INFO  com.automation.pages.ProvidersPage - Row 1: Provider Name | Title | NPI Number | Phone | Provider Email | Processed Date | Processed By | Onboarding Workflow | Actions
2026-07-10 08:52:29 [main] INFO  com.automation.pages.ProvidersPage - Row 2: Alexandre Aalam | -- | 1780658039 | (555)-817-0616 | auto_prov_66625@gmail.com | 07-10-2026 | Alok Bind | Complete_test_onboarding_workflow
2026-07-10 08:52:29 [main] INFO  com.automation.pages.ProvidersPage - Row 3: 
2026-07-10 08:52:29 [main] INFO  com.automation.pages.ProvidersPage - Row 4: 
2026-07-10 08:52:29 [main] INFO  com.automation.pages.ProvidersPage - Provider with NPI 1780658039 found in In Process list. Deleting...
2026-07-10 08:52:29 [main] INFO  com.automation.utils.ElementUtils - Waiting for element By.xpath: //tr[td[contains(., '1780658039')]]//a[p[@mattooltip='Delete Provider']] | //tr[td[contains(., '1780658039')]]//img[contains(@src, 'Delete') or contains(@src, 'delete')]/parent::a | //tr[contains(., '1780658039')]//a[contains(., 'Delete') or .//img[contains(@src, 'delete')]] to be clickable (Timeout: 30s)
2026-07-10 08:52:29 [main] INFO  com.automation.utils.ElementUtils - Clicking on element By.xpath: //tr[td[contains(., '1780658039')]]//a[p[@mattooltip='Delete Provider']] | //tr[td[contains(., '1780658039')]]//img[contains(@src, 'Delete') or contains(@src, 'delete')]/parent::a | //tr[contains(., '1780658039')]//a[contains(., 'Delete') or .//img[contains(@src, 'delete')]]
2026-07-10 08:52:31 [main] INFO  com.automation.utils.ElementUtils - Waiting for element By.xpath: //div[@id='deleteModel']//button[contains(@class, 'btnmarkdelete')] | //button[contains(@class, 'btnmarkdelete')] to be clickable (Timeout: 30s)
2026-07-10 08:52:31 [main] INFO  com.automation.utils.ElementUtils - Clicking on element By.xpath: //div[@id='deleteModel']//button[contains(@class, 'btnmarkdelete')] | //button[contains(@class, 'btnmarkdelete')]
2026-07-10 08:52:32 [main] INFO  com.automation.pages.ProvidersPage - Delete confirmation clicked.
2026-07-10 08:52:35 [main] INFO  com.automation.utils.ElementUtils - Waiting for element By.xpath: //button[contains(., 'Active Providers')] | //button[contains(text(), 'Active')] to be clickable (Timeout: 5s)
2026-07-10 08:52:35 [main] INFO  com.automation.utils.ElementUtils - Clicking on element By.xpath: //button[contains(., 'Active Providers')] | //button[contains(text(), 'Active')]
2026-07-10 08:52:36 [main] INFO  com.automation.utils.ReportUtils - Selecting location: Dark Knight Oso Inc
2026-07-10 08:52:36 [main] INFO  com.automation.utils.ElementUtils - Opening dropdown By.xpath: //*[contains(text(), 'Locations') or contains(text(), 'Knight') or contains(text(), 'Oso')] and selecting option containing 'Dark Knight Oso Inc'
2026-07-10 08:52:36 [main] INFO  com.automation.utils.ElementUtils - Found 4 potential dropdown trigger elements matching By.xpath: //*[contains(text(), 'Locations') or contains(text(), 'Knight') or contains(text(), 'Oso')]
2026-07-10 08:52:36 [main] INFO  com.automation.utils.ElementUtils - Trigger [0]: Tag='span', Text='All Locations', Class='LctnSelection', Displayed=true
2026-07-10 08:52:36 [main] INFO  com.automation.utils.ElementUtils - Trigger [1]: Tag='h1', Text='', Class='modal-title', Displayed=false
2026-07-10 08:52:36 [main] INFO  com.automation.utils.ElementUtils - Trigger [2]: Tag='button', Text='', Class='invite-btn active', Displayed=false
2026-07-10 08:52:36 [main] INFO  com.automation.utils.ElementUtils - Trigger [3]: Tag='button', Text='', Class='invite-btn', Displayed=false
2026-07-10 08:52:36 [main] INFO  com.automation.utils.ElementUtils - Attempt 1 to click dropdown trigger...
2026-07-10 08:52:36 [main] INFO  com.automation.utils.ElementUtils - Waiting for element By.xpath: //*[contains(text(), 'Locations') or contains(text(), 'Knight') or contains(text(), 'Oso')] to be clickable (Timeout: 5s)
2026-07-10 08:52:37 [main] INFO  com.automation.utils.ElementUtils - Clicking on element By.xpath: //*[contains(text(), 'Locations') or contains(text(), 'Knight') or contains(text(), 'Oso')]
2026-07-10 08:52:37 [main] INFO  com.automation.utils.ElementUtils - Dropdown opened successfully. Option is now visible.
2026-07-10 08:52:37 [main] INFO  com.automation.utils.ElementUtils - Found 1 option elements matching By.xpath: //*[contains(text(), 'Dark Knight Oso Inc')] (Attempt 1)
2026-07-10 08:52:37 [main] INFO  com.automation.utils.ElementUtils - Checking option: Text='Dark Knight Oso Inc', Displayed=true
2026-07-10 08:52:38 [main] INFO  com.automation.utils.ElementUtils - Clicking option containing 'Dark Knight Oso Inc'
2026-07-10 08:52:38 [main] INFO  com.automation.pages.ProvidersPage - Waiting for location dropdown trigger text to update to 'Dark Knight Oso Inc'...
2026-07-10 08:52:38 [main] INFO  com.automation.pages.ProvidersPage - Location successfully selected and trigger text updated.
2026-07-10 08:52:38 [main] INFO  com.automation.utils.ReportUtils - [PASS] Location selected successfully.
2026-07-10 08:52:38 [main] INFO  com.automation.utils.ReportUtils - Clicking + Add Provider...
2026-07-10 08:52:38 [main] INFO  com.automation.pages.ProvidersPage - Attempt 1 to click + Add Provider button...
2026-07-10 08:52:38 [main] INFO  com.automation.utils.ElementUtils - Waiting for element By.xpath: //button[contains(., 'Add Provider')] | //span[contains(text(), 'Add Provider')] | //*[contains(text(), 'Add Provider') and contains(@class, 'button')] to be clickable (Timeout: 5s)
2026-07-10 08:52:38 [main] INFO  com.automation.utils.ElementUtils - Clicking on element By.xpath: //button[contains(., 'Add Provider')] | //span[contains(text(), 'Add Provider')] | //*[contains(text(), 'Add Provider') and contains(@class, 'button')]
2026-07-10 08:52:42 [main] WARN  com.automation.pages.ProvidersPage - Modal did not open on attempt 1. Retrying click...
2026-07-10 08:52:42 [main] INFO  com.automation.pages.ProvidersPage - Attempt 2 to click + Add Provider button...
2026-07-10 08:52:42 [main] INFO  com.automation.utils.ElementUtils - Waiting for element By.xpath: //button[contains(., 'Add Provider')] | //span[contains(text(), 'Add Provider')] | //*[contains(text(), 'Add Provider') and contains(@class, 'button')] to be clickable (Timeout: 5s)
2026-07-10 08:52:42 [main] INFO  com.automation.utils.ElementUtils - Clicking on element By.xpath: //button[contains(., 'Add Provider')] | //span[contains(text(), 'Add Provider')] | //*[contains(text(), 'Add Provider') and contains(@class, 'button')]
2026-07-10 08:52:44 [main] INFO  com.automation.pages.ProvidersPage - Add Provider modal opened successfully.
2026-07-10 08:52:44 [main] INFO  com.automation.utils.ReportUtils - Selecting onboarding workflow: Complete_Test_Onboarding_Workflow
2026-07-10 08:52:44 [main] INFO  com.automation.utils.ElementUtils - Opening dropdown By.xpath: //*[contains(text(), 'Select Onboarding Workflow')]/following::div[@class='selected-list'][1] | //div[@class='selected-list'] and selecting option containing 'Complete_Test_Onboarding_Workflow'
2026-07-10 08:52:44 [main] INFO  com.automation.utils.ElementUtils - Found 2 potential dropdown trigger elements matching By.xpath: //*[contains(text(), 'Select Onboarding Workflow')]/following::div[@class='selected-list'][1] | //div[@class='selected-list']
2026-07-10 08:52:44 [main] INFO  com.automation.utils.ElementUtils - Trigger [0]: Tag='div', Text='test flow F', Class='selected-list', Displayed=true
2026-07-10 08:52:44 [main] INFO  com.automation.utils.ElementUtils - Trigger [1]: Tag='div', Text='', Class='selected-list', Displayed=false
2026-07-10 08:52:44 [main] INFO  com.automation.utils.ElementUtils - Attempt 1 to click dropdown trigger...
2026-07-10 08:52:44 [main] INFO  com.automation.utils.ElementUtils - Waiting for element By.xpath: //*[contains(text(), 'Select Onboarding Workflow')]/following::div[@class='selected-list'][1] | //div[@class='selected-list'] to be clickable (Timeout: 5s)
2026-07-10 08:52:45 [main] INFO  com.automation.utils.ElementUtils - Clicking on element By.xpath: //*[contains(text(), 'Select Onboarding Workflow')]/following::div[@class='selected-list'][1] | //div[@class='selected-list']
2026-07-10 08:52:45 [main] INFO  com.automation.utils.ElementUtils - Dropdown opened successfully. Option is now visible.
2026-07-10 08:52:45 [main] INFO  com.automation.utils.ElementUtils - Found 1 option elements matching By.xpath: //*[contains(text(), 'Complete_Test_Onboarding_Workflow')] (Attempt 1)
2026-07-10 08:52:45 [main] INFO  com.automation.utils.ElementUtils - Checking option: Text='Complete_Test_Onboarding_Workflow', Displayed=true
2026-07-10 08:52:45 [main] INFO  com.automation.utils.ElementUtils - Clicking option containing 'Complete_Test_Onboarding_Workflow'
2026-07-10 08:52:46 [main] INFO  com.automation.pages.AddProviderModal - Clicking workflow dropdown trigger again to close the overlay options list...
2026-07-10 08:52:46 [main] INFO  com.automation.utils.ElementUtils - Waiting for element By.xpath: //*[contains(text(), 'Select Onboarding Workflow')]/following::div[@class='selected-list'][1] | //div[@class='selected-list'] to be clickable (Timeout: 5s)
2026-07-10 08:52:46 [main] INFO  com.automation.utils.ElementUtils - Clicking on element By.xpath: //*[contains(text(), 'Select Onboarding Workflow')]/following::div[@class='selected-list'][1] | //div[@class='selected-list']
2026-07-10 08:52:46 [main] INFO  com.automation.utils.ReportUtils - Selecting 'Add Provider' option...
2026-07-10 08:52:46 [main] INFO  com.automation.utils.ElementUtils - Waiting for element By.xpath: //div[contains(@class, 'modal')]//*[text()='Add Provider']/parent::div | //div[contains(@class, 'modal')]//*[text()='Add Provider'] | //div[contains(@class, 'modal')]//p[text()='Add Provider'] to be visible (Timeout: 30s)
2026-07-10 08:52:46 [main] INFO  com.automation.utils.ElementUtils - Clicking on element By.xpath: //div[contains(@class, 'modal')]//*[text()='Add Provider']/parent::div | //div[contains(@class, 'modal')]//*[text()='Add Provider'] | //div[contains(@class, 'modal')]//p[text()='Add Provider'] using JavaScript
2026-07-10 08:52:46 [main] INFO  com.automation.utils.ReportUtils - Clicking Next...
2026-07-10 08:52:46 [main] INFO  com.automation.utils.ElementUtils - Waiting for element By.xpath: //button[contains(., 'Next')] | //span[contains(text(), 'Next')] | //button[contains(text(), 'Next')] to be clickable (Timeout: 30s)
2026-07-10 08:52:46 [main] INFO  com.automation.utils.ElementUtils - Clicking on element By.xpath: //button[contains(., 'Next')] | //span[contains(text(), 'Next')] | //button[contains(text(), 'Next')]
2026-07-10 08:52:47 [main] INFO  com.automation.utils.ReportUtils - [PASS] Successfully configured workflow and moved to details step.
2026-07-10 08:52:47 [main] INFO  com.automation.utils.ReportUtils - Selecting first privilege option...
2026-07-10 08:52:47 [main] INFO  com.automation.pages.AddProviderModal - Opening Privileges dropdown and selecting option containing 'Allergy'...
2026-07-10 08:52:47 [main] INFO  com.automation.pages.AddProviderModal - Attempt 1 to click privileges dropdown...
2026-07-10 08:52:47 [main] INFO  com.automation.utils.ElementUtils - Waiting for element By.xpath: //*[contains(text(), 'Privileges') or contains(text(), 'privilege')]/following::div[contains(@class, 'selected-list')][1] to be clickable (Timeout: 5s)
2026-07-10 08:52:47 [main] INFO  com.automation.utils.ElementUtils - Clicking on element By.xpath: //*[contains(text(), 'Privileges') or contains(text(), 'privilege')]/following::div[contains(@class, 'selected-list')][1]
2026-07-10 08:52:50 [main] WARN  com.automation.pages.AddProviderModal - Target option not visible after click attempt 1. Retrying click...
2026-07-10 08:52:50 [main] INFO  com.automation.pages.AddProviderModal - Attempt 2 to click privileges dropdown...
2026-07-10 08:52:50 [main] INFO  com.automation.utils.ElementUtils - Waiting for element By.xpath: //*[contains(text(), 'Privileges') or contains(text(), 'privilege')]/following::div[contains(@class, 'selected-list')][1] to be clickable (Timeout: 5s)
2026-07-10 08:52:50 [main] INFO  com.automation.utils.ElementUtils - Clicking on element By.xpath: //*[contains(text(), 'Privileges') or contains(text(), 'privilege')]/following::div[contains(@class, 'selected-list')][1]
2026-07-10 08:52:51 [main] INFO  com.automation.pages.AddProviderModal - Privileges dropdown opened and target option is visible.
2026-07-10 08:52:51 [main] INFO  com.automation.pages.AddProviderModal - Selecting option containing 'Allergy': 'Allergy/Immunology Clinical Privileges'
2026-07-10 08:52:52 [main] INFO  com.automation.pages.AddProviderModal - Dropdown overlay is still open. Clicking trigger to close...
2026-07-10 08:52:52 [main] INFO  com.automation.utils.ElementUtils - Waiting for element By.xpath: //*[contains(text(), 'Privileges') or contains(text(), 'privilege')]/following::div[contains(@class, 'selected-list')][1] to be clickable (Timeout: 5s)
2026-07-10 08:52:52 [main] INFO  com.automation.utils.ElementUtils - Clicking on element By.xpath: //*[contains(text(), 'Privileges') or contains(text(), 'privilege')]/following::div[contains(@class, 'selected-list')][1]
2026-07-10 08:52:52 [main] INFO  com.automation.pages.AddProviderModal - Privileges dropdown overlay closed successfully.
2026-07-10 08:52:52 [main] INFO  com.automation.utils.ReportUtils - Entering Provider Details. NPI: 1780658039, First Name: AutoFn16626, Last Name: AutoLn16626
2026-07-10 08:52:53 [main] INFO  com.automation.pages.AddProviderModal - Typing NPI: 1780658039
2026-07-10 08:52:53 [main] INFO  com.automation.pages.AddProviderModal - Successfully typed '1780658039' in visible element By.xpath: //div[contains(@class, 'modal')]//input[@name='npi' or contains(@placeholder, 'NPI') or @id='npi' or contains(@name, 'npi')] | //input[@name='npi' or contains(@placeholder, 'NPI') or @id='npi' or contains(@name, 'npi')]
2026-07-10 08:52:53 [main] INFO  com.automation.pages.AddProviderModal - Waiting for NPPES auto-fill lookup to populate names...
2026-07-10 08:52:56 [main] INFO  com.automation.pages.AddProviderModal - NPPES auto-fill lookup detected. First Name: 'Alexandre'
2026-07-10 08:52:56 [main] INFO  com.automation.pages.AddProviderModal - Syncing React/Angular state for auto-filled names: 'Alexandre', 'Aalam'
2026-07-10 08:52:57 [main] INFO  com.automation.pages.AddProviderModal - Successfully typed 'Alexandre' in visible element By.xpath: //div[contains(@class, 'modal')]//input[@name='firstName' or contains(@placeholder, 'First Name') or @id='firstName' or contains(@name, 'first')] | //input[@name='firstName' or contains(@placeholder, 'First Name') or @id='firstName' or contains(@name, 'first')]
2026-07-10 08:52:57 [main] INFO  com.automation.pages.AddProviderModal - Successfully typed 'Aalam' in visible element By.xpath: //div[contains(@class, 'modal')]//input[@name='lastName' or contains(@placeholder, 'Last Name') or @id='lastName' or contains(@name, 'last')] | //input[@name='lastName' or contains(@placeholder, 'Last Name') or @id='lastName' or contains(@name, 'last')]
2026-07-10 08:52:57 [main] INFO  com.automation.utils.ReportUtils - Submitting Provider Onboarding request for NPI: 1780658039
2026-07-10 08:52:57 [main] INFO  com.automation.pages.AddProviderModal - Waiting for Add button to be clickable...
2026-07-10 08:52:58 [main] INFO  com.automation.pages.AddProviderModal - Add button is enabled, performing robust click...
2026-07-10 08:52:58 [main] INFO  com.automation.utils.ElementUtils - Waiting for element By.xpath: //div[contains(@class, 'modal') and contains(@class, 'show')]//button[text()='ADD' or contains(text(), 'ADD') or contains(., 'ADD') or contains(text(), 'Add')] to be clickable (Timeout: 30s)
2026-07-10 08:52:58 [main] INFO  com.automation.utils.ElementUtils - Clicking on element By.xpath: //div[contains(@class, 'modal') and contains(@class, 'show')]//button[text()='ADD' or contains(text(), 'ADD') or contains(., 'ADD') or contains(text(), 'Add')]
2026-07-10 08:53:01 [main] INFO  com.automation.utils.ReportUtils - [PASS] Successfully submitted onboarding request with NPI: 1780658039
2026-07-10 08:53:01 [main] INFO  com.automation.utils.ReportUtils - Switching to the newly opened onboarding tab...
2026-07-10 08:53:01 [main] INFO  com.automation.pages.ProviderFormPage - Waiting for new tab to open...
2026-07-10 08:53:01 [main] INFO  com.automation.pages.ProviderFormPage - Switched to new tab. Title: 'Provider Passport', URL: 'http://mumbai.staging-provider-passport.s3-website.ap-south-1.amazonaws.com/#/provider-onboarding/personal-information?type=License&workflow=306&providerNpi=1780658039'
2026-07-10 08:53:01 [main] INFO  com.automation.utils.ElementUtils - Checking visibility of element By.xpath: //input[contains(@placeholder, 'SSN') or @name='ssn' or contains(@id, 'ssn')]
2026-07-10 08:53:01 [main] INFO  com.automation.utils.ElementUtils - Waiting for element By.xpath: //input[contains(@placeholder, 'SSN') or @name='ssn' or contains(@id, 'ssn')] to be visible (Timeout: 30s)
2026-07-10 08:53:01 [main] INFO  com.automation.utils.ReportUtils - [PASS] Successfully switched to the Provider Form Page.
2026-07-10 08:53:01 [main] INFO  com.automation.utils.ReportUtils - Filling out Provider Form Details. SSN: 999002584, Email: auto_prov_90941@gmail.com, DOB: 01011990, Phone: 5556647334, Gender: Male, Certifying Board: Academy of Lactation
2026-07-10 08:53:01 [main] INFO  com.automation.pages.onboarding.PersonalInformationPage - Filling Basic Information form: SSN='999002584', Email='auto_prov_90941@gmail.com', DOB='01011990', Phone='5556647334', Gender='Male'
2026-07-10 08:53:01 [main] INFO  com.automation.utils.ElementUtils - Clearing and typing '999002584' in element By.xpath: //input[contains(@placeholder, 'SSN') or @name='ssn' or contains(@id, 'ssn')]
2026-07-10 08:53:01 [main] INFO  com.automation.utils.ElementUtils - Waiting for element By.xpath: //input[contains(@placeholder, 'SSN') or @name='ssn' or contains(@id, 'ssn')] to be visible (Timeout: 30s)
2026-07-10 08:53:01 [main] INFO  com.automation.utils.ElementUtils - Clearing and typing 'auto_prov_90941@gmail.com' in element By.xpath: //input[contains(@placeholder, 'Email Address') or @name='email' or @placeholder='Enter Email Address']
2026-07-10 08:53:01 [main] INFO  com.automation.utils.ElementUtils - Waiting for element By.xpath: //input[contains(@placeholder, 'Email Address') or @name='email' or @placeholder='Enter Email Address'] to be visible (Timeout: 30s)
2026-07-10 08:53:02 [main] INFO  com.automation.utils.ElementUtils - Clearing and typing '01011990' in element By.xpath: //input[contains(@placeholder, 'MM') or contains(@placeholder, 'DD') or @placeholder='MM / DD / YYYY' or @type='date']
2026-07-10 08:53:02 [main] INFO  com.automation.utils.ElementUtils - Waiting for element By.xpath: //input[contains(@placeholder, 'MM') or contains(@placeholder, 'DD') or @placeholder='MM / DD / YYYY' or @type='date'] to be visible (Timeout: 30s)
2026-07-10 08:53:02 [main] INFO  com.automation.utils.ElementUtils - Setting date value via JS: 1990-01-01
2026-07-10 08:53:02 [main] INFO  com.automation.utils.ElementUtils - Clearing and typing '5556647334' in element By.xpath: //input[@name='phone' or contains(@placeholder, 'Phone Number')]
2026-07-10 08:53:02 [main] INFO  com.automation.utils.ElementUtils - Waiting for element By.xpath: //input[@name='phone' or contains(@placeholder, 'Phone Number')] to be visible (Timeout: 30s)
2026-07-10 08:53:02 [main] INFO  com.automation.pages.onboarding.PersonalInformationPage - Selecting Gender: Male
2026-07-10 08:53:02 [main] INFO  com.automation.utils.ElementUtils - Dropdown By.id: genderSelectBox is already selected with 'Male'. Skipping selection.
2026-07-10 08:53:02 [main] INFO  com.automation.pages.onboarding.PersonalInformationPage - Scrolling page to the bottom...
2026-07-10 08:53:03 [main] INFO  com.automation.pages.onboarding.PersonalInformationPage - Found 1 board certified Yes radio labels
2026-07-10 08:53:03 [main] INFO  com.automation.pages.onboarding.PersonalInformationPage - Selecting Board Certified: Yes for taxonomy index 0
2026-07-10 08:53:06 [main] INFO  com.automation.pages.onboarding.PersonalInformationPage - Selecting Certifying Board for taxonomy index 0: Academy of Lactation
2026-07-10 08:53:06 [main] INFO  com.automation.utils.ElementUtils - Opening dropdown By.id: boardNameSelectBox0 and selecting option containing 'Academy of Lactation'
2026-07-10 08:53:06 [main] INFO  com.automation.utils.ElementUtils - Found 1 potential dropdown trigger elements matching By.id: boardNameSelectBox0
2026-07-10 08:53:06 [main] INFO  com.automation.utils.ElementUtils - Trigger [0]: Tag='angular2-multiselect', Text='American Board of Periodontology', Class='onboarding_select hide-overflow-data ng-untouched ng-pristine ng-valid', Displayed=true
2026-07-10 08:53:06 [main] INFO  com.automation.utils.ElementUtils - Attempt 1 to click dropdown trigger...
2026-07-10 08:53:06 [main] INFO  com.automation.utils.ElementUtils - Waiting for element By.id: boardNameSelectBox0 to be clickable (Timeout: 5s)
2026-07-10 08:53:06 [main] INFO  com.automation.utils.ElementUtils - Clicking on element By.id: boardNameSelectBox0
2026-07-10 08:53:06 [main] INFO  com.automation.utils.ElementUtils - Dropdown opened successfully. Option is now visible.
2026-07-10 08:53:07 [main] INFO  com.automation.utils.ElementUtils - Found 15 option elements matching By.xpath: //angular2-multiselect[@id='boardNameSelectBox0']//li (Attempt 1)
2026-07-10 08:53:07 [main] INFO  com.automation.utils.ElementUtils - Checking option: Text='Academy of Lactation Policy and Practice Certification', Displayed=true
2026-07-10 08:53:07 [main] INFO  com.automation.utils.ElementUtils - Clicking option containing 'Academy of Lactation'
2026-07-10 08:53:07 [main] INFO  com.automation.pages.onboarding.PersonalInformationPage - Found 1 taxonomy state dropdowns
2026-07-10 08:53:07 [main] INFO  com.automation.pages.onboarding.PersonalInformationPage - Taxonomy state index 0 text: 'Arizona'
2026-07-10 08:53:07 [main] INFO  com.automation.utils.ReportUtils - Clicking Save & Next...
2026-07-10 08:53:07 [main] INFO  com.automation.pages.onboarding.PersonalInformationPage - Clicking Save & Next button...
2026-07-10 08:53:07 [main] INFO  com.automation.utils.ElementUtils - Waiting for element By.xpath: //button[contains(., 'Save & Next') or contains(text(), 'Save & Next')] to be clickable (Timeout: 30s)
2026-07-10 08:53:07 [main] INFO  com.automation.utils.ElementUtils - Clicking on element By.xpath: //button[contains(., 'Save & Next') or contains(text(), 'Save & Next')]
2026-07-10 08:53:07 [main] INFO  com.automation.utils.ReportUtils - Waiting for Additional Basic Information page to load...
2026-07-10 08:53:10 [main] INFO  com.automation.utils.ReportUtils - Saved page source for Additional Basic Information page to target/additional_basic_info.html
2026-07-10 08:53:10 [main] INFO  com.automation.utils.ReportUtils - Filling Additional Basic Information form details: Street='123 Main St', State='California', City='Los Angeles', Zip='90001'
2026-07-10 08:53:10 [main] INFO  com.automation.pages.onboarding.AdditionalBasicInfoPage - Filling Additional Basic Information: Street1='123 Main St', State='California', City='Los Angeles', Zip='90001'
2026-07-10 08:53:10 [main] INFO  com.automation.utils.ElementUtils - Clearing and typing '123 Main St' in element By.id: homeline1
2026-07-10 08:53:10 [main] INFO  com.automation.utils.ElementUtils - Waiting for element By.id: homeline1 to be visible (Timeout: 30s)
2026-07-10 08:53:11 [main] WARN  com.automation.utils.ElementUtils - Stale element reference for By.id: homeline1 on attempt 1. Retrying...
2026-07-10 08:53:11 [main] INFO  com.automation.utils.ElementUtils - Waiting for element By.id: homeline1 to be visible (Timeout: 30s)
2026-07-10 08:53:11 [main] INFO  com.automation.pages.onboarding.AdditionalBasicInfoPage - Selecting State: California
2026-07-10 08:53:11 [main] INFO  com.automation.utils.ElementUtils - Opening dropdown By.xpath: //angular2-multiselect[@name='updateStateName'] and selecting option containing 'California'
2026-07-10 08:53:12 [main] INFO  com.automation.utils.ElementUtils - Found 1 potential dropdown trigger elements matching By.xpath: //angular2-multiselect[@name='updateStateName']
2026-07-10 08:53:12 [main] INFO  com.automation.utils.ElementUtils - Trigger [0]: Tag='angular2-multiselect', Text='Select State', Class='ng-untouched ng-pristine ng-invalid', Displayed=true
2026-07-10 08:53:12 [main] INFO  com.automation.utils.ElementUtils - Attempt 1 to click dropdown trigger...
2026-07-10 08:53:12 [main] INFO  com.automation.utils.ElementUtils - Waiting for element By.xpath: //angular2-multiselect[@name='updateStateName'] to be clickable (Timeout: 5s)
2026-07-10 08:53:12 [main] INFO  com.automation.utils.ElementUtils - Clicking on element By.xpath: //angular2-multiselect[@name='updateStateName']
2026-07-10 08:53:13 [main] WARN  com.automation.utils.ElementUtils - Standard click failed on By.xpath: //angular2-multiselect[@name='updateStateName'], retrying using Actions click...
2026-07-10 08:53:15 [main] WARN  com.automation.utils.ElementUtils - Option not visible after click attempt 1. Retrying...
2026-07-10 08:53:15 [main] INFO  com.automation.utils.ElementUtils - Attempt 2 to click dropdown trigger...
2026-07-10 08:53:15 [main] INFO  com.automation.utils.ElementUtils - Waiting for element By.xpath: //angular2-multiselect[@name='updateStateName'] to be clickable (Timeout: 5s)
2026-07-10 08:53:15 [main] INFO  com.automation.utils.ElementUtils - Clicking on element By.xpath: //angular2-multiselect[@name='updateStateName']
2026-07-10 08:53:16 [main] INFO  com.automation.utils.ElementUtils - Dropdown opened successfully. Option is now visible.
2026-07-10 08:53:17 [main] INFO  com.automation.utils.ElementUtils - Found 62 option elements matching By.xpath: //angular2-multiselect[@name='updateStateName']//li (Attempt 1)
2026-07-10 08:53:17 [main] INFO  com.automation.utils.ElementUtils - Checking option: Text='National', Displayed=true
2026-07-10 08:53:17 [main] INFO  com.automation.utils.ElementUtils - Checking option: Text='Alabama', Displayed=true
2026-07-10 08:53:17 [main] INFO  com.automation.utils.ElementUtils - Checking option: Text='Alaska', Displayed=true
2026-07-10 08:53:17 [main] INFO  com.automation.utils.ElementUtils - Checking option: Text='American Samoa', Displayed=true
2026-07-10 08:53:17 [main] INFO  com.automation.utils.ElementUtils - Checking option: Text='Arizona', Displayed=true
2026-07-10 08:53:17 [main] INFO  com.automation.utils.ElementUtils - Checking option: Text='Arkansas', Displayed=true
2026-07-10 08:53:17 [main] INFO  com.automation.utils.ElementUtils - Checking option: Text='California', Displayed=true
2026-07-10 08:53:17 [main] INFO  com.automation.utils.ElementUtils - Clicking option containing 'California'
2026-07-10 08:53:19 [main] INFO  com.automation.pages.onboarding.AdditionalBasicInfoPage - Selecting City: Los Angeles
2026-07-10 08:53:19 [main] INFO  com.automation.utils.ElementUtils - Opening dropdown By.xpath: //angular2-multiselect[@name='cityNameSelect'] and selecting option containing 'Los Angeles'
2026-07-10 08:53:19 [main] INFO  com.automation.utils.ElementUtils - Found 1 potential dropdown trigger elements matching By.xpath: //angular2-multiselect[@name='cityNameSelect']
2026-07-10 08:53:19 [main] INFO  com.automation.utils.ElementUtils - Trigger [0]: Tag='angular2-multiselect', Text='Select City Name', Class='ng-untouched ng-pristine ng-valid', Displayed=true
2026-07-10 08:53:19 [main] INFO  com.automation.utils.ElementUtils - Attempt 1 to click dropdown trigger...
2026-07-10 08:53:19 [main] INFO  com.automation.utils.ElementUtils - Waiting for element By.xpath: //angular2-multiselect[@name='cityNameSelect'] to be clickable (Timeout: 5s)
2026-07-10 08:53:19 [main] INFO  com.automation.utils.ElementUtils - Clicking on element By.xpath: //angular2-multiselect[@name='cityNameSelect']
2026-07-10 08:53:20 [main] INFO  com.automation.utils.ElementUtils - Dropdown opened successfully. Option is now visible.
2026-07-10 08:53:28 [main] INFO  com.automation.utils.ElementUtils - Found 556 option elements matching By.xpath: //angular2-multiselect[@name='cityNameSelect']//li (Attempt 1)
2026-07-10 08:53:28 [main] INFO  com.automation.utils.ElementUtils - Checking option: Text='Adelanto', Displayed=true
2026-07-10 08:53:28 [main] INFO  com.automation.utils.ElementUtils - Checking option: Text='Agoura Hills', Displayed=true
2026-07-10 08:53:28 [main] INFO  com.automation.utils.ElementUtils - Checking option: Text='Alameda', Displayed=true
2026-07-10 08:53:28 [main] INFO  com.automation.utils.ElementUtils - Checking option: Text='Alamo', Displayed=true
2026-07-10 08:53:29 [main] INFO  com.automation.utils.ElementUtils - Checking option: Text='Albany', Displayed=true
2026-07-10 08:53:29 [main] INFO  com.automation.utils.ElementUtils - Checking option: Text='Alhambra', Displayed=true
2026-07-10 08:53:29 [main] INFO  com.automation.utils.ElementUtils - Checking option: Text='Aliso Viejo', Displayed=true
2026-07-10 08:53:29 [main] INFO  com.automation.utils.ElementUtils - Checking option: Text='Alondra Park', Displayed=true
2026-07-10 08:53:29 [main] INFO  com.automation.utils.ElementUtils - Checking option: Text='Alpine', Displayed=true
2026-07-10 08:53:29 [main] INFO  com.automation.utils.ElementUtils - Checking option: Text='Alta Sierra', Displayed=true
2026-07-10 08:53:29 [main] INFO  com.automation.utils.ElementUtils - Checking option: Text='Altadena', Displayed=true
2026-07-10 08:53:29 [main] INFO  com.automation.utils.ElementUtils - Checking option: Text='Alum Rock', Displayed=true
2026-07-10 08:53:29 [main] INFO  com.automation.utils.ElementUtils - Checking option: Text='American Canyon', Displayed=true
2026-07-10 08:53:29 [main] INFO  com.automation.utils.ElementUtils - Checking option: Text='Anaheim', Displayed=true
2026-07-10 08:53:29 [main] INFO  com.automation.utils.ElementUtils - Checking option: Text='Anderson', Displayed=true
2026-07-10 08:53:29 [main] INFO  com.automation.utils.ElementUtils - Checking option: Text='Antioch', Displayed=true
2026-07-10 08:53:29 [main] INFO  com.automation.utils.ElementUtils - Checking option: Text='Apple Valley', Displayed=true
2026-07-10 08:53:29 [main] INFO  com.automation.utils.ElementUtils - Checking option: Text='Aptos', Displayed=true
2026-07-10 08:53:30 [main] INFO  com.automation.utils.ElementUtils - Checking option: Text='Arcadia', Displayed=true
2026-07-10 08:53:30 [main] INFO  com.automation.utils.ElementUtils - Checking option: Text='Arcata', Displayed=true
2026-07-10 08:53:30 [main] INFO  com.automation.utils.ElementUtils - Checking option: Text='Arden-Arcade', Displayed=true
2026-07-10 08:53:30 [main] INFO  com.automation.utils.ElementUtils - Checking option: Text='Arroyo Grande', Displayed=true
2026-07-10 08:53:30 [main] INFO  com.automation.utils.ElementUtils - Checking option: Text='Artesia', Displayed=true
2026-07-10 08:53:30 [main] INFO  com.automation.utils.ElementUtils - Checking option: Text='Arvin', Displayed=true
2026-07-10 08:53:30 [main] INFO  com.automation.utils.ElementUtils - Checking option: Text='Ashland', Displayed=true
2026-07-10 08:53:30 [main] INFO  com.automation.utils.ElementUtils - Checking option: Text='Atascadero', Displayed=true
2026-07-10 08:53:30 [main] INFO  com.automation.utils.ElementUtils - Checking option: Text='Atherton', Displayed=true
2026-07-10 08:53:30 [main] INFO  com.automation.utils.ElementUtils - Checking option: Text='Atwater', Displayed=true
2026-07-10 08:53:31 [main] INFO  com.automation.utils.ElementUtils - Checking option: Text='Auburn', Displayed=true
2026-07-10 08:53:31 [main] INFO  com.automation.utils.ElementUtils - Checking option: Text='August', Displayed=true
2026-07-10 08:53:31 [main] INFO  com.automation.utils.ElementUtils - Checking option: Text='Avenal', Displayed=true
2026-07-10 08:53:31 [main] INFO  com.automation.utils.ElementUtils - Checking option: Text='Avocado Heights', Displayed=true
2026-07-10 08:53:31 [main] INFO  com.automation.utils.ElementUtils - Checking option: Text='Azusa', Displayed=true
2026-07-10 08:53:31 [main] INFO  com.automation.utils.ElementUtils - Checking option: Text='Bakersfield', Displayed=true
2026-07-10 08:53:31 [main] INFO  com.automation.utils.ElementUtils - Checking option: Text='Baldwin Park', Displayed=true
2026-07-10 08:53:31 [main] INFO  com.automation.utils.ElementUtils - Checking option: Text='Banning', Displayed=true
2026-07-10 08:53:31 [main] INFO  com.automation.utils.ElementUtils - Checking option: Text='Barstow', Displayed=true
2026-07-10 08:53:31 [main] INFO  com.automation.utils.ElementUtils - Checking option: Text='Bay Point', Displayed=true
2026-07-10 08:53:31 [main] INFO  com.automation.utils.ElementUtils - Checking option: Text='Baywood-Los Osos', Displayed=true
2026-07-10 08:53:31 [main] INFO  com.automation.utils.ElementUtils - Checking option: Text='Beaumont', Displayed=true
2026-07-10 08:53:31 [main] INFO  com.automation.utils.ElementUtils - Checking option: Text='Bell', Displayed=true
2026-07-10 08:53:31 [main] INFO  com.automation.utils.ElementUtils - Checking option: Text='Bell Gardens', Displayed=true
2026-07-10 08:53:31 [main] INFO  com.automation.utils.ElementUtils - Checking option: Text='Bellflower', Displayed=true
2026-07-10 08:53:32 [main] INFO  com.automation.utils.ElementUtils - Checking option: Text='Belmont', Displayed=true
2026-07-10 08:53:32 [main] INFO  com.automation.utils.ElementUtils - Checking option: Text='Benicia', Displayed=true
2026-07-10 08:53:32 [main] INFO  com.automation.utils.ElementUtils - Checking option: Text='Berkeley', Displayed=true
2026-07-10 08:53:32 [main] INFO  com.automation.utils.ElementUtils - Checking option: Text='Bermuda Dunes', Displayed=true
2026-07-10 08:53:32 [main] INFO  com.automation.utils.ElementUtils - Checking option: Text='Beverly Hills', Displayed=true
2026-07-10 08:53:32 [main] INFO  com.automation.utils.ElementUtils - Checking option: Text='Blackhawk-Camino Tassajara', Displayed=true
2026-07-10 08:53:32 [main] INFO  com.automation.utils.ElementUtils - Checking option: Text='Bloomington', Displayed=true
2026-07-10 08:53:32 [main] INFO  com.automation.utils.ElementUtils - Checking option: Text='Blythe', Displayed=true
2026-07-10 08:53:32 [main] INFO  com.automation.utils.ElementUtils - Checking option: Text='Bonadelle Ranchos-Madera Ranchos', Displayed=true
2026-07-10 08:53:32 [main] INFO  com.automation.utils.ElementUtils - Checking option: Text='Bonita', Displayed=true
2026-07-10 08:53:32 [main] INFO  com.automation.utils.ElementUtils - Checking option: Text='Bostonia', Displayed=true
2026-07-10 08:53:32 [main] INFO  com.automation.utils.ElementUtils - Checking option: Text='Boyes Hot Springs', Displayed=true
2026-07-10 08:53:32 [main] INFO  com.automation.utils.ElementUtils - Checking option: Text='Brawley', Displayed=true
2026-07-10 08:53:32 [main] INFO  com.automation.utils.ElementUtils - Checking option: Text='Brea', Displayed=true
2026-07-10 08:53:33 [main] INFO  com.automation.utils.ElementUtils - Checking option: Text='Brentwood', Displayed=true
2026-07-10 08:53:33 [main] INFO  com.automation.utils.ElementUtils - Checking option: Text='Buena Park', Displayed=true
2026-07-10 08:53:33 [main] INFO  com.automation.utils.ElementUtils - Checking option: Text='Burbank', Displayed=true
2026-07-10 08:53:33 [main] INFO  com.automation.utils.ElementUtils - Checking option: Text='Burlingame', Displayed=true
2026-07-10 08:53:33 [main] INFO  com.automation.utils.ElementUtils - Checking option: Text='Calabasas', Displayed=true
2026-07-10 08:53:33 [main] INFO  com.automation.utils.ElementUtils - Checking option: Text='Calexico', Displayed=true
2026-07-10 08:53:33 [main] INFO  com.automation.utils.ElementUtils - Checking option: Text='California City', Displayed=true
2026-07-10 08:53:33 [main] INFO  com.automation.utils.ElementUtils - Checking option: Text='Calimesa', Displayed=true
2026-07-10 08:53:33 [main] INFO  com.automation.utils.ElementUtils - Checking option: Text='Calipatria', Displayed=true
2026-07-10 08:53:33 [main] INFO  com.automation.utils.ElementUtils - Checking option: Text='Camarillo', Displayed=true
2026-07-10 08:53:33 [main] INFO  com.automation.utils.ElementUtils - Checking option: Text='Cambria', Displayed=true
2026-07-10 08:53:33 [main] INFO  com.automation.utils.ElementUtils - Checking option: Text='Cameron Park', Displayed=true
2026-07-10 08:53:33 [main] INFO  com.automation.utils.ElementUtils - Checking option: Text='Camp Pendleton North', Displayed=true
2026-07-10 08:53:33 [main] INFO  com.automation.utils.ElementUtils - Checking option: Text='Camp Pendleton South', Displayed=true
2026-07-10 08:53:33 [main] INFO  com.automation.utils.ElementUtils - Checking option: Text='Campbell', Displayed=true
2026-07-10 08:53:34 [main] INFO  com.automation.utils.ElementUtils - Checking option: Text='Canyon Lake', Displayed=true
2026-07-10 08:53:34 [main] INFO  com.automation.utils.ElementUtils - Checking option: Text='Capitola', Displayed=true
2026-07-10 08:53:34 [main] INFO  com.automation.utils.ElementUtils - Checking option: Text='Carlsbad', Displayed=true
2026-07-10 08:53:34 [main] INFO  com.automation.utils.ElementUtils - Checking option: Text='Carmichael', Displayed=true
2026-07-10 08:53:34 [main] INFO  com.automation.utils.ElementUtils - Checking option: Text='Carpinteria', Displayed=true
2026-07-10 08:53:34 [main] INFO  com.automation.utils.ElementUtils - Checking option: Text='Carson', Displayed=true
2026-07-10 08:53:34 [main] INFO  com.automation.utils.ElementUtils - Checking option: Text='Casa de Oro-Mount Helix', Displayed=true
2026-07-10 08:53:34 [main] INFO  com.automation.utils.ElementUtils - Checking option: Text='Castro Valley', Displayed=true
2026-07-10 08:53:34 [main] INFO  com.automation.utils.ElementUtils - Checking option: Text='Castroville', Displayed=true
2026-07-10 08:53:34 [main] INFO  com.automation.utils.ElementUtils - Checking option: Text='Cathedral City', Displayed=true
2026-07-10 08:53:34 [main] INFO  com.automation.utils.ElementUtils - Checking option: Text='Ceres', Displayed=true
2026-07-10 08:53:34 [main] INFO  com.automation.utils.ElementUtils - Checking option: Text='Cerritos', Displayed=true
2026-07-10 08:53:34 [main] INFO  com.automation.utils.ElementUtils - Checking option: Text='Charter Oak', Displayed=true
2026-07-10 08:53:34 [main] INFO  com.automation.utils.ElementUtils - Checking option: Text='Cherryland', Displayed=true
2026-07-10 08:53:34 [main] INFO  com.automation.utils.ElementUtils - Checking option: Text='Chico', Displayed=true
2026-07-10 08:53:35 [main] INFO  com.automation.utils.ElementUtils - Checking option: Text='Chino', Displayed=true
2026-07-10 08:53:35 [main] INFO  com.automation.utils.ElementUtils - Checking option: Text='Chino Hills', Displayed=true
2026-07-10 08:53:35 [main] INFO  com.automation.utils.ElementUtils - Checking option: Text='Chowchilla', Displayed=true
2026-07-10 08:53:35 [main] INFO  com.automation.utils.ElementUtils - Checking option: Text='Chula Vista', Displayed=true
2026-07-10 08:53:35 [main] INFO  com.automation.utils.ElementUtils - Checking option: Text='Citrus', Displayed=true
2026-07-10 08:53:35 [main] INFO  com.automation.utils.ElementUtils - Checking option: Text='Citrus Heights', Displayed=true
2026-07-10 08:53:35 [main] INFO  com.automation.utils.ElementUtils - Checking option: Text='Claremont', Displayed=true
2026-07-10 08:53:35 [main] INFO  com.automation.utils.ElementUtils - Checking option: Text='Clayton', Displayed=true
2026-07-10 08:53:35 [main] INFO  com.automation.utils.ElementUtils - Checking option: Text='Clearlake', Displayed=true
2026-07-10 08:53:35 [main] INFO  com.automation.utils.ElementUtils - Checking option: Text='Cloverdale', Displayed=true
2026-07-10 08:53:35 [main] INFO  com.automation.utils.ElementUtils - Checking option: Text='Clovis', Displayed=true
2026-07-10 08:53:35 [main] INFO  com.automation.utils.ElementUtils - Checking option: Text='Coachella', Displayed=true
2026-07-10 08:53:35 [main] INFO  com.automation.utils.ElementUtils - Checking option: Text='Coalinga', Displayed=true
2026-07-10 08:53:35 [main] INFO  com.automation.utils.ElementUtils - Checking option: Text='Colton', Displayed=true
2026-07-10 08:53:35 [main] INFO  com.automation.utils.ElementUtils - Checking option: Text='Commerce', Displayed=true
2026-07-10 08:53:36 [main] INFO  com.automation.utils.ElementUtils - Checking option: Text='Compton', Displayed=true
2026-07-10 08:53:36 [main] INFO  com.automation.utils.ElementUtils - Checking option: Text='Concord', Displayed=true
2026-07-10 08:53:36 [main] INFO  com.automation.utils.ElementUtils - Checking option: Text='Corcoran', Displayed=true
2026-07-10 08:53:36 [main] INFO  com.automation.utils.ElementUtils - Checking option: Text='Corning', Displayed=true
2026-07-10 08:53:36 [main] INFO  com.automation.utils.ElementUtils - Checking option: Text='Corona', Displayed=true
2026-07-10 08:53:36 [main] INFO  com.automation.utils.ElementUtils - Checking option: Text='Coronado', Displayed=true
2026-07-10 08:53:36 [main] INFO  com.automation.utils.ElementUtils - Checking option: Text='Corte Madera', Displayed=true
2026-07-10 08:53:36 [main] INFO  com.automation.utils.ElementUtils - Checking option: Text='Costa Mesa', Displayed=true
2026-07-10 08:53:36 [main] INFO  com.automation.utils.ElementUtils - Checking option: Text='Cotati', Displayed=true
2026-07-10 08:53:36 [main] INFO  com.automation.utils.ElementUtils - Checking option: Text='Coto de Caza', Displayed=true
2026-07-10 08:53:36 [main] INFO  com.automation.utils.ElementUtils - Checking option: Text='Country Club', Displayed=true
2026-07-10 08:53:36 [main] INFO  com.automation.utils.ElementUtils - Checking option: Text='Covina', Displayed=true
2026-07-10 08:53:36 [main] INFO  com.automation.utils.ElementUtils - Checking option: Text='Crestline', Displayed=true
2026-07-10 08:53:36 [main] INFO  com.automation.utils.ElementUtils - Checking option: Text='Cudahy', Displayed=true
2026-07-10 08:53:37 [main] INFO  com.automation.utils.ElementUtils - Checking option: Text='Culver City', Displayed=true
2026-07-10 08:53:37 [main] INFO  com.automation.utils.ElementUtils - Checking option: Text='Cupertino', Displayed=true
2026-07-10 08:53:37 [main] INFO  com.automation.utils.ElementUtils - Checking option: Text='Cypress', Displayed=true
2026-07-10 08:53:37 [main] INFO  com.automation.utils.ElementUtils - Checking option: Text='Daly City', Displayed=true
2026-07-10 08:53:37 [main] INFO  com.automation.utils.ElementUtils - Checking option: Text='Dana Point', Displayed=true
2026-07-10 08:53:37 [main] INFO  com.automation.utils.ElementUtils - Checking option: Text='Danville', Displayed=true
2026-07-10 08:53:37 [main] INFO  com.automation.utils.ElementUtils - Checking option: Text='Davis', Displayed=true
2026-07-10 08:53:37 [main] INFO  com.automation.utils.ElementUtils - Checking option: Text='Del Aire', Displayed=true
2026-07-10 08:53:37 [main] INFO  com.automation.utils.ElementUtils - Checking option: Text='Delano', Displayed=true
2026-07-10 08:53:37 [main] INFO  com.automation.utils.ElementUtils - Checking option: Text='Delhi', Displayed=true
2026-07-10 08:53:37 [main] INFO  com.automation.utils.ElementUtils - Checking option: Text='Desert Hot Springs', Displayed=true
2026-07-10 08:53:37 [main] INFO  com.automation.utils.ElementUtils - Checking option: Text='Diamond Bar', Displayed=true
2026-07-10 08:53:37 [main] INFO  com.automation.utils.ElementUtils - Checking option: Text='Dinuba', Displayed=true
2026-07-10 08:53:37 [main] INFO  com.automation.utils.ElementUtils - Checking option: Text='Discovery Bay', Displayed=true
2026-07-10 08:53:37 [main] INFO  com.automation.utils.ElementUtils - Checking option: Text='Dixon', Displayed=true
2026-07-10 08:53:37 [main] INFO  com.automation.utils.ElementUtils - Checking option: Text='Downey', Displayed=true
2026-07-10 08:53:38 [main] INFO  com.automation.utils.ElementUtils - Checking option: Text='Duarte', Displayed=true
2026-07-10 08:53:38 [main] INFO  com.automation.utils.ElementUtils - Checking option: Text='Dublin', Displayed=true
2026-07-10 08:53:38 [main] INFO  com.automation.utils.ElementUtils - Checking option: Text='Earlimart', Displayed=true
2026-07-10 08:53:38 [main] INFO  com.automation.utils.ElementUtils - Checking option: Text='East Compton', Displayed=true
2026-07-10 08:53:38 [main] INFO  com.automation.utils.ElementUtils - Checking option: Text='East Foothills', Displayed=true
2026-07-10 08:53:38 [main] INFO  com.automation.utils.ElementUtils - Checking option: Text='East Hemet', Displayed=true
2026-07-10 08:53:38 [main] INFO  com.automation.utils.ElementUtils - Checking option: Text='East La Mirada', Displayed=true
2026-07-10 08:53:38 [main] INFO  com.automation.utils.ElementUtils - Checking option: Text='East Los Angeles', Displayed=true
2026-07-10 08:53:38 [main] INFO  com.automation.utils.ElementUtils - Clicking option containing 'Los Angeles'
2026-07-10 08:53:38 [main] INFO  com.automation.utils.ElementUtils - Clearing and typing '90001' in element By.xpath: //input[@name='zipcode']
2026-07-10 08:53:38 [main] INFO  com.automation.utils.ElementUtils - Waiting for element By.xpath: //input[@name='zipcode'] to be visible (Timeout: 30s)
2026-07-10 08:53:39 [main] INFO  com.automation.pages.onboarding.AdditionalBasicInfoPage - Selecting Birth Country: United States
2026-07-10 08:53:39 [main] INFO  com.automation.utils.ElementUtils - Opening dropdown By.id: providerCountry and selecting option containing 'United States'
2026-07-10 08:53:39 [main] INFO  com.automation.utils.ElementUtils - Found 1 potential dropdown trigger elements matching By.id: providerCountry
2026-07-10 08:53:39 [main] INFO  com.automation.utils.ElementUtils - Trigger [0]: Tag='angular2-multiselect', Text='Select Country', Class='onboarding_select ng-untouched ng-pristine ng-invalid', Displayed=true
2026-07-10 08:53:39 [main] INFO  com.automation.utils.ElementUtils - Attempt 1 to click dropdown trigger...
2026-07-10 08:53:39 [main] INFO  com.automation.utils.ElementUtils - Waiting for element By.id: providerCountry to be clickable (Timeout: 5s)
2026-07-10 08:53:39 [main] INFO  com.automation.utils.ElementUtils - Clicking on element By.id: providerCountry
2026-07-10 08:53:40 [main] INFO  com.automation.utils.ElementUtils - Dropdown opened successfully. Option is now visible.
2026-07-10 08:53:44 [main] INFO  com.automation.utils.ElementUtils - Found 242 option elements matching By.xpath: //angular2-multiselect[@id='providerCountry']//li (Attempt 1)
2026-07-10 08:53:44 [main] INFO  com.automation.utils.ElementUtils - Checking option: Text='United States', Displayed=true
2026-07-10 08:53:44 [main] INFO  com.automation.utils.ElementUtils - Clicking option containing 'United States'
2026-07-10 08:53:45 [main] INFO  com.automation.utils.ElementUtils - Checking visibility of element By.xpath: //*[contains(text(), 'Birth State')]/following::angular2-multiselect[1]
2026-07-10 08:53:45 [main] INFO  com.automation.utils.ElementUtils - Waiting for element By.xpath: //*[contains(text(), 'Birth State')]/following::angular2-multiselect[1] to be visible (Timeout: 3s)
2026-07-10 08:53:45 [main] INFO  com.automation.pages.onboarding.AdditionalBasicInfoPage - Birth State is a dropdown. Selecting option: California
2026-07-10 08:53:45 [main] INFO  com.automation.utils.ElementUtils - Opening dropdown By.xpath: //*[contains(text(), 'Birth State')]/following::angular2-multiselect[1] and selecting option containing 'California'
2026-07-10 08:53:45 [main] INFO  com.automation.utils.ElementUtils - Found 1 potential dropdown trigger elements matching By.xpath: //*[contains(text(), 'Birth State')]/following::angular2-multiselect[1]
2026-07-10 08:53:45 [main] INFO  com.automation.utils.ElementUtils - Trigger [0]: Tag='angular2-multiselect', Text='Select State', Class='ng-untouched ng-pristine ng-invalid', Displayed=true
2026-07-10 08:53:45 [main] INFO  com.automation.utils.ElementUtils - Attempt 1 to click dropdown trigger...
2026-07-10 08:53:45 [main] INFO  com.automation.utils.ElementUtils - Waiting for element By.xpath: //*[contains(text(), 'Birth State')]/following::angular2-multiselect[1] to be clickable (Timeout: 5s)
2026-07-10 08:53:45 [main] INFO  com.automation.utils.ElementUtils - Clicking on element By.xpath: //*[contains(text(), 'Birth State')]/following::angular2-multiselect[1]
2026-07-10 08:53:46 [main] INFO  com.automation.utils.ElementUtils - Dropdown opened successfully. Option is now visible.
2026-07-10 08:53:47 [main] INFO  com.automation.utils.ElementUtils - Found 62 option elements matching By.xpath: //*[contains(text(), 'Birth State')]/following::angular2-multiselect[1]//li (Attempt 1)
2026-07-10 08:53:47 [main] INFO  com.automation.utils.ElementUtils - Checking option: Text='National', Displayed=true
2026-07-10 08:53:47 [main] INFO  com.automation.utils.ElementUtils - Checking option: Text='Alabama', Displayed=true
2026-07-10 08:53:47 [main] INFO  com.automation.utils.ElementUtils - Checking option: Text='Alaska', Displayed=true
2026-07-10 08:53:47 [main] INFO  com.automation.utils.ElementUtils - Checking option: Text='American Samoa', Displayed=true
2026-07-10 08:53:47 [main] INFO  com.automation.utils.ElementUtils - Checking option: Text='Arizona', Displayed=true
2026-07-10 08:53:47 [main] INFO  com.automation.utils.ElementUtils - Checking option: Text='Arkansas', Displayed=true
2026-07-10 08:53:48 [main] INFO  com.automation.utils.ElementUtils - Checking option: Text='California', Displayed=true
2026-07-10 08:53:48 [main] INFO  com.automation.utils.ElementUtils - Clicking option containing 'California'
2026-07-10 08:53:48 [main] INFO  com.automation.utils.ElementUtils - Checking visibility of element By.xpath: //*[contains(text(), 'Birth City')]/following::angular2-multiselect[1]
2026-07-10 08:53:48 [main] INFO  com.automation.utils.ElementUtils - Waiting for element By.xpath: //*[contains(text(), 'Birth City')]/following::angular2-multiselect[1] to be visible (Timeout: 3s)
2026-07-10 08:53:48 [main] INFO  com.automation.pages.onboarding.AdditionalBasicInfoPage - Birth City is a dropdown. Selecting option: Los Angeles
2026-07-10 08:53:48 [main] INFO  com.automation.utils.ElementUtils - Opening dropdown By.xpath: //*[contains(text(), 'Birth City')]/following::angular2-multiselect[1] and selecting option containing 'Los Angeles'
2026-07-10 08:53:48 [main] INFO  com.automation.utils.ElementUtils - Found 1 potential dropdown trigger elements matching By.xpath: //*[contains(text(), 'Birth City')]/following::angular2-multiselect[1]
2026-07-10 08:53:49 [main] INFO  com.automation.utils.ElementUtils - Trigger [0]: Tag='angular2-multiselect', Text='Select City Name', Class='ng-untouched ng-pristine ng-valid', Displayed=true
2026-07-10 08:53:49 [main] INFO  com.automation.utils.ElementUtils - Attempt 1 to click dropdown trigger...
2026-07-10 08:53:49 [main] INFO  com.automation.utils.ElementUtils - Waiting for element By.xpath: //*[contains(text(), 'Birth City')]/following::angular2-multiselect[1] to be clickable (Timeout: 5s)
2026-07-10 08:53:49 [main] INFO  com.automation.utils.ElementUtils - Clicking on element By.xpath: //*[contains(text(), 'Birth City')]/following::angular2-multiselect[1]
2026-07-10 08:53:49 [main] INFO  com.automation.utils.ElementUtils - Dropdown opened successfully. Option is now visible.
2026-07-10 08:54:01 [main] INFO  com.automation.utils.ElementUtils - Found 556 option elements matching By.xpath: //*[contains(text(), 'Birth City')]/following::angular2-multiselect[1]//li (Attempt 1)
2026-07-10 08:54:01 [main] INFO  com.automation.utils.ElementUtils - Checking option: Text='Adelanto', Displayed=true
2026-07-10 08:54:01 [main] INFO  com.automation.utils.ElementUtils - Checking option: Text='Agoura Hills', Displayed=true
2026-07-10 08:54:01 [main] INFO  com.automation.utils.ElementUtils - Checking option: Text='Alameda', Displayed=true
2026-07-10 08:54:01 [main] INFO  com.automation.utils.ElementUtils - Checking option: Text='Alamo', Displayed=true
2026-07-10 08:54:01 [main] INFO  com.automation.utils.ElementUtils - Checking option: Text='Albany', Displayed=true
2026-07-10 08:54:01 [main] INFO  com.automation.utils.ElementUtils - Checking option: Text='Alhambra', Displayed=true
2026-07-10 08:54:01 [main] INFO  com.automation.utils.ElementUtils - Checking option: Text='Aliso Viejo', Displayed=true
2026-07-10 08:54:01 [main] INFO  com.automation.utils.ElementUtils - Checking option: Text='Alondra Park', Displayed=true
2026-07-10 08:54:01 [main] INFO  com.automation.utils.ElementUtils - Checking option: Text='Alpine', Displayed=true
2026-07-10 08:54:01 [main] INFO  com.automation.utils.ElementUtils - Checking option: Text='Alta Sierra', Displayed=true
2026-07-10 08:54:01 [main] INFO  com.automation.utils.ElementUtils - Checking option: Text='Altadena', Displayed=true
2026-07-10 08:54:01 [main] INFO  com.automation.utils.ElementUtils - Checking option: Text='Alum Rock', Displayed=true
2026-07-10 08:54:01 [main] INFO  com.automation.utils.ElementUtils - Checking option: Text='American Canyon', Displayed=true
2026-07-10 08:54:01 [main] INFO  com.automation.utils.ElementUtils - Checking option: Text='Anaheim', Displayed=true
2026-07-10 08:54:02 [main] INFO  com.automation.utils.ElementUtils - Checking option: Text='Anderson', Displayed=true
2026-07-10 08:54:02 [main] INFO  com.automation.utils.ElementUtils - Checking option: Text='Antioch', Displayed=true
2026-07-10 08:54:02 [main] INFO  com.automation.utils.ElementUtils - Checking option: Text='Apple Valley', Displayed=true
2026-07-10 08:54:02 [main] INFO  com.automation.utils.ElementUtils - Checking option: Text='Aptos', Displayed=true
2026-07-10 08:54:02 [main] INFO  com.automation.utils.ElementUtils - Checking option: Text='Arcadia', Displayed=true
2026-07-10 08:54:02 [main] INFO  com.automation.utils.ElementUtils - Checking option: Text='Arcata', Displayed=true
2026-07-10 08:54:02 [main] INFO  com.automation.utils.ElementUtils - Checking option: Text='Arden-Arcade', Displayed=true
2026-07-10 08:54:02 [main] INFO  com.automation.utils.ElementUtils - Checking option: Text='Arroyo Grande', Displayed=true
2026-07-10 08:54:02 [main] INFO  com.automation.utils.ElementUtils - Checking option: Text='Artesia', Displayed=true
2026-07-10 08:54:02 [main] INFO  com.automation.utils.ElementUtils - Checking option: Text='Arvin', Displayed=true
2026-07-10 08:54:02 [main] INFO  com.automation.utils.ElementUtils - Checking option: Text='Ashland', Displayed=true
2026-07-10 08:54:03 [main] INFO  com.automation.utils.ElementUtils - Checking option: Text='Atascadero', Displayed=true
2026-07-10 08:54:03 [main] INFO  com.automation.utils.ElementUtils - Checking option: Text='Atherton', Displayed=true
2026-07-10 08:54:03 [main] INFO  com.automation.utils.ElementUtils - Checking option: Text='Atwater', Displayed=true
2026-07-10 08:54:03 [main] INFO  com.automation.utils.ElementUtils - Checking option: Text='Auburn', Displayed=true
2026-07-10 08:54:03 [main] INFO  com.automation.utils.ElementUtils - Checking option: Text='August', Displayed=true
2026-07-10 08:54:03 [main] INFO  com.automation.utils.ElementUtils - Checking option: Text='Avenal', Displayed=true
2026-07-10 08:54:03 [main] INFO  com.automation.utils.ElementUtils - Checking option: Text='Avocado Heights', Displayed=true
2026-07-10 08:54:03 [main] INFO  com.automation.utils.ElementUtils - Checking option: Text='Azusa', Displayed=true
2026-07-10 08:54:03 [main] INFO  com.automation.utils.ElementUtils - Checking option: Text='Bakersfield', Displayed=true
2026-07-10 08:54:03 [main] INFO  com.automation.utils.ElementUtils - Checking option: Text='Baldwin Park', Displayed=true
2026-07-10 08:54:03 [main] INFO  com.automation.utils.ElementUtils - Checking option: Text='Banning', Displayed=true
2026-07-10 08:54:03 [main] INFO  com.automation.utils.ElementUtils - Checking option: Text='Barstow', Displayed=true
2026-07-10 08:54:03 [main] INFO  com.automation.utils.ElementUtils - Checking option: Text='Bay Point', Displayed=true
2026-07-10 08:54:03 [main] INFO  com.automation.utils.ElementUtils - Checking option: Text='Baywood-Los Osos', Displayed=true
2026-07-10 08:54:04 [main] INFO  com.automation.utils.ElementUtils - Checking option: Text='Beaumont', Displayed=true
2026-07-10 08:54:04 [main] INFO  com.automation.utils.ElementUtils - Checking option: Text='Bell', Displayed=true
2026-07-10 08:54:04 [main] INFO  com.automation.utils.ElementUtils - Checking option: Text='Bell Gardens', Displayed=true
2026-07-10 08:54:04 [main] INFO  com.automation.utils.ElementUtils - Checking option: Text='Bellflower', Displayed=true
2026-07-10 08:54:04 [main] INFO  com.automation.utils.ElementUtils - Checking option: Text='Belmont', Displayed=true
2026-07-10 08:54:04 [main] INFO  com.automation.utils.ElementUtils - Checking option: Text='Benicia', Displayed=true
2026-07-10 08:54:04 [main] INFO  com.automation.utils.ElementUtils - Checking option: Text='Berkeley', Displayed=true
2026-07-10 08:54:04 [main] INFO  com.automation.utils.ElementUtils - Checking option: Text='Bermuda Dunes', Displayed=true
2026-07-10 08:54:04 [main] INFO  com.automation.utils.ElementUtils - Checking option: Text='Beverly Hills', Displayed=true
2026-07-10 08:54:04 [main] INFO  com.automation.utils.ElementUtils - Checking option: Text='Blackhawk-Camino Tassajara', Displayed=true
2026-07-10 08:54:04 [main] INFO  com.automation.utils.ElementUtils - Checking option: Text='Bloomington', Displayed=true
2026-07-10 08:54:04 [main] INFO  com.automation.utils.ElementUtils - Checking option: Text='Blythe', Displayed=true
2026-07-10 08:54:04 [main] INFO  com.automation.utils.ElementUtils - Checking option: Text='Bonadelle Ranchos-Madera Ranchos', Displayed=true
2026-07-10 08:54:04 [main] INFO  com.automation.utils.ElementUtils - Checking option: Text='Bonita', Displayed=true
2026-07-10 08:54:04 [main] INFO  com.automation.utils.ElementUtils - Checking option: Text='Bostonia', Displayed=true
2026-07-10 08:54:05 [main] INFO  com.automation.utils.ElementUtils - Checking option: Text='Boyes Hot Springs', Displayed=true
2026-07-10 08:54:05 [main] INFO  com.automation.utils.ElementUtils - Checking option: Text='Brawley', Displayed=true
2026-07-10 08:54:05 [main] INFO  com.automation.utils.ElementUtils - Checking option: Text='Brea', Displayed=true
2026-07-10 08:54:05 [main] INFO  com.automation.utils.ElementUtils - Checking option: Text='Brentwood', Displayed=true
2026-07-10 08:54:05 [main] INFO  com.automation.utils.ElementUtils - Checking option: Text='Buena Park', Displayed=true
2026-07-10 08:54:05 [main] INFO  com.automation.utils.ElementUtils - Checking option: Text='Burbank', Displayed=true
2026-07-10 08:54:05 [main] INFO  com.automation.utils.ElementUtils - Checking option: Text='Burlingame', Displayed=true
2026-07-10 08:54:05 [main] INFO  com.automation.utils.ElementUtils - Checking option: Text='Calabasas', Displayed=true
2026-07-10 08:54:05 [main] INFO  com.automation.utils.ElementUtils - Checking option: Text='Calexico', Displayed=true
2026-07-10 08:54:05 [main] INFO  com.automation.utils.ElementUtils - Checking option: Text='California City', Displayed=true
2026-07-10 08:54:05 [main] INFO  com.automation.utils.ElementUtils - Checking option: Text='Calimesa', Displayed=true
2026-07-10 08:54:05 [main] INFO  com.automation.utils.ElementUtils - Checking option: Text='Calipatria', Displayed=true
2026-07-10 08:54:05 [main] INFO  com.automation.utils.ElementUtils - Checking option: Text='Camarillo', Displayed=true
2026-07-10 08:54:05 [main] INFO  com.automation.utils.ElementUtils - Checking option: Text='Cambria', Displayed=true
2026-07-10 08:54:06 [main] INFO  com.automation.utils.ElementUtils - Checking option: Text='Cameron Park', Displayed=true
2026-07-10 08:54:06 [main] INFO  com.automation.utils.ElementUtils - Checking option: Text='Camp Pendleton North', Displayed=true
2026-07-10 08:54:06 [main] INFO  com.automation.utils.ElementUtils - Checking option: Text='Camp Pendleton South', Displayed=true
2026-07-10 08:54:06 [main] INFO  com.automation.utils.ElementUtils - Checking option: Text='Campbell', Displayed=true
2026-07-10 08:54:06 [main] INFO  com.automation.utils.ElementUtils - Checking option: Text='Canyon Lake', Displayed=true
2026-07-10 08:54:06 [main] INFO  com.automation.utils.ElementUtils - Checking option: Text='Capitola', Displayed=true
2026-07-10 08:54:06 [main] INFO  com.automation.utils.ElementUtils - Checking option: Text='Carlsbad', Displayed=true
2026-07-10 08:54:06 [main] INFO  com.automation.utils.ElementUtils - Checking option: Text='Carmichael', Displayed=true
2026-07-10 08:54:06 [main] INFO  com.automation.utils.ElementUtils - Checking option: Text='Carpinteria', Displayed=true
2026-07-10 08:54:06 [main] INFO  com.automation.utils.ElementUtils - Checking option: Text='Carson', Displayed=true
2026-07-10 08:54:06 [main] INFO  com.automation.utils.ElementUtils - Checking option: Text='Casa de Oro-Mount Helix', Displayed=true
2026-07-10 08:54:06 [main] INFO  com.automation.utils.ElementUtils - Checking option: Text='Castro Valley', Displayed=true
2026-07-10 08:54:06 [main] INFO  com.automation.utils.ElementUtils - Checking option: Text='Castroville', Displayed=true
2026-07-10 08:54:06 [main] INFO  com.automation.utils.ElementUtils - Checking option: Text='Cathedral City', Displayed=true
2026-07-10 08:54:06 [main] INFO  com.automation.utils.ElementUtils - Checking option: Text='Ceres', Displayed=true
2026-07-10 08:54:07 [main] INFO  com.automation.utils.ElementUtils - Checking option: Text='Cerritos', Displayed=true
2026-07-10 08:54:07 [main] INFO  com.automation.utils.ElementUtils - Checking option: Text='Charter Oak', Displayed=true
2026-07-10 08:54:07 [main] INFO  com.automation.utils.ElementUtils - Checking option: Text='Cherryland', Displayed=true
2026-07-10 08:54:07 [main] INFO  com.automation.utils.ElementUtils - Checking option: Text='Chico', Displayed=true
2026-07-10 08:54:07 [main] INFO  com.automation.utils.ElementUtils - Checking option: Text='Chino', Displayed=true
2026-07-10 08:54:07 [main] INFO  com.automation.utils.ElementUtils - Checking option: Text='Chino Hills', Displayed=true
2026-07-10 08:54:07 [main] INFO  com.automation.utils.ElementUtils - Checking option: Text='Chowchilla', Displayed=true
2026-07-10 08:54:07 [main] INFO  com.automation.utils.ElementUtils - Checking option: Text='Chula Vista', Displayed=true
2026-07-10 08:54:07 [main] INFO  com.automation.utils.ElementUtils - Checking option: Text='Citrus', Displayed=true
2026-07-10 08:54:07 [main] INFO  com.automation.utils.ElementUtils - Checking option: Text='Citrus Heights', Displayed=true
2026-07-10 08:54:07 [main] INFO  com.automation.utils.ElementUtils - Checking option: Text='Claremont', Displayed=true
2026-07-10 08:54:07 [main] INFO  com.automation.utils.ElementUtils - Checking option: Text='Clayton', Displayed=true
2026-07-10 08:54:07 [main] INFO  com.automation.utils.ElementUtils - Checking option: Text='Clearlake', Displayed=true
2026-07-10 08:54:07 [main] INFO  com.automation.utils.ElementUtils - Checking option: Text='Cloverdale', Displayed=true
2026-07-10 08:54:07 [main] INFO  com.automation.utils.ElementUtils - Checking option: Text='Clovis', Displayed=true
2026-07-10 08:54:07 [main] INFO  com.automation.utils.ElementUtils - Checking option: Text='Coachella', Displayed=true
2026-07-10 08:54:08 [main] INFO  com.automation.utils.ElementUtils - Checking option: Text='Coalinga', Displayed=true
2026-07-10 08:54:08 [main] INFO  com.automation.utils.ElementUtils - Checking option: Text='Colton', Displayed=true
2026-07-10 08:54:08 [main] INFO  com.automation.utils.ElementUtils - Checking option: Text='Commerce', Displayed=true
2026-07-10 08:54:08 [main] INFO  com.automation.utils.ElementUtils - Checking option: Text='Compton', Displayed=true
2026-07-10 08:54:08 [main] INFO  com.automation.utils.ElementUtils - Checking option: Text='Concord', Displayed=true
2026-07-10 08:54:08 [main] INFO  com.automation.utils.ElementUtils - Checking option: Text='Corcoran', Displayed=true
2026-07-10 08:54:08 [main] INFO  com.automation.utils.ElementUtils - Checking option: Text='Corning', Displayed=true
2026-07-10 08:54:08 [main] INFO  com.automation.utils.ElementUtils - Checking option: Text='Corona', Displayed=true
2026-07-10 08:54:08 [main] INFO  com.automation.utils.ElementUtils - Checking option: Text='Coronado', Displayed=true
2026-07-10 08:54:08 [main] INFO  com.automation.utils.ElementUtils - Checking option: Text='Corte Madera', Displayed=true
2026-07-10 08:54:08 [main] INFO  com.automation.utils.ElementUtils - Checking option: Text='Costa Mesa', Displayed=true
2026-07-10 08:54:08 [main] INFO  com.automation.utils.ElementUtils - Checking option: Text='Cotati', Displayed=true
2026-07-10 08:54:09 [main] INFO  com.automation.utils.ElementUtils - Checking option: Text='Coto de Caza', Displayed=true
2026-07-10 08:54:09 [main] INFO  com.automation.utils.ElementUtils - Checking option: Text='Country Club', Displayed=true
2026-07-10 08:54:09 [main] INFO  com.automation.utils.ElementUtils - Checking option: Text='Covina', Displayed=true
2026-07-10 08:54:09 [main] INFO  com.automation.utils.ElementUtils - Checking option: Text='Crestline', Displayed=true
2026-07-10 08:54:09 [main] INFO  com.automation.utils.ElementUtils - Checking option: Text='Cudahy', Displayed=true
2026-07-10 08:54:09 [main] INFO  com.automation.utils.ElementUtils - Checking option: Text='Culver City', Displayed=true
2026-07-10 08:54:09 [main] INFO  com.automation.utils.ElementUtils - Checking option: Text='Cupertino', Displayed=true
2026-07-10 08:54:09 [main] INFO  com.automation.utils.ElementUtils - Checking option: Text='Cypress', Displayed=true
2026-07-10 08:54:09 [main] INFO  com.automation.utils.ElementUtils - Checking option: Text='Daly City', Displayed=true
2026-07-10 08:54:09 [main] INFO  com.automation.utils.ElementUtils - Checking option: Text='Dana Point', Displayed=true
2026-07-10 08:54:09 [main] INFO  com.automation.utils.ElementUtils - Checking option: Text='Danville', Displayed=true
2026-07-10 08:54:09 [main] INFO  com.automation.utils.ElementUtils - Checking option: Text='Davis', Displayed=true
2026-07-10 08:54:09 [main] INFO  com.automation.utils.ElementUtils - Checking option: Text='Del Aire', Displayed=true
2026-07-10 08:54:09 [main] INFO  com.automation.utils.ElementUtils - Checking option: Text='Delano', Displayed=true
2026-07-10 08:54:09 [main] INFO  com.automation.utils.ElementUtils - Checking option: Text='Delhi', Displayed=true
2026-07-10 08:54:09 [main] INFO  com.automation.utils.ElementUtils - Checking option: Text='Desert Hot Springs', Displayed=true
2026-07-10 08:54:10 [main] INFO  com.automation.utils.ElementUtils - Checking option: Text='Diamond Bar', Displayed=true
2026-07-10 08:54:10 [main] INFO  com.automation.utils.ElementUtils - Checking option: Text='Dinuba', Displayed=true
2026-07-10 08:54:10 [main] INFO  com.automation.utils.ElementUtils - Checking option: Text='Discovery Bay', Displayed=true
2026-07-10 08:54:10 [main] INFO  com.automation.utils.ElementUtils - Checking option: Text='Dixon', Displayed=true
2026-07-10 08:54:10 [main] INFO  com.automation.utils.ElementUtils - Checking option: Text='Downey', Displayed=true
2026-07-10 08:54:10 [main] INFO  com.automation.utils.ElementUtils - Checking option: Text='Duarte', Displayed=true
2026-07-10 08:54:10 [main] INFO  com.automation.utils.ElementUtils - Checking option: Text='Dublin', Displayed=true
2026-07-10 08:54:10 [main] INFO  com.automation.utils.ElementUtils - Checking option: Text='Earlimart', Displayed=true
2026-07-10 08:54:10 [main] INFO  com.automation.utils.ElementUtils - Checking option: Text='East Compton', Displayed=true
2026-07-10 08:54:10 [main] INFO  com.automation.utils.ElementUtils - Checking option: Text='East Foothills', Displayed=true
2026-07-10 08:54:10 [main] INFO  com.automation.utils.ElementUtils - Checking option: Text='East Hemet', Displayed=true
2026-07-10 08:54:10 [main] INFO  com.automation.utils.ElementUtils - Checking option: Text='East La Mirada', Displayed=true
2026-07-10 08:54:10 [main] INFO  com.automation.utils.ElementUtils - Checking option: Text='East Los Angeles', Displayed=true
2026-07-10 08:54:10 [main] INFO  com.automation.utils.ElementUtils - Clicking option containing 'Los Angeles'
2026-07-10 08:54:11 [main] INFO  com.automation.pages.onboarding.AdditionalBasicInfoPage - Selecting Citizenship: United States
2026-07-10 08:54:11 [main] INFO  com.automation.utils.ElementUtils - Opening dropdown By.id: citizenship and selecting option containing 'United States'
2026-07-10 08:54:11 [main] INFO  com.automation.utils.ElementUtils - Found 1 potential dropdown trigger elements matching By.id: citizenship
2026-07-10 08:54:11 [main] INFO  com.automation.utils.ElementUtils - Trigger [0]: Tag='angular2-multiselect', Text='Select Citizenship', Class='onboarding_select ng-untouched ng-pristine ng-invalid', Displayed=true
2026-07-10 08:54:11 [main] INFO  com.automation.utils.ElementUtils - Attempt 1 to click dropdown trigger...
2026-07-10 08:54:11 [main] INFO  com.automation.utils.ElementUtils - Waiting for element By.id: citizenship to be clickable (Timeout: 5s)
2026-07-10 08:54:11 [main] INFO  com.automation.utils.ElementUtils - Clicking on element By.id: citizenship
2026-07-10 08:54:12 [main] INFO  com.automation.utils.ElementUtils - Dropdown opened successfully. Option is now visible.
2026-07-10 08:54:16 [main] INFO  com.automation.utils.ElementUtils - Found 242 option elements matching By.xpath: //angular2-multiselect[@id='citizenship']//li (Attempt 1)
2026-07-10 08:54:16 [main] INFO  com.automation.utils.ElementUtils - Checking option: Text='United States', Displayed=true
2026-07-10 08:54:16 [main] INFO  com.automation.utils.ElementUtils - Clicking option containing 'United States'
2026-07-10 08:54:17 [main] INFO  com.automation.utils.ElementUtils - Clearing and typing 'Jane Doe' in element By.xpath: //input[@name='emergencyContact']
2026-07-10 08:54:17 [main] INFO  com.automation.utils.ElementUtils - Waiting for element By.xpath: //input[@name='emergencyContact'] to be visible (Timeout: 30s)
2026-07-10 08:54:17 [main] INFO  com.automation.utils.ElementUtils - Clearing and typing 'Friend' in element By.xpath: //input[@name='emergencyRelationship']
2026-07-10 08:54:17 [main] INFO  com.automation.utils.ElementUtils - Waiting for element By.xpath: //input[@name='emergencyRelationship'] to be visible (Timeout: 30s)
2026-07-10 08:54:17 [main] INFO  com.automation.utils.ElementUtils - Clearing and typing '5551234567' in element By.xpath: //input[@name='emergencyPhone']
2026-07-10 08:54:17 [main] INFO  com.automation.utils.ElementUtils - Waiting for element By.xpath: //input[@name='emergencyPhone'] to be visible (Timeout: 30s)
2026-07-10 08:54:18 [main] INFO  com.automation.utils.ReportUtils - Clicking Additional Save & Next...
2026-07-10 08:54:18 [main] INFO  com.automation.pages.onboarding.AdditionalBasicInfoPage - Clicking Additional Save & Next button...
2026-07-10 08:54:18 [main] INFO  com.automation.utils.ElementUtils - Waiting for element By.xpath: //button[@name='saveBut'] | //button[@type='submit' and contains(@name, 'save')] to be clickable (Timeout: 30s)
2026-07-10 08:54:18 [main] INFO  com.automation.utils.ElementUtils - Clicking on element By.xpath: //button[@name='saveBut'] | //button[@type='submit' and contains(@name, 'save')]
2026-07-10 08:54:18 [main] INFO  com.automation.utils.ReportUtils - Filling Education form details...
2026-07-10 08:54:22 [main] INFO  com.automation.pages.onboarding.EducationPage - Filling Professional School Information...
2026-07-10 08:54:22 [main] INFO  com.automation.utils.ElementUtils - Opening dropdown By.id: profSchoolName0 and selecting option containing 'ACADEMY OF ART UNIVERSITY'
2026-07-10 08:54:22 [main] INFO  com.automation.utils.ElementUtils - Found 1 potential dropdown trigger elements matching By.id: profSchoolName0
2026-07-10 08:54:22 [main] INFO  com.automation.utils.ElementUtils - Trigger [0]: Tag='angular2-multiselect', Text='Select Professional School', Class='w-100 onboarding_select ng-untouched ng-pristine ng-invalid', Displayed=true
2026-07-10 08:54:22 [main] INFO  com.automation.utils.ElementUtils - Attempt 1 to click dropdown trigger...
2026-07-10 08:54:22 [main] INFO  com.automation.utils.ElementUtils - Waiting for element By.id: profSchoolName0 to be clickable (Timeout: 5s)
2026-07-10 08:54:22 [main] INFO  com.automation.utils.ElementUtils - Clicking on element By.id: profSchoolName0
2026-07-10 08:54:22 [main] INFO  com.automation.utils.ElementUtils - Dropdown opened successfully. Option is now visible.
2026-07-10 08:54:23 [main] INFO  com.automation.utils.ElementUtils - Found 51 option elements matching By.xpath: //angular2-multiselect[@id='profSchoolName0']//li (Attempt 1)
2026-07-10 08:54:23 [main] INFO  com.automation.utils.ElementUtils - Checking option: Text='A.T. STILL UNIVERSITY OF HEALTH SCIENCES', Displayed=true
2026-07-10 08:54:23 [main] INFO  com.automation.utils.ElementUtils - Checking option: Text='A.T.C.', Displayed=true
2026-07-10 08:54:24 [main] INFO  com.automation.utils.ElementUtils - Checking option: Text='AAKER'S COLLEGE', Displayed=true
2026-07-10 08:54:24 [main] INFO  com.automation.utils.ElementUtils - Checking option: Text='AANIIIH NAKODA COLLEGE', Displayed=true
2026-07-10 08:54:24 [main] INFO  com.automation.utils.ElementUtils - Checking option: Text='ABILENE CHRISTIAN UNIVERSITY', Displayed=true
2026-07-10 08:54:24 [main] INFO  com.automation.utils.ElementUtils - Checking option: Text='ABINGTON HOSPITAL SCHOOL OF NURSING', Displayed=true
2026-07-10 08:54:24 [main] INFO  com.automation.utils.ElementUtils - Checking option: Text='ABRAHAM BALDWIN AGRICULTURAL COLLEGE', Displayed=true
2026-07-10 08:54:24 [main] INFO  com.automation.utils.ElementUtils - Checking option: Text='ABRAHAM LINCOLN UNIVERSITY', Displayed=true
2026-07-10 08:54:24 [main] INFO  com.automation.utils.ElementUtils - Checking option: Text='ACADEMY OF ART COLLEGE', Displayed=true
2026-07-10 08:54:24 [main] INFO  com.automation.utils.ElementUtils - Checking option: Text='ACADEMY OF ART UNIVERSITY', Displayed=true
[...]
2026-07-10 08:56:20 [main] INFO  com.automation.utils.ReportUtils - Waiting for Upload Documents page to load...
2026-07-10 08:56:24 [main] INFO  com.automation.utils.ReportUtils - Saved page source for Upload Documents page to target/upload_documents.html
2026-07-10 08:56:24 [main] INFO  com.automation.utils.ReportUtils - Saved screenshot to target/upload_documents.png
2026-07-10 08:56:24 [main] INFO  com.automation.utils.ReportUtils - Selecting 'Not Applicable' for documents and clicking Save & Next...
2026-07-10 08:56:24 [main] INFO  com.automation.pages.onboarding.UploadDocumentsPage - Selecting 'Not Applicable' for Document 1 (uploadNotApl0)...
2026-07-10 08:56:24 [main] INFO  com.automation.utils.ElementUtils - Waiting for element By.id: uploadNotApl0 to be clickable (Timeout: 30s)
2026-07-10 08:56:24 [main] INFO  com.automation.utils.ElementUtils - Clicking on element By.id: uploadNotApl0
2026-07-10 08:56:25 [main] INFO  com.automation.pages.onboarding.UploadDocumentsPage - Selecting 'Not Applicable' for Document 2 (uploadNotApl1)...
2026-07-10 08:56:25 [main] INFO  com.automation.utils.ElementUtils - Waiting for element By.id: uploadNotApl1 to be clickable (Timeout: 30s)
2026-07-10 08:56:25 [main] INFO  com.automation.utils.ElementUtils - Clicking on element By.id: uploadNotApl1
2026-07-10 08:56:27 [main] INFO  com.automation.pages.onboarding.UploadDocumentsPage - Clicking Documents Save & Next button (complete)...
2026-07-10 08:56:27 [main] INFO  com.automation.utils.ElementUtils - Waiting for element By.id: complete to be clickable (Timeout: 30s)
2026-07-10 08:56:27 [main] INFO  com.automation.utils.ElementUtils - Clicking on element By.id: complete
2026-07-10 08:56:27 [main] INFO  com.automation.utils.ReportUtils - Waiting for Attestations page to load...
2026-07-10 08:56:32 [main] INFO  com.automation.utils.ReportUtils - Saved page source for Attestations page to target/attestations.html
2026-07-10 08:56:32 [main] INFO  com.automation.utils.ReportUtils - Saved screenshot of Attestations page to target/attestations.png
2026-07-10 08:56:32 [main] INFO  com.automation.utils.ReportUtils - Filling Attestations (No to all) and clicking first Sign Now...
2026-07-10 08:56:32 [main] INFO  com.automation.pages.onboarding.AttestationsPage - Clicking radio button No for question 0
2026-07-10 08:56:32 [main] INFO  com.automation.utils.ElementUtils - Waiting for element By.xpath: //label[@for='questionRadioBtn01'] to be visible (Timeout: 30s)
2026-07-10 08:56:33 [main] INFO  com.automation.pages.onboarding.AttestationsPage - Clicking radio button No for question 1
2026-07-10 08:56:33 [main] INFO  com.automation.utils.ElementUtils - Waiting for element By.xpath: //label[@for='questionRadioBtn11'] to be visible (Timeout: 30s)
2026-07-10 08:56:33 [main] INFO  com.automation.pages.onboarding.AttestationsPage - Clicking radio button No for question 2
2026-07-10 08:56:33 [main] INFO  com.automation.utils.ElementUtils - Waiting for element By.xpath: //label[@for='questionRadioBtn21'] to be visible (Timeout: 30s)
2026-07-10 08:56:33 [main] INFO  com.automation.pages.onboarding.AttestationsPage - Clicking radio button No for question 3
2026-07-10 08:56:33 [main] INFO  com.automation.utils.ElementUtils - Waiting for element By.xpath: //label[@for='questionRadioBtn31'] to be visible (Timeout: 30s)
2026-07-10 08:56:34 [main] INFO  com.automation.pages.onboarding.AttestationsPage - Clicking radio button No for question 4
2026-07-10 08:56:34 [main] INFO  com.automation.utils.ElementUtils - Waiting for element By.xpath: //label[@for='questionRadioBtn41'] to be visible (Timeout: 30s)
2026-07-10 08:56:34 [main] INFO  com.automation.pages.onboarding.AttestationsPage - Clicking radio button No for question 5
2026-07-10 08:56:34 [main] INFO  com.automation.utils.ElementUtils - Waiting for element By.xpath: //label[@for='questionRadioBtn51'] to be visible (Timeout: 30s)
2026-07-10 08:56:34 [main] INFO  com.automation.pages.onboarding.AttestationsPage - Clicking radio button No for question 6
2026-07-10 08:56:34 [main] INFO  com.automation.utils.ElementUtils - Waiting for element By.xpath: //label[@for='questionRadioBtn61'] to be visible (Timeout: 30s)
2026-07-10 08:56:35 [main] INFO  com.automation.pages.onboarding.AttestationsPage - Clicking the first 'Sign Now' button...
2026-07-10 08:56:35 [main] INFO  com.automation.utils.ElementUtils - Waiting for element By.xpath: //button[contains(text(), 'Sign Now') and not(ancestor::docuseal-form)] to be clickable (Timeout: 30s)
2026-07-10 08:56:35 [main] INFO  com.automation.utils.ElementUtils - Clicking on element By.xpath: //button[contains(text(), 'Sign Now') and not(ancestor::docuseal-form)]
2026-07-10 08:56:38 [main] INFO  com.automation.utils.ReportUtils - Saved page source for Sign Modal to target/sign_modal.html
2026-07-10 08:56:38 [main] INFO  com.automation.utils.ReportUtils - Signing and saving Attestations step...
2026-07-10 08:56:38 [main] INFO  com.automation.pages.onboarding.AttestationsPage - Clicking the second 'Sign Now' button inside Docuseal shadow DOM...
2026-07-10 08:56:38 [main] ERROR com.automation.pages.onboarding.AttestationsPage - Failed to click Docuseal #expand_form_button: javascript error: Cannot read properties of null (reading 'click')
  (Session info: chrome=149.0.7827.201)
Build info: version: '4.18.1', revision: 'b1d3319b48'
System info: os.name: 'Windows 10', os.arch: 'amd64', os.version: '10.0', java.version: '21.0.10'
Driver info: org.openqa.selenium.chrome.ChromeDriver
Command: [ed3f20d2ec8e99bad735d5c4fbfe1d03, executeScript {args=[], script=document.querySelector('docuseal-form').shadowRoot.querySelector('#expand_form_button').click();}]
Capabilities {acceptInsecureCerts: false, browserName: chrome, browserVersion: 149.0.7827.201, chrome: {chromedriverVersion: 149.0.7827.155 (07b52360cc1..., userDataDir: C:\Users\USER\AppData\Local...}, fedcm:accounts: true, goog:chromeOptions: {debuggerAddress: localhost:54086}, goog:processID: 916, networkConnectionEnabled: false, pageLoadStrategy: normal, platformName: windows, proxy: Proxy(), se:cdp: ws://localhost:54086/devtoo..., se:cdpVersion: 149.0.7827.201, setWindowRect: true, strictFileInteractability: false, timeouts: {implicit: 0, pageLoad: 300000, script: 30000}, unhandledPromptBehavior: dismiss and notify, webauthn:extension:credBlob: true, webauthn:extension:largeBlob: true, webauthn:extension:minPinLength: true, webauthn:extension:prf: true, webauthn:virtualAuthenticators: true}
Session ID: ed3f20d2ec8e99bad735d5c4fbfe1d03
2026-07-10 08:56:38 [main] INFO  com.automation.pages.onboarding.AttestationsPage - Clicking the 'Type' tab inside Docuseal shadow DOM...
2026-07-10 08:56:38 [main] ERROR com.automation.pages.onboarding.AttestationsPage - Failed to click Docuseal #type_text_button: javascript error: Cannot read properties of null (reading 'click')
  (Session info: chrome=149.0.7827.201)
Build info: version: '4.18.1', revision: 'b1d3319b48'
System info: os.name: 'Windows 10', os.arch: 'amd64', os.version: '10.0', java.version: '21.0.10'
Driver info: org.openqa.selenium.chrome.ChromeDriver
Command: [ed3f20d2ec8e99bad735d5c4fbfe1d03, executeScript {args=[], script=document.querySelector('docuseal-form').shadowRoot.querySelector('#type_text_button').click();}]
Capabilities {acceptInsecureCerts: false, browserName: chrome, browserVersion: 149.0.7827.201, chrome: {chromedriverVersion: 149.0.7827.155 (07b52360cc1..., userDataDir: C:\Users\USER\AppData\Local...}, fedcm:accounts: true, goog:chromeOptions: {debuggerAddress: localhost:54086}, goog:processID: 916, networkConnectionEnabled: false, pageLoadStrategy: normal, platformName: windows, proxy: Proxy(), se:cdp: ws://localhost:54086/devtoo..., se:cdpVersion: 149.0.7827.201, setWindowRect: true, strictFileInteractability: false, timeouts: {implicit: 0, pageLoad: 300000, script: 30000}, unhandledPromptBehavior: dismiss and notify, webauthn:extension:credBlob: true, webauthn:extension:largeBlob: true, webauthn:extension:minPinLength: true, webauthn:extension:prf: true, webauthn:virtualAuthenticators: true}
Session ID: ed3f20d2ec8e99bad735d5c4fbfe1d03
2026-07-10 08:56:38 [main] INFO  com.automation.pages.onboarding.AttestationsPage - Typing signature name: AutoFn16626 AutoLn16626
2026-07-10 08:56:38 [main] ERROR com.automation.pages.onboarding.AttestationsPage - Failed to type signature inside Docuseal: no such element: Unable to locate element: {"method":"css selector","selector":"#signature_text_input"}
  (Session info: chrome=149.0.7827.201)
For documentation on this error, please visit: https://www.selenium.dev/documentation/webdriver/troubleshooting/errors#no-such-element-exception
Build info: version: '4.18.1', revision: 'b1d3319b48'
System info: os.name: 'Windows 10', os.arch: 'amd64', os.version: '10.0', java.version: '21.0.10'
Driver info: org.openqa.selenium.chrome.ChromeDriver
Command: [ed3f20d2ec8e99bad735d5c4fbfe1d03, findElementFromShadowRoot {value=#signature_text_input, shadowId=f.842DEBBC60AEC398887AA8CE3D2CFB74.d.57C998738FD36DA7A5C590874C1C58A5.e.12102, using=css selector}]
Capabilities {acceptInsecureCerts: false, browserName: chrome, browserVersion: 149.0.7827.201, chrome: {chromedriverVersion: 149.0.7827.155 (07b52360cc1..., userDataDir: C:\Users\USER\AppData\Local...}, fedcm:accounts: true, goog:chromeOptions: {debuggerAddress: localhost:54086}, goog:processID: 916, networkConnectionEnabled: false, pageLoadStrategy: normal, platformName: windows, proxy: Proxy(), se:cdp: ws://localhost:54086/devtoo..., se:cdpVersion: 149.0.7827.201, setWindowRect: true, strictFileInteractability: false, timeouts: {implicit: 0, pageLoad: 300000, script: 30000}, unhandledPromptBehavior: dismiss and notify, webauthn:extension:credBlob: true, webauthn:extension:largeBlob: true, webauthn:extension:minPinLength: true, webauthn:extension:prf: true, webauthn:virtualAuthenticators: true}
Session ID: ed3f20d2ec8e99bad735d5c4fbfe1d03
2026-07-10 08:56:38 [main] INFO  com.automation.pages.onboarding.AttestationsPage - Clicking the 'Sign and Complete' button inside Docuseal shadow DOM...
2026-07-10 08:56:38 [main] ERROR com.automation.pages.onboarding.AttestationsPage - Failed to click Docuseal #submit_form_button: javascript error: Cannot read properties of null (reading 'click')
  (Session info: chrome=149.0.7827.201)
Build info: version: '4.18.1', revision: 'b1d3319b48'
System info: os.name: 'Windows 10', os.arch: 'amd64', os.version: '10.0', java.version: '21.0.10'
Driver info: org.openqa.selenium.chrome.ChromeDriver
Command: [ed3f20d2ec8e99bad735d5c4fbfe1d03, executeScript {args=[], script=document.querySelector('docuseal-form').shadowRoot.querySelector('#submit_form_button').click();}]
Capabilities {acceptInsecureCerts: false, browserName: chrome, browserVersion: 149.0.7827.201, chrome: {chromedriverVersion: 149.0.7827.155 (07b52360cc1..., userDataDir: C:\Users\USER\AppData\Local...}, fedcm:accounts: true, goog:chromeOptions: {debuggerAddress: localhost:54086}, goog:processID: 916, networkConnectionEnabled: false, pageLoadStrategy: normal, platformName: windows, proxy: Proxy(), se:cdp: ws://localhost:54086/devtoo..., se:cdpVersion: 149.0.7827.201, setWindowRect: true, strictFileInteractability: false, timeouts: {implicit: 0, pageLoad: 300000, script: 30000}, unhandledPromptBehavior: dismiss and notify, webauthn:extension:credBlob: true, webauthn:extension:largeBlob: true, webauthn:extension:minPinLength: true, webauthn:extension:prf: true, webauthn:virtualAuthenticators: true}
Session ID: ed3f20d2ec8e99bad735d5c4fbfe1d03
2026-07-10 08:56:38 [main] INFO  com.automation.pages.onboarding.AttestationsPage - Clicking the page's main 'Save' button...
2026-07-10 08:56:38 [main] INFO  com.automation.utils.ElementUtils - Waiting for element By.xpath: //button[normalize-space()='Save'] to be clickable (Timeout: 30s)
2026-07-10 08:56:38 [main] INFO  com.automation.utils.ElementUtils - Clicking on element By.xpath: //button[normalize-space()='Save']
2026-07-10 08:56:42 [main] INFO  com.automation.pages.onboarding.AttestationsPage - Checking for success modal...
2026-07-10 08:56:42 [main] INFO  com.automation.utils.ElementUtils - Waiting for element By.xpath: //button[contains(@class, 'success-btn') or normalize-space()='OK'] to be visible (Timeout: 5s)
2026-07-10 08:56:47 [main] ERROR com.automation.utils.ElementUtils - Element By.xpath: //button[contains(@class, 'success-btn') or normalize-space()='OK'] was not visible within 5s
org.openqa.selenium.TimeoutException: Expected condition failed: waiting for visibility of element located by By.xpath: //button[contains(@class, 'success-btn') or normalize-space()='OK'] (tried for 5 second(s) with 500 milliseconds interval)
Build info: version: '4.18.1', revision: 'b1d3319b48'
System info: os.name: 'Windows 10', os.arch: 'amd64', os.version: '10.0', java.version: '21.0.10'
Driver info: org.openqa.selenium.chrome.ChromeDriver
Capabilities {acceptInsecureCerts: false, browserName: chrome, browserVersion: 149.0.7827.201, chrome: {chromedriverVersion: 149.0.7827.155 (07b52360cc1..., userDataDir: C:\Users\USER\AppData\Local...}, fedcm:accounts: true, goog:chromeOptions: {debuggerAddress: localhost:54086}, goog:processID: 916, networkConnectionEnabled: false, pageLoadStrategy: normal, platformName: windows, proxy: Proxy(), se:cdp: ws://localhost:54086/devtoo..., se:cdpVersion: 149.0.7827.201, setWindowRect: true, strictFileInteractability: false, timeouts: {implicit: 0, pageLoad: 300000, script: 30000}, unhandledPromptBehavior: dismiss and notify, webauthn:extension:credBlob: true, webauthn:extension:largeBlob: true, webauthn:extension:minPinLength: true, webauthn:extension:prf: true, webauthn:virtualAuthenticators: true}
Session ID: ed3f20d2ec8e99bad735d5c4fbfe1d03
	at org.openqa.selenium.support.ui.WebDriverWait.timeoutException(WebDriverWait.java:84) ~[selenium-support-4.18.1.jar:?]
	at org.openqa.selenium.support.ui.FluentWait.until(FluentWait.java:228) ~[selenium-support-4.18.1.jar:?]
	at com.automation.utils.ElementUtils.waitForElementToBeVisible(ElementUtils.java:26) ~[classes/:?]
	at com.automation.pages.onboarding.AttestationsPage.signAndSaveAttestations(AttestationsPage.java:125) ~[classes/:?]
	at com.automation.tests.OnboardingTest.testSuccessfulOnboarding(OnboardingTest.java:334) ~[test-classes/:?]
	at java.base/jdk.internal.reflect.DirectMethodHandleAccessor.invoke(DirectMethodHandleAccessor.java:103) ~[?:?]
	at java.base/java.lang.reflect.Method.invoke(Method.java:580) ~[?:?]
	at org.testng.internal.invokers.MethodInvocationHelper.invokeMethod(MethodInvocationHelper.java:139) ~[testng-7.9.0.jar:7.9.0]
	at org.testng.internal.invokers.TestInvoker.invokeMethod(TestInvoker.java:664) ~[testng-7.9.0.jar:7.9.0]
	at org.testng.internal.invokers.TestInvoker.invokeTestMethod(TestInvoker.java:228) ~[testng-7.9.0.jar:7.9.0]
	at org.testng.internal.invokers.MethodRunner.runInSequence(MethodRunner.java:63) ~[testng-7.9.0.jar:7.9.0]
	at org.testng.internal.invokers.TestInvoker$MethodInvocationAgent.invoke(TestInvoker.java:961) ~[testng-7.9.0.jar:7.9.0]
	at org.testng.internal.invokers.TestInvoker.invokeTestMethods(TestInvoker.java:201) ~[testng-7.9.0.jar:7.9.0]
	at org.testng.internal.invokers.TestMethodWorker.invokeTestMethods(TestMethodWorker.java:148) ~[testng-7.9.0.jar:7.9.0]
	at org.testng.internal.invokers.TestMethodWorker.run(TestMethodWorker.java:128) ~[testng-7.9.0.jar:7.9.0]
	at java.base/java.util.ArrayList.forEach(ArrayList.java:1596) [?:?]
	at org.testng.TestRunner.privateRun(TestRunner.java:819) [testng-7.9.0.jar:7.9.0]
	at org.testng.TestRunner.run(TestRunner.java:619) [testng-7.9.0.jar:7.9.0]
	at org.testng.SuiteRunner.runTest(SuiteRunner.java:443) [testng-7.9.0.jar:7.9.0]
	at org.testng.SuiteRunner.runSequentially(SuiteRunner.java:437) [testng-7.9.0.jar:7.9.0]
	at org.testng.SuiteRunner.privateRun(SuiteRunner.java:397) [testng-7.9.0.jar:7.9.0]
	at org.testng.SuiteRunner.run(SuiteRunner.java:336) [testng-7.9.0.jar:7.9.0]
	at org.testng.SuiteRunnerWorker.runSuite(SuiteRunnerWorker.java:52) [testng-7.9.0.jar:7.9.0]
	at org.testng.SuiteRunnerWorker.run(SuiteRunnerWorker.java:95) [testng-7.9.0.jar:7.9.0]
	at org.testng.TestNG.runSuitesSequentially(TestNG.java:1301) [testng-7.9.0.jar:7.9.0]
	at org.testng.TestNG.runSuitesLocally(TestNG.java:1228) [testng-7.9.0.jar:7.9.0]
	at org.testng.TestNG.runSuites(TestNG.java:1134) [testng-7.9.0.jar:7.9.0]
	at org.testng.TestNG.run(TestNG.java:1101) [testng-7.9.0.jar:7.9.0]
	at org.apache.maven.surefire.testng.TestNGExecutor.run(TestNGExecutor.java:155) [surefire-testng-3.2.5.jar:3.2.5]
	at org.apache.maven.surefire.testng.TestNGDirectoryTestSuite.executeSingleClass(TestNGDirectoryTestSuite.java:102) [surefire-testng-3.2.5.jar:3.2.5]
	at org.apache.maven.surefire.testng.TestNGDirectoryTestSuite.execute(TestNGDirectoryTestSuite.java:91) [surefire-testng-3.2.5.jar:3.2.5]
	at org.apache.maven.surefire.testng.TestNGProvider.invoke(TestNGProvider.java:137) [surefire-testng-3.2.5.jar:3.2.5]
	at org.apache.maven.surefire.booter.ForkedBooter.runSuitesInProcess(ForkedBooter.java:385) [surefire-booter-3.2.5.jar:3.2.5]
	at org.apache.maven.surefire.booter.ForkedBooter.execute(ForkedBooter.java:162) [surefire-booter-3.2.5.jar:3.2.5]
	at org.apache.maven.surefire.booter.ForkedBooter.run(ForkedBooter.java:507) [surefire-booter-3.2.5.jar:3.2.5]
	at org.apache.maven.surefire.booter.ForkedBooter.main(ForkedBooter.java:495) [surefire-booter-3.2.5.jar:3.2.5]
2026-07-10 08:56:47 [main] INFO  com.automation.pages.onboarding.AttestationsPage - No success modal or failed to click OK: Expected condition failed: waiting for visibility of element located by By.xpath: //button[contains(@class, 'success-btn') or normalize-space()='OK'] (tried for 5 second(s) with 500 milliseconds interval)
Build info: version: '4.18.1', revision: 'b1d3319b48'
System info: os.name: 'Windows 10', os.arch: 'amd64', os.version: '10.0', java.version: '21.0.10'
Driver info: org.openqa.selenium.chrome.ChromeDriver
Capabilities {acceptInsecureCerts: false, browserName: chrome, browserVersion: 149.0.7827.201, chrome: {chromedriverVersion: 149.0.7827.155 (07b52360cc1..., userDataDir: C:\Users\USER\AppData\Local...}, fedcm:accounts: true, goog:chromeOptions: {debuggerAddress: localhost:54086}, goog:processID: 916, networkConnectionEnabled: false, pageLoadStrategy: normal, platformName: windows, proxy: Proxy(), se:cdp: ws://localhost:54086/devtoo..., se:cdpVersion: 149.0.7827.201, setWindowRect: true, strictFileInteractability: false, timeouts: {implicit: 0, pageLoad: 300000, script: 30000}, unhandledPromptBehavior: dismiss and notify, webauthn:extension:credBlob: true, webauthn:extension:largeBlob: true, webauthn:extension:minPinLength: true, webauthn:extension:prf: true, webauthn:virtualAuthenticators: true}
Session ID: ed3f20d2ec8e99bad735d5c4fbfe1d03
2026-07-10 08:56:47 [main] INFO  com.automation.utils.ReportUtils - [PASS] Provider Onboarding workflow, form details, and document selections completed and submitted successfully.
]]></system-out>
    <system-err><![CDATA[SLF4J: Failed to load class "org.slf4j.impl.StaticLoggerBinder".
SLF4J: Defaulting to no-operation (NOP) logger implementation
SLF4J: See http://www.slf4j.org/codes.html#StaticLoggerBinder for further details.
Jul 10, 2026 8:52:09 AM org.openqa.selenium.devtools.CdpVersionFinder findNearestMatch
WARNING: Unable to find CDP implementation matching 149
Jul 10, 2026 8:52:09 AM org.openqa.selenium.chromium.ChromiumDriver lambda$new$5
WARNING: Unable to find version of CDP to use for 149.0.7827.201. You may need to include a dependency on a specific version of the CDP using something similar to `org.seleniumhq.selenium:selenium-devtools-v86:4.18.1` where the version ("v86") matches the version of the chromium-based browser you're using and the version number of the artifact is the same as Selenium's.
]]></system-err>
  </testcase>
</testsuite>