<?xml version="1.0" encoding="UTF-8"?>
<testng-results ignored="0" total="11" passed="10" failed="1" skipped="0">
  <reporter-output>
  </reporter-output>
  <suite started-at="2026-07-11T13:38:17 IST" name="Provider Passport Suite" finished-at="2026-07-11T13:41:26 IST" duration-ms="189241">
    <groups>
    </groups>
    <test started-at="2026-07-11T13:38:17 IST" name="Onboarding Workflows" finished-at="2026-07-11T13:41:26 IST" duration-ms="189241">
      <class name="com.automation.tests.LoginTest">
        <test-method is-config="true" signature="setupSuite()[pri:0, instance:com.automation.tests.LoginTest@58fb7731]" started-at="2026-07-11T13:38:17 IST" name="setupSuite" finished-at="2026-07-11T13:38:17 IST" duration-ms="433" status="PASS">
          <reporter-output>
          </reporter-output>
        </test-method> <!-- setupSuite -->
        <test-method is-config="true" signature="setupTest(java.lang.reflect.Method)[pri:0, instance:com.automation.tests.LoginTest@58fb7731]" started-at="2026-07-11T13:38:17 IST" name="setupTest" finished-at="2026-07-11T13:38:29 IST" duration-ms="11916" status="PASS">
          <params>
            <param index="0">
              <value>
                <![CDATA[public void com.automation.tests.LoginTest.testFailedLoginWithBlankEmailAndBlankPassword()]]>
              </value>
            </param>
          </params>
          <reporter-output>
          </reporter-output>
        </test-method> <!-- setupTest -->
        <test-method signature="testFailedLoginWithBlankEmailAndBlankPassword()[pri:0, instance:com.automation.tests.LoginTest@58fb7731]" started-at="2026-07-11T13:38:29 IST" name="testFailedLoginWithBlankEmailAndBlankPassword" finished-at="2026-07-11T13:38:36 IST" duration-ms="6727" status="PASS">
          <reporter-output>
          </reporter-output>
        </test-method> <!-- testFailedLoginWithBlankEmailAndBlankPassword -->
        <test-method is-config="true" signature="tearDownTest(org.testng.ITestResult)[pri:0, instance:com.automation.tests.LoginTest@58fb7731]" started-at="2026-07-11T13:38:36 IST" name="tearDownTest" finished-at="2026-07-11T13:38:36 IST" duration-ms="504" status="PASS">
          <params>
            <param index="0">
              <value>
                <![CDATA[[TestResult name=testFailedLoginWithBlankEmailAndBlankPassword status=SUCCESS method=LoginTest.testFailedLoginWithBlankEmailAndBlankPassword()[pri:0, instance:com.automation.tests.LoginTest@58fb7731] output={null}]]]>
              </value>
            </param>
          </params>
          <reporter-output>
          </reporter-output>
        </test-method> <!-- tearDownTest -->
        <test-method is-config="true" signature="setupTest(java.lang.reflect.Method)[pri:0, instance:com.automation.tests.LoginTest@58fb7731]" started-at="2026-07-11T13:38:36 IST" name="setupTest" finished-at="2026-07-11T13:38:45 IST" duration-ms="8753" status="PASS">
          <params>
            <param index="0">
              <value>
                <![CDATA[public void com.automation.tests.LoginTest.testFailedLoginWithBlankEmailAndValidPassword()]]>
              </value>
            </param>
          </params>
          <reporter-output>
          </reporter-output>
        </test-method> <!-- setupTest -->
        <test-method signature="testFailedLoginWithBlankEmailAndValidPassword()[pri:0, instance:com.automation.tests.LoginTest@58fb7731]" started-at="2026-07-11T13:38:45 IST" name="testFailedLoginWithBlankEmailAndValidPassword" finished-at="2026-07-11T13:38:52 IST" duration-ms="6682" status="PASS">
          <reporter-output>
          </reporter-output>
        </test-method> <!-- testFailedLoginWithBlankEmailAndValidPassword -->
        <test-method is-config="true" signature="tearDownTest(org.testng.ITestResult)[pri:0, instance:com.automation.tests.LoginTest@58fb7731]" started-at="2026-07-11T13:38:52 IST" name="tearDownTest" finished-at="2026-07-11T13:38:52 IST" duration-ms="469" status="PASS">
          <params>
            <param index="0">
              <value>
                <![CDATA[[TestResult name=testFailedLoginWithBlankEmailAndValidPassword status=SUCCESS method=LoginTest.testFailedLoginWithBlankEmailAndValidPassword()[pri:0, instance:com.automation.tests.LoginTest@58fb7731] output={null}]]]>
              </value>
            </param>
          </params>
          <reporter-output>
          </reporter-output>
        </test-method> <!-- tearDownTest -->
        <test-method is-config="true" signature="setupTest(java.lang.reflect.Method)[pri:0, instance:com.automation.tests.LoginTest@58fb7731]" started-at="2026-07-11T13:38:52 IST" name="setupTest" finished-at="2026-07-11T13:39:00 IST" duration-ms="7633" status="PASS">
          <params>
            <param index="0">
              <value>
                <![CDATA[public void com.automation.tests.LoginTest.testFailedLoginWithInvalidCredentials()]]>
              </value>
            </param>
          </params>
          <reporter-output>
          </reporter-output>
        </test-method> <!-- setupTest -->
        <test-method signature="testFailedLoginWithInvalidCredentials()[pri:0, instance:com.automation.tests.LoginTest@58fb7731]" started-at="2026-07-11T13:39:00 IST" name="testFailedLoginWithInvalidCredentials" finished-at="2026-07-11T13:39:02 IST" duration-ms="1953" status="PASS">
          <reporter-output>
          </reporter-output>
        </test-method> <!-- testFailedLoginWithInvalidCredentials -->
        <test-method is-config="true" signature="tearDownTest(org.testng.ITestResult)[pri:0, instance:com.automation.tests.LoginTest@58fb7731]" started-at="2026-07-11T13:39:02 IST" name="tearDownTest" finished-at="2026-07-11T13:39:02 IST" duration-ms="410" status="PASS">
          <params>
            <param index="0">
              <value>
                <![CDATA[[TestResult name=testFailedLoginWithInvalidCredentials status=SUCCESS method=LoginTest.testFailedLoginWithInvalidCredentials()[pri:0, instance:com.automation.tests.LoginTest@58fb7731] output={null}]]]>
              </value>
            </param>
          </params>
          <reporter-output>
          </reporter-output>
        </test-method> <!-- tearDownTest -->
        <test-method is-config="true" signature="setupTest(java.lang.reflect.Method)[pri:0, instance:com.automation.tests.LoginTest@58fb7731]" started-at="2026-07-11T13:39:02 IST" name="setupTest" finished-at="2026-07-11T13:39:09 IST" duration-ms="6871" status="PASS">
          <params>
            <param index="0">
              <value>
                <![CDATA[public void com.automation.tests.LoginTest.testFailedLoginWithInvalidEmailAndValidPassword()]]>
              </value>
            </param>
          </params>
          <reporter-output>
          </reporter-output>
        </test-method> <!-- setupTest -->
        <test-method signature="testFailedLoginWithInvalidEmailAndValidPassword()[pri:0, instance:com.automation.tests.LoginTest@58fb7731]" started-at="2026-07-11T13:39:09 IST" name="testFailedLoginWithInvalidEmailAndValidPassword" finished-at="2026-07-11T13:39:11 IST" duration-ms="2215" status="PASS">
          <reporter-output>
          </reporter-output>
        </test-method> <!-- testFailedLoginWithInvalidEmailAndValidPassword -->
        <test-method is-config="true" signature="tearDownTest(org.testng.ITestResult)[pri:0, instance:com.automation.tests.LoginTest@58fb7731]" started-at="2026-07-11T13:39:11 IST" name="tearDownTest" finished-at="2026-07-11T13:39:12 IST" duration-ms="398" status="PASS">
          <params>
            <param index="0">
              <value>
                <![CDATA[[TestResult name=testFailedLoginWithInvalidEmailAndValidPassword status=SUCCESS method=LoginTest.testFailedLoginWithInvalidEmailAndValidPassword()[pri:0, instance:com.automation.tests.LoginTest@58fb7731] output={null}]]]>
              </value>
            </param>
          </params>
          <reporter-output>
          </reporter-output>
        </test-method> <!-- tearDownTest -->
        <test-method is-config="true" signature="setupTest(java.lang.reflect.Method)[pri:0, instance:com.automation.tests.LoginTest@58fb7731]" started-at="2026-07-11T13:39:12 IST" name="setupTest" finished-at="2026-07-11T13:39:17 IST" duration-ms="5644" status="PASS">
          <params>
            <param index="0">
              <value>
                <![CDATA[public void com.automation.tests.LoginTest.testFailedLoginWithInvalidEmailFormat()]]>
              </value>
            </param>
          </params>
          <reporter-output>
          </reporter-output>
        </test-method> <!-- setupTest -->
        <test-method signature="testFailedLoginWithInvalidEmailFormat()[pri:0, instance:com.automation.tests.LoginTest@58fb7731]" started-at="2026-07-11T13:39:17 IST" name="testFailedLoginWithInvalidEmailFormat" finished-at="2026-07-11T13:39:24 IST" duration-ms="6112" status="PASS">
          <reporter-output>
          </reporter-output>
        </test-method> <!-- testFailedLoginWithInvalidEmailFormat -->
        <test-method is-config="true" signature="tearDownTest(org.testng.ITestResult)[pri:0, instance:com.automation.tests.LoginTest@58fb7731]" started-at="2026-07-11T13:39:24 IST" name="tearDownTest" finished-at="2026-07-11T13:39:24 IST" duration-ms="457" status="PASS">
          <params>
            <param index="0">
              <value>
                <![CDATA[[TestResult name=testFailedLoginWithInvalidEmailFormat status=SUCCESS method=LoginTest.testFailedLoginWithInvalidEmailFormat()[pri:0, instance:com.automation.tests.LoginTest@58fb7731] output={null}]]]>
              </value>
            </param>
          </params>
          <reporter-output>
          </reporter-output>
        </test-method> <!-- tearDownTest -->
        <test-method is-config="true" signature="setupTest(java.lang.reflect.Method)[pri:0, instance:com.automation.tests.LoginTest@58fb7731]" started-at="2026-07-11T13:39:24 IST" name="setupTest" finished-at="2026-07-11T13:39:30 IST" duration-ms="6184" status="PASS">
          <params>
            <param index="0">
              <value>
                <![CDATA[public void com.automation.tests.LoginTest.testFailedLoginWithLongInputs()]]>
              </value>
            </param>
          </params>
          <reporter-output>
          </reporter-output>
        </test-method> <!-- setupTest -->
        <test-method signature="testFailedLoginWithLongInputs()[pri:0, instance:com.automation.tests.LoginTest@58fb7731]" started-at="2026-07-11T13:39:30 IST" name="testFailedLoginWithLongInputs" finished-at="2026-07-11T13:39:37 IST" duration-ms="6755" status="PASS">
          <reporter-output>
          </reporter-output>
        </test-method> <!-- testFailedLoginWithLongInputs -->
        <test-method is-config="true" signature="tearDownTest(org.testng.ITestResult)[pri:0, instance:com.automation.tests.LoginTest@58fb7731]" started-at="2026-07-11T13:39:37 IST" name="tearDownTest" finished-at="2026-07-11T13:39:38 IST" duration-ms="782" status="PASS">
          <params>
            <param index="0">
              <value>
                <![CDATA[[TestResult name=testFailedLoginWithLongInputs status=SUCCESS method=LoginTest.testFailedLoginWithLongInputs()[pri:0, instance:com.automation.tests.LoginTest@58fb7731] output={null}]]]>
              </value>
            </param>
          </params>
          <reporter-output>
          </reporter-output>
        </test-method> <!-- tearDownTest -->
        <test-method is-config="true" signature="setupTest(java.lang.reflect.Method)[pri:0, instance:com.automation.tests.LoginTest@58fb7731]" started-at="2026-07-11T13:39:38 IST" name="setupTest" finished-at="2026-07-11T13:39:46 IST" duration-ms="7892" status="PASS">
          <params>
            <param index="0">
              <value>
                <![CDATA[public void com.automation.tests.LoginTest.testFailedLoginWithSqlInjectionEmail()]]>
              </value>
            </param>
          </params>
          <reporter-output>
          </reporter-output>
        </test-method> <!-- setupTest -->
        <test-method signature="testFailedLoginWithSqlInjectionEmail()[pri:0, instance:com.automation.tests.LoginTest@58fb7731]" started-at="2026-07-11T13:39:46 IST" name="testFailedLoginWithSqlInjectionEmail" finished-at="2026-07-11T13:39:52 IST" duration-ms="6548" status="PASS">
          <reporter-output>
          </reporter-output>
        </test-method> <!-- testFailedLoginWithSqlInjectionEmail -->
        <test-method is-config="true" signature="tearDownTest(org.testng.ITestResult)[pri:0, instance:com.automation.tests.LoginTest@58fb7731]" started-at="2026-07-11T13:39:52 IST" name="tearDownTest" finished-at="2026-07-11T13:39:53 IST" duration-ms="452" status="PASS">
          <params>
            <param index="0">
              <value>
                <![CDATA[[TestResult name=testFailedLoginWithSqlInjectionEmail status=SUCCESS method=LoginTest.testFailedLoginWithSqlInjectionEmail()[pri:0, instance:com.automation.tests.LoginTest@58fb7731] output={null}]]]>
              </value>
            </param>
          </params>
          <reporter-output>
          </reporter-output>
        </test-method> <!-- tearDownTest -->
        <test-method is-config="true" signature="setupTest(java.lang.reflect.Method)[pri:0, instance:com.automation.tests.LoginTest@58fb7731]" started-at="2026-07-11T13:39:53 IST" name="setupTest" finished-at="2026-07-11T13:40:00 IST" duration-ms="7334" status="PASS">
          <params>
            <param index="0">
              <value>
                <![CDATA[public void com.automation.tests.LoginTest.testFailedLoginWithValidEmailAndBlankPassword()]]>
              </value>
            </param>
          </params>
          <reporter-output>
          </reporter-output>
        </test-method> <!-- setupTest -->
        <test-method signature="testFailedLoginWithValidEmailAndBlankPassword()[pri:0, instance:com.automation.tests.LoginTest@58fb7731]" started-at="2026-07-11T13:40:00 IST" name="testFailedLoginWithValidEmailAndBlankPassword" finished-at="2026-07-11T13:40:06 IST" duration-ms="5676" status="PASS">
          <reporter-output>
          </reporter-output>
        </test-method> <!-- testFailedLoginWithValidEmailAndBlankPassword -->
        <test-method is-config="true" signature="tearDownTest(org.testng.ITestResult)[pri:0, instance:com.automation.tests.LoginTest@58fb7731]" started-at="2026-07-11T13:40:06 IST" name="tearDownTest" finished-at="2026-07-11T13:40:06 IST" duration-ms="600" status="PASS">
          <params>
            <param index="0">
              <value>
                <![CDATA[[TestResult name=testFailedLoginWithValidEmailAndBlankPassword status=SUCCESS method=LoginTest.testFailedLoginWithValidEmailAndBlankPassword()[pri:0, instance:com.automation.tests.LoginTest@58fb7731] output={null}]]]>
              </value>
            </param>
          </params>
          <reporter-output>
          </reporter-output>
        </test-method> <!-- tearDownTest -->
        <test-method is-config="true" signature="setupTest(java.lang.reflect.Method)[pri:0, instance:com.automation.tests.LoginTest@58fb7731]" started-at="2026-07-11T13:40:06 IST" name="setupTest" finished-at="2026-07-11T13:40:12 IST" duration-ms="5602" status="PASS">
          <params>
            <param index="0">
              <value>
                <![CDATA[public void com.automation.tests.LoginTest.testFailedLoginWithValidEmailAndInvalidPassword()]]>
              </value>
            </param>
          </params>
          <reporter-output>
          </reporter-output>
        </test-method> <!-- setupTest -->
        <test-method signature="testFailedLoginWithValidEmailAndInvalidPassword()[pri:0, instance:com.automation.tests.LoginTest@58fb7731]" started-at="2026-07-11T13:40:12 IST" name="testFailedLoginWithValidEmailAndInvalidPassword" finished-at="2026-07-11T13:40:15 IST" duration-ms="2946" status="PASS">
          <reporter-output>
          </reporter-output>
        </test-method> <!-- testFailedLoginWithValidEmailAndInvalidPassword -->
        <test-method is-config="true" signature="tearDownTest(org.testng.ITestResult)[pri:0, instance:com.automation.tests.LoginTest@58fb7731]" started-at="2026-07-11T13:40:15 IST" name="tearDownTest" finished-at="2026-07-11T13:40:15 IST" duration-ms="503" status="PASS">
          <params>
            <param index="0">
              <value>
                <![CDATA[[TestResult name=testFailedLoginWithValidEmailAndInvalidPassword status=SUCCESS method=LoginTest.testFailedLoginWithValidEmailAndInvalidPassword()[pri:0, instance:com.automation.tests.LoginTest@58fb7731] output={null}]]]>
              </value>
            </param>
          </params>
          <reporter-output>
          </reporter-output>
        </test-method> <!-- tearDownTest -->
        <test-method is-config="true" signature="setupTest(java.lang.reflect.Method)[pri:0, instance:com.automation.tests.LoginTest@58fb7731]" started-at="2026-07-11T13:40:15 IST" name="setupTest" finished-at="2026-07-11T13:40:21 IST" duration-ms="5835" status="PASS">
          <params>
            <param index="0">
              <value>
                <![CDATA[public void com.automation.tests.LoginTest.testSuccessfulLogin()]]>
              </value>
            </param>
          </params>
          <reporter-output>
          </reporter-output>
        </test-method> <!-- setupTest -->
        <test-method signature="testSuccessfulLogin()[pri:0, instance:com.automation.tests.LoginTest@58fb7731]" started-at="2026-07-11T13:40:21 IST" name="testSuccessfulLogin" finished-at="2026-07-11T13:40:29 IST" duration-ms="7552" status="PASS">
          <reporter-output>
          </reporter-output>
        </test-method> <!-- testSuccessfulLogin -->
        <test-method is-config="true" signature="tearDownTest(org.testng.ITestResult)[pri:0, instance:com.automation.tests.LoginTest@58fb7731]" started-at="2026-07-11T13:40:29 IST" name="tearDownTest" finished-at="2026-07-11T13:40:31 IST" duration-ms="2316" status="PASS">
          <params>
            <param index="0">
              <value>
                <![CDATA[[TestResult name=testSuccessfulLogin status=SUCCESS method=LoginTest.testSuccessfulLogin()[pri:0, instance:com.automation.tests.LoginTest@58fb7731] output={null}]]]>
              </value>
            </param>
          </params>
          <reporter-output>
          </reporter-output>
        </test-method> <!-- tearDownTest -->
        <test-method is-config="true" signature="tearDownSuite()[pri:0, instance:com.automation.tests.LoginTest@58fb7731]" started-at="2026-07-11T13:41:27 IST" name="tearDownSuite" finished-at="2026-07-11T13:41:27 IST" duration-ms="724" status="PASS">
          <reporter-output>
          </reporter-output>
        </test-method> <!-- tearDownSuite -->
      </class> <!-- com.automation.tests.LoginTest -->
      <class name="com.automation.tests.OnboardingTest">
        <test-method is-config="true" signature="setupTest(java.lang.reflect.Method)[pri:0, instance:com.automation.tests.OnboardingTest@4b9df8a]" started-at="2026-07-11T13:40:31 IST" name="setupTest" finished-at="2026-07-11T13:40:37 IST" duration-ms="6255" status="PASS">
          <params>
            <param index="0">
              <value>
                <![CDATA[public void com.automation.tests.OnboardingTest.testSuccessfulOnboarding() throws java.lang.Exception]]>
              </value>
            </param>
          </params>
          <reporter-output>
          </reporter-output>
        </test-method> <!-- setupTest -->
        <test-method signature="testSuccessfulOnboarding()[pri:0, instance:com.automation.tests.OnboardingTest@4b9df8a]" started-at="2026-07-11T13:40:37 IST" name="testSuccessfulOnboarding" finished-at="2026-07-11T13:41:26 IST" duration-ms="48355" status="FAIL">
          <exception class="java.lang.AssertionError">
            <message>
              <![CDATA[Failed to submit onboarding request or open a new tab with NPI: 1780658039 expected [true] but found [false]]]>
            </message>
            <full-stacktrace>
              <![CDATA[java.lang.AssertionError: Failed to submit onboarding request or open a new tab with NPI: 1780658039 expected [true] but found [false]
at org.testng.Assert.fail(Assert.java:111)
at org.testng.Assert.failNotEquals(Assert.java:1578)
at org.testng.Assert.assertTrue(Assert.java:57)
at com.automation.tests.OnboardingTest.testSuccessfulOnboarding(OnboardingTest.java:92)
at java.base/jdk.internal.reflect.DirectMethodHandleAccessor.invoke(DirectMethodHandleAccessor.java:103)
at java.base/java.lang.reflect.Method.invoke(Method.java:580)
at org.testng.internal.invokers.MethodInvocationHelper.invokeMethod(MethodInvocationHelper.java:139)
at org.testng.internal.invokers.TestInvoker.invokeMethod(TestInvoker.java:664)
at org.testng.internal.invokers.TestInvoker.invokeTestMethod(TestInvoker.java:228)
at org.testng.internal.invokers.MethodRunner.runInSequence(MethodRunner.java:63)
at org.testng.internal.invokers.TestInvoker$MethodInvocationAgent.invoke(TestInvoker.java:961)
at org.testng.internal.invokers.TestInvoker.invokeTestMethods(TestInvoker.java:201)
at org.testng.internal.invokers.TestMethodWorker.invokeTestMethods(TestMethodWorker.java:148)
at org.testng.internal.invokers.TestMethodWorker.run(TestMethodWorker.java:128)
at java.base/java.util.ArrayList.forEach(ArrayList.java:1596)
at org.testng.TestRunner.privateRun(TestRunner.java:819)
at org.testng.TestRunner.run(TestRunner.java:619)
at org.testng.SuiteRunner.runTest(SuiteRunner.java:443)
at org.testng.SuiteRunner.runSequentially(SuiteRunner.java:437)
at org.testng.SuiteRunner.privateRun(SuiteRunner.java:397)
at org.testng.SuiteRunner.run(SuiteRunner.java:336)
at org.testng.SuiteRunnerWorker.runSuite(SuiteRunnerWorker.java:52)
at org.testng.SuiteRunnerWorker.run(SuiteRunnerWorker.java:95)
at org.testng.TestNG.runSuitesSequentially(TestNG.java:1301)
at org.testng.TestNG.runSuitesLocally(TestNG.java:1228)
at org.testng.TestNG.runSuites(TestNG.java:1134)
at org.testng.TestNG.run(TestNG.java:1101)
at org.apache.maven.surefire.testng.TestNGExecutor.run(TestNGExecutor.java:308)
at org.apache.maven.surefire.testng.TestNGXmlTestSuite.execute(TestNGXmlTestSuite.java:71)
at org.apache.maven.surefire.testng.TestNGProvider.invoke(TestNGProvider.java:113)
at org.apache.maven.surefire.booter.ForkedBooter.runSuitesInProcess(ForkedBooter.java:385)
at org.apache.maven.surefire.booter.ForkedBooter.execute(ForkedBooter.java:162)
at org.apache.maven.surefire.booter.ForkedBooter.run(ForkedBooter.java:507)
at org.apache.maven.surefire.booter.ForkedBooter.main(ForkedBooter.java:495)
]]>
            </full-stacktrace>
          </exception> <!-- java.lang.AssertionError -->
          <reporter-output>
          </reporter-output>
        </test-method> <!-- testSuccessfulOnboarding -->
        <test-method is-config="true" signature="tearDownTest(org.testng.ITestResult)[pri:0, instance:com.automation.tests.OnboardingTest@4b9df8a]" started-at="2026-07-11T13:41:26 IST" name="tearDownTest" finished-at="2026-07-11T13:41:26 IST" duration-ms="824" status="PASS">
          <params>
            <param index="0">
              <value>
                <![CDATA[[TestResult name=testSuccessfulOnboarding status=FAILURE method=OnboardingTest.testSuccessfulOnboarding()[pri:0, instance:com.automation.tests.OnboardingTest@4b9df8a] output={null}]]]>
              </value>
            </param>
          </params>
          <reporter-output>
          </reporter-output>
        </test-method> <!-- tearDownTest -->
      </class> <!-- com.automation.tests.OnboardingTest -->
    </test> <!-- Onboarding Workflows -->
  </suite> <!-- Provider Passport Suite -->
</testng-results>
