<?xml version="1.0" encoding="UTF-8"?>
<testsuite xmlns:xsi="http://www.w3.org/2001/XMLSchema-instance" xsi:noNamespaceSchemaLocation="https://maven.apache.org/surefire/maven-surefire-plugin/xsd/surefire-test-report-3.0.xsd" version="3.0" name="TestSuite" time="193.175" tests="11" errors="0" skipped="0" failures="1">
  <properties>
[...]
</properties>
  <testcase name="testFailedLoginWithBlankEmailAndBlankPassword" classname="com.automation.tests.LoginTest" time="6.827">
    <system-out><![CDATA[2026-07-11 13:38:17 [main] INFO  com.automation.utils.ReportUtils - Initializing ExtentReports...
2026-07-11 13:38:17 [main] INFO  com.automation.tests.BaseTest - Test suite configuration initialized.
2026-07-11 13:38:17 [main] INFO  com.automation.utils.ReportUtils - Started report test: 'testFailedLoginWithBlankEmailAndBlankPassword'
2026-07-11 13:38:17 [main] INFO  com.automation.utils.ConfigReader - Configuration properties loaded successfully.
2026-07-11 13:38:17 [main] INFO  com.automation.tests.BaseTest - Initializing browser: chrome (Headless: false)
2026-07-11 13:38:20 [main] INFO  io.github.bonigarcia.wdm.WebDriverManager - Using chromedriver 149.0.7827.155 (resolved driver for Chrome 149)
2026-07-11 13:38:20 [main] INFO  io.github.bonigarcia.wdm.WebDriverManager - Exporting webdriver.chrome.driver as C:\Users\USER\.cache\selenium\chromedriver\win64\149.0.7827.155\chromedriver.exe
2026-07-11 13:38:23 [main] INFO  com.automation.tests.BaseTest - Navigating to URL: http://mumbai.staging-provider-passport.s3-website.ap-south-1.amazonaws.com/#/auth/login
2026-07-11 13:38:29 [main] INFO  com.automation.utils.ReportUtils - Running negative test case: Login with blank email and blank password...
2026-07-11 13:38:29 [main] INFO  com.automation.utils.ReportUtils - Attempting login with blank email and blank password.
2026-07-11 13:38:29 [main] INFO  com.automation.utils.ElementUtils - Waiting for element By.xpath: //button[contains(., 'Password')] | //span[contains(text(), 'Password')] | //*[text()='Password'] to be clickable (Timeout: 30s)
2026-07-11 13:38:30 [main] INFO  com.automation.utils.ElementUtils - Clicking on element By.xpath: //button[contains(., 'Password')] | //span[contains(text(), 'Password')] | //*[text()='Password']
2026-07-11 13:38:30 [main] INFO  com.automation.utils.ElementUtils - Clearing and typing '' in element By.xpath: //input[@type='email' or @placeholder='email@example.com' or contains(@placeholder, 'email')]
2026-07-11 13:38:30 [main] INFO  com.automation.utils.ElementUtils - Waiting for element By.xpath: //input[@type='email' or @placeholder='email@example.com' or contains(@placeholder, 'email')] to be visible (Timeout: 30s)
2026-07-11 13:38:31 [main] INFO  com.automation.utils.ElementUtils - Clearing and typing '' in element By.xpath: //input[@type='password' or @placeholder='Enter Password' or contains(@placeholder, 'Password')]
2026-07-11 13:38:31 [main] INFO  com.automation.utils.ElementUtils - Waiting for element By.xpath: //input[@type='password' or @placeholder='Enter Password' or contains(@placeholder, 'Password')] to be visible (Timeout: 30s)
2026-07-11 13:38:31 [main] INFO  com.automation.utils.ElementUtils - Waiting for element By.xpath: //button[contains(., 'Sign In') or contains(., 'Sign in') or contains(@class, 'Sign')] to be clickable (Timeout: 30s)
2026-07-11 13:38:31 [main] INFO  com.automation.utils.ElementUtils - Clicking on element By.xpath: //button[contains(., 'Sign In') or contains(., 'Sign in') or contains(@class, 'Sign')]
2026-07-11 13:38:31 [main] INFO  com.automation.utils.ReportUtils - Verifying error message is displayed on login page...
2026-07-11 13:38:31 [main] INFO  com.automation.utils.ElementUtils - Checking visibility of element By.xpath: //div[contains(@class, 'error') or contains(@class, 'alert')] | //*[contains(text(), 'Invalid') or contains(text(), 'invalid') or contains(text(), 'failed') or contains(text(), 'incorrect') or contains(text(), 'user id')]
2026-07-11 13:38:31 [main] INFO  com.automation.utils.ElementUtils - Waiting for element By.xpath: //div[contains(@class, 'error') or contains(@class, 'alert')] | //*[contains(text(), 'Invalid') or contains(text(), 'invalid') or contains(text(), 'failed') or contains(text(), 'incorrect') or contains(text(), 'user id')] to be visible (Timeout: 2s)
2026-07-11 13:38:33 [main] ERROR com.automation.utils.ElementUtils - Element By.xpath: //div[contains(@class, 'error') or contains(@class, 'alert')] | //*[contains(text(), 'Invalid') or contains(text(), 'invalid') or contains(text(), 'failed') or contains(text(), 'incorrect') or contains(text(), 'user id')] was not visible within 2s
org.openqa.selenium.TimeoutException: Expected condition failed: waiting for visibility of element located by By.xpath: //div[contains(@class, 'error') or contains(@class, 'alert')] | //*[contains(text(), 'Invalid') or contains(text(), 'invalid') or contains(text(), 'failed') or contains(text(), 'incorrect') or contains(text(), 'user id')] (tried for 2 second(s) with 500 milliseconds interval)
Build info: version: '4.18.1', revision: 'b1d3319b48'
System info: os.name: 'Windows 10', os.arch: 'amd64', os.version: '10.0', java.version: '21.0.10'
Driver info: org.openqa.selenium.chrome.ChromeDriver
Capabilities {acceptInsecureCerts: false, browserName: chrome, browserVersion: 149.0.7827.201, chrome: {chromedriverVersion: 149.0.7827.155 (07b52360cc1..., userDataDir: C:\Users\USER\AppData\Local...}, fedcm:accounts: true, goog:chromeOptions: {debuggerAddress: localhost:56826}, goog:processID: 9028, networkConnectionEnabled: false, pageLoadStrategy: normal, platformName: windows, proxy: Proxy(), se:cdp: ws://localhost:56826/devtoo..., se:cdpVersion: 149.0.7827.201, setWindowRect: true, strictFileInteractability: false, timeouts: {implicit: 0, pageLoad: 300000, script: 30000}, unhandledPromptBehavior: dismiss and notify, webauthn:extension:credBlob: true, webauthn:extension:largeBlob: true, webauthn:extension:minPinLength: true, webauthn:extension:prf: true, webauthn:virtualAuthenticators: true}
Session ID: af85ca7520f3565375c3529ca072dcc3
	at org.openqa.selenium.support.ui.WebDriverWait.timeoutException(WebDriverWait.java:84) ~[selenium-support-4.18.1.jar:?]
	at org.openqa.selenium.support.ui.FluentWait.until(FluentWait.java:228) ~[selenium-support-4.18.1.jar:?]
	at com.automation.utils.ElementUtils.waitForElementToBeVisible(ElementUtils.java:26) ~[classes/:?]
	at com.automation.utils.ElementUtils.isDisplayed(ElementUtils.java:155) ~[classes/:?]
	at com.automation.pages.LoginPage.isErrorMessageDisplayed(LoginPage.java:55) ~[classes/:?]
	at com.automation.tests.LoginTest.verifyLoginFailure(LoginTest.java:177) ~[test-classes/:?]
	at com.automation.tests.LoginTest.testFailedLoginWithBlankEmailAndBlankPassword(LoginTest.java:114) ~[test-classes/:?]
	at java.base/jdk.internal.reflect.DirectMethodHandleAccessor.invoke(DirectMethodHandleAccessor.java:103) ~[?:?]
	at java.base/java.lang.reflect.Method.invoke(Method.java:580) ~[?:?]
	at org.testng.internal.invokers.MethodInvocationHelper.invokeMethod(MethodInvocationHelper.java:139) ~[testng-7.9.0.jar:7.9.0]
	at org.testng.internal.invokers.TestInvoker.invokeMethod(TestInvoker.java:664) ~[testng-7.9.0.jar:7.9.0]
	at org.testng.internal.invokers.TestInvoker.invokeTestMethod(TestInvoker.java:228) ~[testng-7.9.0.jar:7.9.0]
	at org.testng.internal.invokers.MethodRunner.runInSequence(MethodRunner.java:63) ~[testng-7.9.0.jar:7.9.0]
	at org.testng.internal.invokers.TestInvoker$MethodInvocationAgent.invoke(TestInvoker.java:961) ~[testng-7.9.0.jar:7.9.0]
	at org.testng.internal.invokers.TestInvoker.invokeTestMethods(TestInvoker.java:201) ~[testng-7.9.0.jar:7.9.0]
	at org.testng.internal.invokers.TestMethodWorker.invokeTestMethods(TestMethodWorker.java:148) ~[testng-7.9.0.jar:7.9.0]
	at org.testng.internal.invokers.TestMethodWorker.run(TestMethodWorker.java:128) ~[testng-7.9.0.jar:7.9.0]
	at java.base/java.util.ArrayList.forEach(ArrayList.java:1596) [?:?]
	at org.testng.TestRunner.privateRun(TestRunner.java:819) [testng-7.9.0.jar:7.9.0]
	at org.testng.TestRunner.run(TestRunner.java:619) [testng-7.9.0.jar:7.9.0]
	at org.testng.SuiteRunner.runTest(SuiteRunner.java:443) [testng-7.9.0.jar:7.9.0]
	at org.testng.SuiteRunner.runSequentially(SuiteRunner.java:437) [testng-7.9.0.jar:7.9.0]
	at org.testng.SuiteRunner.privateRun(SuiteRunner.java:397) [testng-7.9.0.jar:7.9.0]
	at org.testng.SuiteRunner.run(SuiteRunner.java:336) [testng-7.9.0.jar:7.9.0]
	at org.testng.SuiteRunnerWorker.runSuite(SuiteRunnerWorker.java:52) [testng-7.9.0.jar:7.9.0]
	at org.testng.SuiteRunnerWorker.run(SuiteRunnerWorker.java:95) [testng-7.9.0.jar:7.9.0]
	at org.testng.TestNG.runSuitesSequentially(TestNG.java:1301) [testng-7.9.0.jar:7.9.0]
	at org.testng.TestNG.runSuitesLocally(TestNG.java:1228) [testng-7.9.0.jar:7.9.0]
	at org.testng.TestNG.runSuites(TestNG.java:1134) [testng-7.9.0.jar:7.9.0]
	at org.testng.TestNG.run(TestNG.java:1101) [testng-7.9.0.jar:7.9.0]
	at org.apache.maven.surefire.testng.TestNGExecutor.run(TestNGExecutor.java:308) [surefire-testng-3.2.5.jar:3.2.5]
	at org.apache.maven.surefire.testng.TestNGXmlTestSuite.execute(TestNGXmlTestSuite.java:71) [surefire-testng-3.2.5.jar:3.2.5]
	at org.apache.maven.surefire.testng.TestNGProvider.invoke(TestNGProvider.java:113) [surefire-testng-3.2.5.jar:3.2.5]
	at org.apache.maven.surefire.booter.ForkedBooter.runSuitesInProcess(ForkedBooter.java:385) [surefire-booter-3.2.5.jar:3.2.5]
	at org.apache.maven.surefire.booter.ForkedBooter.execute(ForkedBooter.java:162) [surefire-booter-3.2.5.jar:3.2.5]
	at org.apache.maven.surefire.booter.ForkedBooter.run(ForkedBooter.java:507) [surefire-booter-3.2.5.jar:3.2.5]
	at org.apache.maven.surefire.booter.ForkedBooter.main(ForkedBooter.java:495) [surefire-booter-3.2.5.jar:3.2.5]
2026-07-11 13:38:34 [main] WARN  com.automation.utils.ElementUtils - Element By.xpath: //div[contains(@class, 'error') or contains(@class, 'alert')] | //*[contains(text(), 'Invalid') or contains(text(), 'invalid') or contains(text(), 'failed') or contains(text(), 'incorrect') or contains(text(), 'user id')] is not displayed
2026-07-11 13:38:34 [main] INFO  com.automation.utils.ElementUtils - Checking visibility of element By.xpath: //div[contains(@class, 'error') or contains(@class, 'alert')] | //*[contains(text(), 'Invalid') or contains(text(), 'invalid') or contains(text(), 'failed') or contains(text(), 'incorrect') or contains(text(), 'user id')]
2026-07-11 13:38:34 [main] INFO  com.automation.utils.ElementUtils - Waiting for element By.xpath: //div[contains(@class, 'error') or contains(@class, 'alert')] | //*[contains(text(), 'Invalid') or contains(text(), 'invalid') or contains(text(), 'failed') or contains(text(), 'incorrect') or contains(text(), 'user id')] to be visible (Timeout: 2s)
2026-07-11 13:38:36 [main] ERROR com.automation.utils.ElementUtils - Element By.xpath: //div[contains(@class, 'error') or contains(@class, 'alert')] | //*[contains(text(), 'Invalid') or contains(text(), 'invalid') or contains(text(), 'failed') or contains(text(), 'incorrect') or contains(text(), 'user id')] was not visible within 2s
org.openqa.selenium.TimeoutException: Expected condition failed: waiting for visibility of element located by By.xpath: //div[contains(@class, 'error') or contains(@class, 'alert')] | //*[contains(text(), 'Invalid') or contains(text(), 'invalid') or contains(text(), 'failed') or contains(text(), 'incorrect') or contains(text(), 'user id')] (tried for 2 second(s) with 500 milliseconds interval)
Build info: version: '4.18.1', revision: 'b1d3319b48'
System info: os.name: 'Windows 10', os.arch: 'amd64', os.version: '10.0', java.version: '21.0.10'
Driver info: org.openqa.selenium.chrome.ChromeDriver
Capabilities {acceptInsecureCerts: false, browserName: chrome, browserVersion: 149.0.7827.201, chrome: {chromedriverVersion: 149.0.7827.155 (07b52360cc1..., userDataDir: C:\Users\USER\AppData\Local...}, fedcm:accounts: true, goog:chromeOptions: {debuggerAddress: localhost:56826}, goog:processID: 9028, networkConnectionEnabled: false, pageLoadStrategy: normal, platformName: windows, proxy: Proxy(), se:cdp: ws://localhost:56826/devtoo..., se:cdpVersion: 149.0.7827.201, setWindowRect: true, strictFileInteractability: false, timeouts: {implicit: 0, pageLoad: 300000, script: 30000}, unhandledPromptBehavior: dismiss and notify, webauthn:extension:credBlob: true, webauthn:extension:largeBlob: true, webauthn:extension:minPinLength: true, webauthn:extension:prf: true, webauthn:virtualAuthenticators: true}
Session ID: af85ca7520f3565375c3529ca072dcc3
	at org.openqa.selenium.support.ui.WebDriverWait.timeoutException(WebDriverWait.java:84) ~[selenium-support-4.18.1.jar:?]
	at org.openqa.selenium.support.ui.FluentWait.until(FluentWait.java:228) ~[selenium-support-4.18.1.jar:?]
	at com.automation.utils.ElementUtils.waitForElementToBeVisible(ElementUtils.java:26) ~[classes/:?]
	at com.automation.utils.ElementUtils.isDisplayed(ElementUtils.java:155) ~[classes/:?]
	at com.automation.pages.LoginPage.getErrorMessageText(LoginPage.java:74) ~[classes/:?]
	at com.automation.tests.LoginTest.verifyLoginFailure(LoginTest.java:180) ~[test-classes/:?]
	at com.automation.tests.LoginTest.testFailedLoginWithBlankEmailAndBlankPassword(LoginTest.java:114) ~[test-classes/:?]
	at java.base/jdk.internal.reflect.DirectMethodHandleAccessor.invoke(DirectMethodHandleAccessor.java:103) ~[?:?]
	at java.base/java.lang.reflect.Method.invoke(Method.java:580) ~[?:?]
	at org.testng.internal.invokers.MethodInvocationHelper.invokeMethod(MethodInvocationHelper.java:139) ~[testng-7.9.0.jar:7.9.0]
	at org.testng.internal.invokers.TestInvoker.invokeMethod(TestInvoker.java:664) ~[testng-7.9.0.jar:7.9.0]
	at org.testng.internal.invokers.TestInvoker.invokeTestMethod(TestInvoker.java:228) ~[testng-7.9.0.jar:7.9.0]
	at org.testng.internal.invokers.MethodRunner.runInSequence(MethodRunner.java:63) ~[testng-7.9.0.jar:7.9.0]
	at org.testng.internal.invokers.TestInvoker$MethodInvocationAgent.invoke(TestInvoker.java:961) ~[testng-7.9.0.jar:7.9.0]
	at org.testng.internal.invokers.TestInvoker.invokeTestMethods(TestInvoker.java:201) ~[testng-7.9.0.jar:7.9.0]
	at org.testng.internal.invokers.TestMethodWorker.invokeTestMethods(TestMethodWorker.java:148) ~[testng-7.9.0.jar:7.9.0]
	at org.testng.internal.invokers.TestMethodWorker.run(TestMethodWorker.java:128) ~[testng-7.9.0.jar:7.9.0]
	at java.base/java.util.ArrayList.forEach(ArrayList.java:1596) [?:?]
	at org.testng.TestRunner.privateRun(TestRunner.java:819) [testng-7.9.0.jar:7.9.0]
	at org.testng.TestRunner.run(TestRunner.java:619) [testng-7.9.0.jar:7.9.0]
	at org.testng.SuiteRunner.runTest(SuiteRunner.java:443) [testng-7.9.0.jar:7.9.0]
	at org.testng.SuiteRunner.runSequentially(SuiteRunner.java:437) [testng-7.9.0.jar:7.9.0]
	at org.testng.SuiteRunner.privateRun(SuiteRunner.java:397) [testng-7.9.0.jar:7.9.0]
	at org.testng.SuiteRunner.run(SuiteRunner.java:336) [testng-7.9.0.jar:7.9.0]
	at org.testng.SuiteRunnerWorker.runSuite(SuiteRunnerWorker.java:52) [testng-7.9.0.jar:7.9.0]
	at org.testng.SuiteRunnerWorker.run(SuiteRunnerWorker.java:95) [testng-7.9.0.jar:7.9.0]
	at org.testng.TestNG.runSuitesSequentially(TestNG.java:1301) [testng-7.9.0.jar:7.9.0]
	at org.testng.TestNG.runSuitesLocally(TestNG.java:1228) [testng-7.9.0.jar:7.9.0]
	at org.testng.TestNG.runSuites(TestNG.java:1134) [testng-7.9.0.jar:7.9.0]
	at org.testng.TestNG.run(TestNG.java:1101) [testng-7.9.0.jar:7.9.0]
	at org.apache.maven.surefire.testng.TestNGExecutor.run(TestNGExecutor.java:308) [surefire-testng-3.2.5.jar:3.2.5]
	at org.apache.maven.surefire.testng.TestNGXmlTestSuite.execute(TestNGXmlTestSuite.java:71) [surefire-testng-3.2.5.jar:3.2.5]
	at org.apache.maven.surefire.testng.TestNGProvider.invoke(TestNGProvider.java:113) [surefire-testng-3.2.5.jar:3.2.5]
	at org.apache.maven.surefire.booter.ForkedBooter.runSuitesInProcess(ForkedBooter.java:385) [surefire-booter-3.2.5.jar:3.2.5]
	at org.apache.maven.surefire.booter.ForkedBooter.execute(ForkedBooter.java:162) [surefire-booter-3.2.5.jar:3.2.5]
	at org.apache.maven.surefire.booter.ForkedBooter.run(ForkedBooter.java:507) [surefire-booter-3.2.5.jar:3.2.5]
	at org.apache.maven.surefire.booter.ForkedBooter.main(ForkedBooter.java:495) [surefire-booter-3.2.5.jar:3.2.5]
2026-07-11 13:38:36 [main] WARN  com.automation.utils.ElementUtils - Element By.xpath: //div[contains(@class, 'error') or contains(@class, 'alert')] | //*[contains(text(), 'Invalid') or contains(text(), 'invalid') or contains(text(), 'failed') or contains(text(), 'incorrect') or contains(text(), 'user id')] is not displayed
2026-07-11 13:38:36 [main] INFO  com.automation.utils.ReportUtils - Actual error message displayed: 'Please fill out this field.'
2026-07-11 13:38:36 [main] INFO  com.automation.utils.ReportUtils - [PASS] Negative login test passed. Login failed as expected, and error message was correctly displayed: 'Please fill out this field.'
]]></system-out>
    <system-err><![CDATA[Jul 11, 2026 1:38:23 PM org.openqa.selenium.devtools.CdpVersionFinder findNearestMatch
WARNING: Unable to find CDP implementation matching 149
Jul 11, 2026 1:38:23 PM org.openqa.selenium.chromium.ChromiumDriver lambda$new$5
WARNING: Unable to find version of CDP to use for 149.0.7827.201. You may need to include a dependency on a specific version of the CDP using something similar to `org.seleniumhq.selenium:selenium-devtools-v86:4.18.1` where the version ("v86") matches the version of the chromium-based browser you're using and the version number of the artifact is the same as Selenium's.
]]></system-err>
  </testcase>
  <testcase name="testFailedLoginWithBlankEmailAndValidPassword" classname="com.automation.tests.LoginTest" time="6.791">
    <system-out><![CDATA[2026-07-11 13:38:36 [main] INFO  com.automation.tests.BaseTest - Test passed: testFailedLoginWithBlankEmailAndBlankPassword
2026-07-11 13:38:36 [main] INFO  com.automation.utils.ReportUtils - [PASS] Test execution completed successfully.
2026-07-11 13:38:36 [main] INFO  com.automation.tests.BaseTest - Closing browser session...
2026-07-11 13:38:36 [main] INFO  com.automation.utils.ReportUtils - Started report test: 'testFailedLoginWithBlankEmailAndValidPassword'
2026-07-11 13:38:36 [main] INFO  com.automation.tests.BaseTest - Initializing browser: chrome (Headless: false)
2026-07-11 13:38:36 [main] INFO  io.github.bonigarcia.wdm.WebDriverManager - Using chromedriver 149.0.7827.155 (resolved driver for Chrome 149)
2026-07-11 13:38:36 [main] INFO  io.github.bonigarcia.wdm.WebDriverManager - Exporting webdriver.chrome.driver as C:\Users\USER\.cache\selenium\chromedriver\win64\149.0.7827.155\chromedriver.exe
2026-07-11 13:38:38 [main] INFO  com.automation.tests.BaseTest - Navigating to URL: http://mumbai.staging-provider-passport.s3-website.ap-south-1.amazonaws.com/#/auth/login
2026-07-11 13:38:45 [main] INFO  com.automation.utils.ReportUtils - Running negative test case: Login with blank email and valid password...
2026-07-11 13:38:45 [main] INFO  com.automation.utils.ReportUtils - Attempting login with blank email and valid password.
2026-07-11 13:38:45 [main] INFO  com.automation.utils.ElementUtils - Waiting for element By.xpath: //button[contains(., 'Password')] | //span[contains(text(), 'Password')] | //*[text()='Password'] to be clickable (Timeout: 30s)
2026-07-11 13:38:46 [main] INFO  com.automation.utils.ElementUtils - Clicking on element By.xpath: //button[contains(., 'Password')] | //span[contains(text(), 'Password')] | //*[text()='Password']
2026-07-11 13:38:46 [main] INFO  com.automation.utils.ElementUtils - Clearing and typing '' in element By.xpath: //input[@type='email' or @placeholder='email@example.com' or contains(@placeholder, 'email')]
2026-07-11 13:38:46 [main] INFO  com.automation.utils.ElementUtils - Waiting for element By.xpath: //input[@type='email' or @placeholder='email@example.com' or contains(@placeholder, 'email')] to be visible (Timeout: 30s)
2026-07-11 13:38:46 [main] INFO  com.automation.utils.ElementUtils - Clearing and typing 'Test@Krenai' in element By.xpath: //input[@type='password' or @placeholder='Enter Password' or contains(@placeholder, 'Password')]
2026-07-11 13:38:46 [main] INFO  com.automation.utils.ElementUtils - Waiting for element By.xpath: //input[@type='password' or @placeholder='Enter Password' or contains(@placeholder, 'Password')] to be visible (Timeout: 30s)
2026-07-11 13:38:47 [main] INFO  com.automation.utils.ElementUtils - Waiting for element By.xpath: //button[contains(., 'Sign In') or contains(., 'Sign in') or contains(@class, 'Sign')] to be clickable (Timeout: 30s)
2026-07-11 13:38:47 [main] INFO  com.automation.utils.ElementUtils - Clicking on element By.xpath: //button[contains(., 'Sign In') or contains(., 'Sign in') or contains(@class, 'Sign')]
2026-07-11 13:38:47 [main] INFO  com.automation.utils.ReportUtils - Verifying error message is displayed on login page...
2026-07-11 13:38:47 [main] INFO  com.automation.utils.ElementUtils - Checking visibility of element By.xpath: //div[contains(@class, 'error') or contains(@class, 'alert')] | //*[contains(text(), 'Invalid') or contains(text(), 'invalid') or contains(text(), 'failed') or contains(text(), 'incorrect') or contains(text(), 'user id')]
2026-07-11 13:38:47 [main] INFO  com.automation.utils.ElementUtils - Waiting for element By.xpath: //div[contains(@class, 'error') or contains(@class, 'alert')] | //*[contains(text(), 'Invalid') or contains(text(), 'invalid') or contains(text(), 'failed') or contains(text(), 'incorrect') or contains(text(), 'user id')] to be visible (Timeout: 2s)
2026-07-11 13:38:49 [main] ERROR com.automation.utils.ElementUtils - Element By.xpath: //div[contains(@class, 'error') or contains(@class, 'alert')] | //*[contains(text(), 'Invalid') or contains(text(), 'invalid') or contains(text(), 'failed') or contains(text(), 'incorrect') or contains(text(), 'user id')] was not visible within 2s
org.openqa.selenium.TimeoutException: Expected condition failed: waiting for visibility of element located by By.xpath: //div[contains(@class, 'error') or contains(@class, 'alert')] | //*[contains(text(), 'Invalid') or contains(text(), 'invalid') or contains(text(), 'failed') or contains(text(), 'incorrect') or contains(text(), 'user id')] (tried for 2 second(s) with 500 milliseconds interval)
Build info: version: '4.18.1', revision: 'b1d3319b48'
System info: os.name: 'Windows 10', os.arch: 'amd64', os.version: '10.0', java.version: '21.0.10'
Driver info: org.openqa.selenium.chrome.ChromeDriver
Capabilities {acceptInsecureCerts: false, browserName: chrome, browserVersion: 149.0.7827.201, chrome: {chromedriverVersion: 149.0.7827.155 (07b52360cc1..., userDataDir: C:\Users\USER\AppData\Local...}, fedcm:accounts: true, goog:chromeOptions: {debuggerAddress: localhost:56862}, goog:processID: 15240, networkConnectionEnabled: false, pageLoadStrategy: normal, platformName: windows, proxy: Proxy(), se:cdp: ws://localhost:56862/devtoo..., se:cdpVersion: 149.0.7827.201, setWindowRect: true, strictFileInteractability: false, timeouts: {implicit: 0, pageLoad: 300000, script: 30000}, unhandledPromptBehavior: dismiss and notify, webauthn:extension:credBlob: true, webauthn:extension:largeBlob: true, webauthn:extension:minPinLength: true, webauthn:extension:prf: true, webauthn:virtualAuthenticators: true}
Session ID: 4e41c1399a020d9faeaf4164845dd670
	at org.openqa.selenium.support.ui.WebDriverWait.timeoutException(WebDriverWait.java:84) ~[selenium-support-4.18.1.jar:?]
	at org.openqa.selenium.support.ui.FluentWait.until(FluentWait.java:228) ~[selenium-support-4.18.1.jar:?]
	at com.automation.utils.ElementUtils.waitForElementToBeVisible(ElementUtils.java:26) ~[classes/:?]
	at com.automation.utils.ElementUtils.isDisplayed(ElementUtils.java:155) ~[classes/:?]
	at com.automation.pages.LoginPage.isErrorMessageDisplayed(LoginPage.java:55) ~[classes/:?]
	at com.automation.tests.LoginTest.verifyLoginFailure(LoginTest.java:177) ~[test-classes/:?]
	at com.automation.tests.LoginTest.testFailedLoginWithBlankEmailAndValidPassword(LoginTest.java:102) ~[test-classes/:?]
	at java.base/jdk.internal.reflect.DirectMethodHandleAccessor.invoke(DirectMethodHandleAccessor.java:103) ~[?:?]
	at java.base/java.lang.reflect.Method.invoke(Method.java:580) ~[?:?]
	at org.testng.internal.invokers.MethodInvocationHelper.invokeMethod(MethodInvocationHelper.java:139) ~[testng-7.9.0.jar:7.9.0]
	at org.testng.internal.invokers.TestInvoker.invokeMethod(TestInvoker.java:664) ~[testng-7.9.0.jar:7.9.0]
	at org.testng.internal.invokers.TestInvoker.invokeTestMethod(TestInvoker.java:228) ~[testng-7.9.0.jar:7.9.0]
	at org.testng.internal.invokers.MethodRunner.runInSequence(MethodRunner.java:63) ~[testng-7.9.0.jar:7.9.0]
	at org.testng.internal.invokers.TestInvoker$MethodInvocationAgent.invoke(TestInvoker.java:961) ~[testng-7.9.0.jar:7.9.0]
	at org.testng.internal.invokers.TestInvoker.invokeTestMethods(TestInvoker.java:201) ~[testng-7.9.0.jar:7.9.0]
	at org.testng.internal.invokers.TestMethodWorker.invokeTestMethods(TestMethodWorker.java:148) ~[testng-7.9.0.jar:7.9.0]
	at org.testng.internal.invokers.TestMethodWorker.run(TestMethodWorker.java:128) ~[testng-7.9.0.jar:7.9.0]
	at java.base/java.util.ArrayList.forEach(ArrayList.java:1596) [?:?]
	at org.testng.TestRunner.privateRun(TestRunner.java:819) [testng-7.9.0.jar:7.9.0]
	at org.testng.TestRunner.run(TestRunner.java:619) [testng-7.9.0.jar:7.9.0]
	at org.testng.SuiteRunner.runTest(SuiteRunner.java:443) [testng-7.9.0.jar:7.9.0]
	at org.testng.SuiteRunner.runSequentially(SuiteRunner.java:437) [testng-7.9.0.jar:7.9.0]
	at org.testng.SuiteRunner.privateRun(SuiteRunner.java:397) [testng-7.9.0.jar:7.9.0]
	at org.testng.SuiteRunner.run(SuiteRunner.java:336) [testng-7.9.0.jar:7.9.0]
	at org.testng.SuiteRunnerWorker.runSuite(SuiteRunnerWorker.java:52) [testng-7.9.0.jar:7.9.0]
	at org.testng.SuiteRunnerWorker.run(SuiteRunnerWorker.java:95) [testng-7.9.0.jar:7.9.0]
	at org.testng.TestNG.runSuitesSequentially(TestNG.java:1301) [testng-7.9.0.jar:7.9.0]
	at org.testng.TestNG.runSuitesLocally(TestNG.java:1228) [testng-7.9.0.jar:7.9.0]
	at org.testng.TestNG.runSuites(TestNG.java:1134) [testng-7.9.0.jar:7.9.0]
	at org.testng.TestNG.run(TestNG.java:1101) [testng-7.9.0.jar:7.9.0]
	at org.apache.maven.surefire.testng.TestNGExecutor.run(TestNGExecutor.java:308) [surefire-testng-3.2.5.jar:3.2.5]
	at org.apache.maven.surefire.testng.TestNGXmlTestSuite.execute(TestNGXmlTestSuite.java:71) [surefire-testng-3.2.5.jar:3.2.5]
	at org.apache.maven.surefire.testng.TestNGProvider.invoke(TestNGProvider.java:113) [surefire-testng-3.2.5.jar:3.2.5]
	at org.apache.maven.surefire.booter.ForkedBooter.runSuitesInProcess(ForkedBooter.java:385) [surefire-booter-3.2.5.jar:3.2.5]
	at org.apache.maven.surefire.booter.ForkedBooter.execute(ForkedBooter.java:162) [surefire-booter-3.2.5.jar:3.2.5]
	at org.apache.maven.surefire.booter.ForkedBooter.run(ForkedBooter.java:507) [surefire-booter-3.2.5.jar:3.2.5]
	at org.apache.maven.surefire.booter.ForkedBooter.main(ForkedBooter.java:495) [surefire-booter-3.2.5.jar:3.2.5]
2026-07-11 13:38:49 [main] WARN  com.automation.utils.ElementUtils - Element By.xpath: //div[contains(@class, 'error') or contains(@class, 'alert')] | //*[contains(text(), 'Invalid') or contains(text(), 'invalid') or contains(text(), 'failed') or contains(text(), 'incorrect') or contains(text(), 'user id')] is not displayed
2026-07-11 13:38:50 [main] INFO  com.automation.utils.ElementUtils - Checking visibility of element By.xpath: //div[contains(@class, 'error') or contains(@class, 'alert')] | //*[contains(text(), 'Invalid') or contains(text(), 'invalid') or contains(text(), 'failed') or contains(text(), 'incorrect') or contains(text(), 'user id')]
2026-07-11 13:38:50 [main] INFO  com.automation.utils.ElementUtils - Waiting for element By.xpath: //div[contains(@class, 'error') or contains(@class, 'alert')] | //*[contains(text(), 'Invalid') or contains(text(), 'invalid') or contains(text(), 'failed') or contains(text(), 'incorrect') or contains(text(), 'user id')] to be visible (Timeout: 2s)
2026-07-11 13:38:52 [main] ERROR com.automation.utils.ElementUtils - Element By.xpath: //div[contains(@class, 'error') or contains(@class, 'alert')] | //*[contains(text(), 'Invalid') or contains(text(), 'invalid') or contains(text(), 'failed') or contains(text(), 'incorrect') or contains(text(), 'user id')] was not visible within 2s
org.openqa.selenium.TimeoutException: Expected condition failed: waiting for visibility of element located by By.xpath: //div[contains(@class, 'error') or contains(@class, 'alert')] | //*[contains(text(), 'Invalid') or contains(text(), 'invalid') or contains(text(), 'failed') or contains(text(), 'incorrect') or contains(text(), 'user id')] (tried for 2 second(s) with 500 milliseconds interval)
Build info: version: '4.18.1', revision: 'b1d3319b48'
System info: os.name: 'Windows 10', os.arch: 'amd64', os.version: '10.0', java.version: '21.0.10'
Driver info: org.openqa.selenium.chrome.ChromeDriver
Capabilities {acceptInsecureCerts: false, browserName: chrome, browserVersion: 149.0.7827.201, chrome: {chromedriverVersion: 149.0.7827.155 (07b52360cc1..., userDataDir: C:\Users\USER\AppData\Local...}, fedcm:accounts: true, goog:chromeOptions: {debuggerAddress: localhost:56862}, goog:processID: 15240, networkConnectionEnabled: false, pageLoadStrategy: normal, platformName: windows, proxy: Proxy(), se:cdp: ws://localhost:56862/devtoo..., se:cdpVersion: 149.0.7827.201, setWindowRect: true, strictFileInteractability: false, timeouts: {implicit: 0, pageLoad: 300000, script: 30000}, unhandledPromptBehavior: dismiss and notify, webauthn:extension:credBlob: true, webauthn:extension:largeBlob: true, webauthn:extension:minPinLength: true, webauthn:extension:prf: true, webauthn:virtualAuthenticators: true}
Session ID: 4e41c1399a020d9faeaf4164845dd670
	at org.openqa.selenium.support.ui.WebDriverWait.timeoutException(WebDriverWait.java:84) ~[selenium-support-4.18.1.jar:?]
	at org.openqa.selenium.support.ui.FluentWait.until(FluentWait.java:228) ~[selenium-support-4.18.1.jar:?]
	at com.automation.utils.ElementUtils.waitForElementToBeVisible(ElementUtils.java:26) ~[classes/:?]
	at com.automation.utils.ElementUtils.isDisplayed(ElementUtils.java:155) ~[classes/:?]
	at com.automation.pages.LoginPage.getErrorMessageText(LoginPage.java:74) ~[classes/:?]
	at com.automation.tests.LoginTest.verifyLoginFailure(LoginTest.java:180) ~[test-classes/:?]
	at com.automation.tests.LoginTest.testFailedLoginWithBlankEmailAndValidPassword(LoginTest.java:102) ~[test-classes/:?]
	at java.base/jdk.internal.reflect.DirectMethodHandleAccessor.invoke(DirectMethodHandleAccessor.java:103) ~[?:?]
	at java.base/java.lang.reflect.Method.invoke(Method.java:580) ~[?:?]
	at org.testng.internal.invokers.MethodInvocationHelper.invokeMethod(MethodInvocationHelper.java:139) ~[testng-7.9.0.jar:7.9.0]
	at org.testng.internal.invokers.TestInvoker.invokeMethod(TestInvoker.java:664) ~[testng-7.9.0.jar:7.9.0]
	at org.testng.internal.invokers.TestInvoker.invokeTestMethod(TestInvoker.java:228) ~[testng-7.9.0.jar:7.9.0]
	at org.testng.internal.invokers.MethodRunner.runInSequence(MethodRunner.java:63) ~[testng-7.9.0.jar:7.9.0]
	at org.testng.internal.invokers.TestInvoker$MethodInvocationAgent.invoke(TestInvoker.java:961) ~[testng-7.9.0.jar:7.9.0]
	at org.testng.internal.invokers.TestInvoker.invokeTestMethods(TestInvoker.java:201) ~[testng-7.9.0.jar:7.9.0]
	at org.testng.internal.invokers.TestMethodWorker.invokeTestMethods(TestMethodWorker.java:148) ~[testng-7.9.0.jar:7.9.0]
	at org.testng.internal.invokers.TestMethodWorker.run(TestMethodWorker.java:128) ~[testng-7.9.0.jar:7.9.0]
	at java.base/java.util.ArrayList.forEach(ArrayList.java:1596) [?:?]
	at org.testng.TestRunner.privateRun(TestRunner.java:819) [testng-7.9.0.jar:7.9.0]
	at org.testng.TestRunner.run(TestRunner.java:619) [testng-7.9.0.jar:7.9.0]
	at org.testng.SuiteRunner.runTest(SuiteRunner.java:443) [testng-7.9.0.jar:7.9.0]
	at org.testng.SuiteRunner.runSequentially(SuiteRunner.java:437) [testng-7.9.0.jar:7.9.0]
	at org.testng.SuiteRunner.privateRun(SuiteRunner.java:397) [testng-7.9.0.jar:7.9.0]
	at org.testng.SuiteRunner.run(SuiteRunner.java:336) [testng-7.9.0.jar:7.9.0]
	at org.testng.SuiteRunnerWorker.runSuite(SuiteRunnerWorker.java:52) [testng-7.9.0.jar:7.9.0]
	at org.testng.SuiteRunnerWorker.run(SuiteRunnerWorker.java:95) [testng-7.9.0.jar:7.9.0]
	at org.testng.TestNG.runSuitesSequentially(TestNG.java:1301) [testng-7.9.0.jar:7.9.0]
	at org.testng.TestNG.runSuitesLocally(TestNG.java:1228) [testng-7.9.0.jar:7.9.0]
	at org.testng.TestNG.runSuites(TestNG.java:1134) [testng-7.9.0.jar:7.9.0]
	at org.testng.TestNG.run(TestNG.java:1101) [testng-7.9.0.jar:7.9.0]
	at org.apache.maven.surefire.testng.TestNGExecutor.run(TestNGExecutor.java:308) [surefire-testng-3.2.5.jar:3.2.5]
	at org.apache.maven.surefire.testng.TestNGXmlTestSuite.execute(TestNGXmlTestSuite.java:71) [surefire-testng-3.2.5.jar:3.2.5]
	at org.apache.maven.surefire.testng.TestNGProvider.invoke(TestNGProvider.java:113) [surefire-testng-3.2.5.jar:3.2.5]
	at org.apache.maven.surefire.booter.ForkedBooter.runSuitesInProcess(ForkedBooter.java:385) [surefire-booter-3.2.5.jar:3.2.5]
	at org.apache.maven.surefire.booter.ForkedBooter.execute(ForkedBooter.java:162) [surefire-booter-3.2.5.jar:3.2.5]
	at org.apache.maven.surefire.booter.ForkedBooter.run(ForkedBooter.java:507) [surefire-booter-3.2.5.jar:3.2.5]
	at org.apache.maven.surefire.booter.ForkedBooter.main(ForkedBooter.java:495) [surefire-booter-3.2.5.jar:3.2.5]
2026-07-11 13:38:52 [main] WARN  com.automation.utils.ElementUtils - Element By.xpath: //div[contains(@class, 'error') or contains(@class, 'alert')] | //*[contains(text(), 'Invalid') or contains(text(), 'invalid') or contains(text(), 'failed') or contains(text(), 'incorrect') or contains(text(), 'user id')] is not displayed
2026-07-11 13:38:52 [main] INFO  com.automation.utils.ReportUtils - Actual error message displayed: 'Please fill out this field.'
2026-07-11 13:38:52 [main] INFO  com.automation.utils.ReportUtils - [PASS] Negative login test passed. Login failed as expected, and error message was correctly displayed: 'Please fill out this field.'
]]></system-out>
    <system-err><![CDATA[Jul 11, 2026 1:38:38 PM org.openqa.selenium.devtools.CdpVersionFinder findNearestMatch
WARNING: Unable to find CDP implementation matching 149
Jul 11, 2026 1:38:38 PM org.openqa.selenium.chromium.ChromiumDriver lambda$new$5
WARNING: Unable to find version of CDP to use for 149.0.7827.201. You may need to include a dependency on a specific version of the CDP using something similar to `org.seleniumhq.selenium:selenium-devtools-v86:4.18.1` where the version ("v86") matches the version of the chromium-based browser you're using and the version number of the artifact is the same as Selenium's.
]]></system-err>
  </testcase>
  <testcase name="testFailedLoginWithInvalidCredentials" classname="com.automation.tests.LoginTest" time="1.971">
    <system-out><![CDATA[2026-07-11 13:38:52 [main] INFO  com.automation.tests.BaseTest - Test passed: testFailedLoginWithBlankEmailAndValidPassword
2026-07-11 13:38:52 [main] INFO  com.automation.utils.ReportUtils - [PASS] Test execution completed successfully.
2026-07-11 13:38:52 [main] INFO  com.automation.tests.BaseTest - Closing browser session...
2026-07-11 13:38:52 [main] INFO  com.automation.utils.ReportUtils - Started report test: 'testFailedLoginWithInvalidCredentials'
2026-07-11 13:38:52 [main] INFO  com.automation.tests.BaseTest - Initializing browser: chrome (Headless: false)
2026-07-11 13:38:52 [main] INFO  io.github.bonigarcia.wdm.WebDriverManager - Using chromedriver 149.0.7827.155 (resolved driver for Chrome 149)
2026-07-11 13:38:52 [main] INFO  io.github.bonigarcia.wdm.WebDriverManager - Exporting webdriver.chrome.driver as C:\Users\USER\.cache\selenium\chromedriver\win64\149.0.7827.155\chromedriver.exe
2026-07-11 13:38:54 [main] INFO  com.automation.tests.BaseTest - Navigating to URL: http://mumbai.staging-provider-passport.s3-website.ap-south-1.amazonaws.com/#/auth/login
2026-07-11 13:39:00 [main] INFO  com.automation.utils.ReportUtils - Running negative test case: Login with invalid credentials...
2026-07-11 13:39:00 [main] INFO  com.automation.utils.ReportUtils - Attempting login with invalid email: invalid_user_5525@gmail.com and invalid password.
2026-07-11 13:39:00 [main] INFO  com.automation.utils.ElementUtils - Waiting for element By.xpath: //button[contains(., 'Password')] | //span[contains(text(), 'Password')] | //*[text()='Password'] to be clickable (Timeout: 30s)
2026-07-11 13:39:00 [main] INFO  com.automation.utils.ElementUtils - Clicking on element By.xpath: //button[contains(., 'Password')] | //span[contains(text(), 'Password')] | //*[text()='Password']
2026-07-11 13:39:00 [main] INFO  com.automation.utils.ElementUtils - Clearing and typing 'invalid_user_5525@gmail.com' in element By.xpath: //input[@type='email' or @placeholder='email@example.com' or contains(@placeholder, 'email')]
2026-07-11 13:39:00 [main] INFO  com.automation.utils.ElementUtils - Waiting for element By.xpath: //input[@type='email' or @placeholder='email@example.com' or contains(@placeholder, 'email')] to be visible (Timeout: 30s)
2026-07-11 13:39:01 [main] INFO  com.automation.utils.ElementUtils - Clearing and typing 'WrongPassword123!' in element By.xpath: //input[@type='password' or @placeholder='Enter Password' or contains(@placeholder, 'Password')]
2026-07-11 13:39:01 [main] INFO  com.automation.utils.ElementUtils - Waiting for element By.xpath: //input[@type='password' or @placeholder='Enter Password' or contains(@placeholder, 'Password')] to be visible (Timeout: 30s)
2026-07-11 13:39:01 [main] INFO  com.automation.utils.ElementUtils - Waiting for element By.xpath: //button[contains(., 'Sign In') or contains(., 'Sign in') or contains(@class, 'Sign')] to be clickable (Timeout: 30s)
2026-07-11 13:39:01 [main] INFO  com.automation.utils.ElementUtils - Clicking on element By.xpath: //button[contains(., 'Sign In') or contains(., 'Sign in') or contains(@class, 'Sign')]
2026-07-11 13:39:01 [main] INFO  com.automation.utils.ReportUtils - Verifying error message is displayed on login page...
2026-07-11 13:39:01 [main] INFO  com.automation.utils.ElementUtils - Checking visibility of element By.xpath: //div[contains(@class, 'error') or contains(@class, 'alert')] | //*[contains(text(), 'Invalid') or contains(text(), 'invalid') or contains(text(), 'failed') or contains(text(), 'incorrect') or contains(text(), 'user id')]
2026-07-11 13:39:01 [main] INFO  com.automation.utils.ElementUtils - Waiting for element By.xpath: //div[contains(@class, 'error') or contains(@class, 'alert')] | //*[contains(text(), 'Invalid') or contains(text(), 'invalid') or contains(text(), 'failed') or contains(text(), 'incorrect') or contains(text(), 'user id')] to be visible (Timeout: 2s)
2026-07-11 13:39:02 [main] INFO  com.automation.utils.ElementUtils - Checking visibility of element By.xpath: //div[contains(@class, 'error') or contains(@class, 'alert')] | //*[contains(text(), 'Invalid') or contains(text(), 'invalid') or contains(text(), 'failed') or contains(text(), 'incorrect') or contains(text(), 'user id')]
2026-07-11 13:39:02 [main] INFO  com.automation.utils.ElementUtils - Waiting for element By.xpath: //div[contains(@class, 'error') or contains(@class, 'alert')] | //*[contains(text(), 'Invalid') or contains(text(), 'invalid') or contains(text(), 'failed') or contains(text(), 'incorrect') or contains(text(), 'user id')] to be visible (Timeout: 2s)
2026-07-11 13:39:02 [main] INFO  com.automation.utils.ElementUtils - Waiting for element By.xpath: //div[contains(@class, 'error') or contains(@class, 'alert')] | //*[contains(text(), 'Invalid') or contains(text(), 'invalid') or contains(text(), 'failed') or contains(text(), 'incorrect') or contains(text(), 'user id')] to be visible (Timeout: 30s)
2026-07-11 13:39:02 [main] INFO  com.automation.utils.ElementUtils - Retrieved text 'Invalid user id.' from element By.xpath: //div[contains(@class, 'error') or contains(@class, 'alert')] | //*[contains(text(), 'Invalid') or contains(text(), 'invalid') or contains(text(), 'failed') or contains(text(), 'incorrect') or contains(text(), 'user id')]
2026-07-11 13:39:02 [main] INFO  com.automation.utils.ReportUtils - Actual error message displayed: 'Invalid user id.'
2026-07-11 13:39:02 [main] INFO  com.automation.utils.ReportUtils - [PASS] Negative login test passed. Login failed as expected, and error message was correctly displayed: 'Invalid user id.'
]]></system-out>
    <system-err><![CDATA[Jul 11, 2026 1:38:54 PM org.openqa.selenium.devtools.CdpVersionFinder findNearestMatch
WARNING: Unable to find CDP implementation matching 149
Jul 11, 2026 1:38:54 PM org.openqa.selenium.chromium.ChromiumDriver lambda$new$5
WARNING: Unable to find version of CDP to use for 149.0.7827.201. You may need to include a dependency on a specific version of the CDP using something similar to `org.seleniumhq.selenium:selenium-devtools-v86:4.18.1` where the version ("v86") matches the version of the chromium-based browser you're using and the version number of the artifact is the same as Selenium's.
]]></system-err>
  </testcase>
  <testcase name="testFailedLoginWithInvalidEmailAndValidPassword" classname="com.automation.tests.LoginTest" time="2.23">
    <system-out><![CDATA[2026-07-11 13:39:02 [main] INFO  com.automation.tests.BaseTest - Test passed: testFailedLoginWithInvalidCredentials
2026-07-11 13:39:02 [main] INFO  com.automation.utils.ReportUtils - [PASS] Test execution completed successfully.
2026-07-11 13:39:02 [main] INFO  com.automation.tests.BaseTest - Closing browser session...
2026-07-11 13:39:02 [main] INFO  com.automation.utils.ReportUtils - Started report test: 'testFailedLoginWithInvalidEmailAndValidPassword'
2026-07-11 13:39:02 [main] INFO  com.automation.tests.BaseTest - Initializing browser: chrome (Headless: false)
2026-07-11 13:39:02 [main] INFO  io.github.bonigarcia.wdm.WebDriverManager - Using chromedriver 149.0.7827.155 (resolved driver for Chrome 149)
2026-07-11 13:39:02 [main] INFO  io.github.bonigarcia.wdm.WebDriverManager - Exporting webdriver.chrome.driver as C:\Users\USER\.cache\selenium\chromedriver\win64\149.0.7827.155\chromedriver.exe
2026-07-11 13:39:04 [main] INFO  com.automation.tests.BaseTest - Navigating to URL: http://mumbai.staging-provider-passport.s3-website.ap-south-1.amazonaws.com/#/auth/login
2026-07-11 13:39:09 [main] INFO  com.automation.utils.ReportUtils - Running negative test case: Login with invalid email and valid password...
2026-07-11 13:39:09 [main] INFO  com.automation.utils.ReportUtils - Attempting login with invalid email: invalid_user_8676@gmail.com and correct password.
2026-07-11 13:39:09 [main] INFO  com.automation.utils.ElementUtils - Waiting for element By.xpath: //button[contains(., 'Password')] | //span[contains(text(), 'Password')] | //*[text()='Password'] to be clickable (Timeout: 30s)
2026-07-11 13:39:09 [main] INFO  com.automation.utils.ElementUtils - Clicking on element By.xpath: //button[contains(., 'Password')] | //span[contains(text(), 'Password')] | //*[text()='Password']
2026-07-11 13:39:10 [main] INFO  com.automation.utils.ElementUtils - Clearing and typing 'invalid_user_8676@gmail.com' in element By.xpath: //input[@type='email' or @placeholder='email@example.com' or contains(@placeholder, 'email')]
2026-07-11 13:39:10 [main] INFO  com.automation.utils.ElementUtils - Waiting for element By.xpath: //input[@type='email' or @placeholder='email@example.com' or contains(@placeholder, 'email')] to be visible (Timeout: 30s)
2026-07-11 13:39:10 [main] INFO  com.automation.utils.ElementUtils - Clearing and typing 'Test@Krenai' in element By.xpath: //input[@type='password' or @placeholder='Enter Password' or contains(@placeholder, 'Password')]
2026-07-11 13:39:10 [main] INFO  com.automation.utils.ElementUtils - Waiting for element By.xpath: //input[@type='password' or @placeholder='Enter Password' or contains(@placeholder, 'Password')] to be visible (Timeout: 30s)
2026-07-11 13:39:10 [main] INFO  com.automation.utils.ElementUtils - Waiting for element By.xpath: //button[contains(., 'Sign In') or contains(., 'Sign in') or contains(@class, 'Sign')] to be clickable (Timeout: 30s)
2026-07-11 13:39:10 [main] INFO  com.automation.utils.ElementUtils - Clicking on element By.xpath: //button[contains(., 'Sign In') or contains(., 'Sign in') or contains(@class, 'Sign')]
2026-07-11 13:39:11 [main] INFO  com.automation.utils.ReportUtils - Verifying error message is displayed on login page...
2026-07-11 13:39:11 [main] INFO  com.automation.utils.ElementUtils - Checking visibility of element By.xpath: //div[contains(@class, 'error') or contains(@class, 'alert')] | //*[contains(text(), 'Invalid') or contains(text(), 'invalid') or contains(text(), 'failed') or contains(text(), 'incorrect') or contains(text(), 'user id')]
2026-07-11 13:39:11 [main] INFO  com.automation.utils.ElementUtils - Waiting for element By.xpath: //div[contains(@class, 'error') or contains(@class, 'alert')] | //*[contains(text(), 'Invalid') or contains(text(), 'invalid') or contains(text(), 'failed') or contains(text(), 'incorrect') or contains(text(), 'user id')] to be visible (Timeout: 2s)
2026-07-11 13:39:11 [main] INFO  com.automation.utils.ElementUtils - Checking visibility of element By.xpath: //div[contains(@class, 'error') or contains(@class, 'alert')] | //*[contains(text(), 'Invalid') or contains(text(), 'invalid') or contains(text(), 'failed') or contains(text(), 'incorrect') or contains(text(), 'user id')]
2026-07-11 13:39:11 [main] INFO  com.automation.utils.ElementUtils - Waiting for element By.xpath: //div[contains(@class, 'error') or contains(@class, 'alert')] | //*[contains(text(), 'Invalid') or contains(text(), 'invalid') or contains(text(), 'failed') or contains(text(), 'incorrect') or contains(text(), 'user id')] to be visible (Timeout: 2s)
2026-07-11 13:39:11 [main] INFO  com.automation.utils.ElementUtils - Waiting for element By.xpath: //div[contains(@class, 'error') or contains(@class, 'alert')] | //*[contains(text(), 'Invalid') or contains(text(), 'invalid') or contains(text(), 'failed') or contains(text(), 'incorrect') or contains(text(), 'user id')] to be visible (Timeout: 30s)
2026-07-11 13:39:11 [main] INFO  com.automation.utils.ElementUtils - Retrieved text 'Invalid user id.' from element By.xpath: //div[contains(@class, 'error') or contains(@class, 'alert')] | //*[contains(text(), 'Invalid') or contains(text(), 'invalid') or contains(text(), 'failed') or contains(text(), 'incorrect') or contains(text(), 'user id')]
2026-07-11 13:39:11 [main] INFO  com.automation.utils.ReportUtils - Actual error message displayed: 'Invalid user id.'
2026-07-11 13:39:11 [main] INFO  com.automation.utils.ReportUtils - [PASS] Negative login test passed. Login failed as expected, and error message was correctly displayed: 'Invalid user id.'
]]></system-out>
    <system-err><![CDATA[Jul 11, 2026 1:39:04 PM org.openqa.selenium.devtools.CdpVersionFinder findNearestMatch
WARNING: Unable to find CDP implementation matching 149
Jul 11, 2026 1:39:04 PM org.openqa.selenium.chromium.ChromiumDriver lambda$new$5
WARNING: Unable to find version of CDP to use for 149.0.7827.201. You may need to include a dependency on a specific version of the CDP using something similar to `org.seleniumhq.selenium:selenium-devtools-v86:4.18.1` where the version ("v86") matches the version of the chromium-based browser you're using and the version number of the artifact is the same as Selenium's.
]]></system-err>
  </testcase>
  <testcase name="testFailedLoginWithInvalidEmailFormat" classname="com.automation.tests.LoginTest" time="6.201">
    <system-out><![CDATA[2026-07-11 13:39:11 [main] INFO  com.automation.tests.BaseTest - Test passed: testFailedLoginWithInvalidEmailAndValidPassword
2026-07-11 13:39:11 [main] INFO  com.automation.utils.ReportUtils - [PASS] Test execution completed successfully.
2026-07-11 13:39:11 [main] INFO  com.automation.tests.BaseTest - Closing browser session...
2026-07-11 13:39:12 [main] INFO  com.automation.utils.ReportUtils - Started report test: 'testFailedLoginWithInvalidEmailFormat'
2026-07-11 13:39:12 [main] INFO  com.automation.tests.BaseTest - Initializing browser: chrome (Headless: false)
2026-07-11 13:39:12 [main] INFO  io.github.bonigarcia.wdm.WebDriverManager - Using chromedriver 149.0.7827.155 (resolved driver for Chrome 149)
2026-07-11 13:39:12 [main] INFO  io.github.bonigarcia.wdm.WebDriverManager - Exporting webdriver.chrome.driver as C:\Users\USER\.cache\selenium\chromedriver\win64\149.0.7827.155\chromedriver.exe
2026-07-11 13:39:13 [main] INFO  com.automation.tests.BaseTest - Navigating to URL: http://mumbai.staging-provider-passport.s3-website.ap-south-1.amazonaws.com/#/auth/login
2026-07-11 13:39:17 [main] INFO  com.automation.utils.ReportUtils - Running negative test case: Login with invalid email format and valid password...
2026-07-11 13:39:17 [main] INFO  com.automation.utils.ReportUtils - Attempting login with invalid format email: notanemailaddress and valid password.
2026-07-11 13:39:17 [main] INFO  com.automation.utils.ElementUtils - Waiting for element By.xpath: //button[contains(., 'Password')] | //span[contains(text(), 'Password')] | //*[text()='Password'] to be clickable (Timeout: 30s)
2026-07-11 13:39:18 [main] INFO  com.automation.utils.ElementUtils - Clicking on element By.xpath: //button[contains(., 'Password')] | //span[contains(text(), 'Password')] | //*[text()='Password']
2026-07-11 13:39:18 [main] INFO  com.automation.utils.ElementUtils - Clearing and typing 'notanemailaddress' in element By.xpath: //input[@type='email' or @placeholder='email@example.com' or contains(@placeholder, 'email')]
2026-07-11 13:39:18 [main] INFO  com.automation.utils.ElementUtils - Waiting for element By.xpath: //input[@type='email' or @placeholder='email@example.com' or contains(@placeholder, 'email')] to be visible (Timeout: 30s)
2026-07-11 13:39:18 [main] INFO  com.automation.utils.ElementUtils - Clearing and typing 'Test@Krenai' in element By.xpath: //input[@type='password' or @placeholder='Enter Password' or contains(@placeholder, 'Password')]
2026-07-11 13:39:18 [main] INFO  com.automation.utils.ElementUtils - Waiting for element By.xpath: //input[@type='password' or @placeholder='Enter Password' or contains(@placeholder, 'Password')] to be visible (Timeout: 30s)
2026-07-11 13:39:19 [main] INFO  com.automation.utils.ElementUtils - Waiting for element By.xpath: //button[contains(., 'Sign In') or contains(., 'Sign in') or contains(@class, 'Sign')] to be clickable (Timeout: 30s)
2026-07-11 13:39:19 [main] INFO  com.automation.utils.ElementUtils - Clicking on element By.xpath: //button[contains(., 'Sign In') or contains(., 'Sign in') or contains(@class, 'Sign')]
2026-07-11 13:39:19 [main] INFO  com.automation.utils.ReportUtils - Verifying error message is displayed on login page...
2026-07-11 13:39:19 [main] INFO  com.automation.utils.ElementUtils - Checking visibility of element By.xpath: //div[contains(@class, 'error') or contains(@class, 'alert')] | //*[contains(text(), 'Invalid') or contains(text(), 'invalid') or contains(text(), 'failed') or contains(text(), 'incorrect') or contains(text(), 'user id')]
2026-07-11 13:39:19 [main] INFO  com.automation.utils.ElementUtils - Waiting for element By.xpath: //div[contains(@class, 'error') or contains(@class, 'alert')] | //*[contains(text(), 'Invalid') or contains(text(), 'invalid') or contains(text(), 'failed') or contains(text(), 'incorrect') or contains(text(), 'user id')] to be visible (Timeout: 2s)
2026-07-11 13:39:21 [main] ERROR com.automation.utils.ElementUtils - Element By.xpath: //div[contains(@class, 'error') or contains(@class, 'alert')] | //*[contains(text(), 'Invalid') or contains(text(), 'invalid') or contains(text(), 'failed') or contains(text(), 'incorrect') or contains(text(), 'user id')] was not visible within 2s
org.openqa.selenium.TimeoutException: Expected condition failed: waiting for visibility of element located by By.xpath: //div[contains(@class, 'error') or contains(@class, 'alert')] | //*[contains(text(), 'Invalid') or contains(text(), 'invalid') or contains(text(), 'failed') or contains(text(), 'incorrect') or contains(text(), 'user id')] (tried for 2 second(s) with 500 milliseconds interval)
Build info: version: '4.18.1', revision: 'b1d3319b48'
System info: os.name: 'Windows 10', os.arch: 'amd64', os.version: '10.0', java.version: '21.0.10'
Driver info: org.openqa.selenium.chrome.ChromeDriver
Capabilities {acceptInsecureCerts: false, browserName: chrome, browserVersion: 149.0.7827.201, chrome: {chromedriverVersion: 149.0.7827.155 (07b52360cc1..., userDataDir: C:\Users\USER\AppData\Local...}, fedcm:accounts: true, goog:chromeOptions: {debuggerAddress: localhost:56991}, goog:processID: 3728, networkConnectionEnabled: false, pageLoadStrategy: normal, platformName: windows, proxy: Proxy(), se:cdp: ws://localhost:56991/devtoo..., se:cdpVersion: 149.0.7827.201, setWindowRect: true, strictFileInteractability: false, timeouts: {implicit: 0, pageLoad: 300000, script: 30000}, unhandledPromptBehavior: dismiss and notify, webauthn:extension:credBlob: true, webauthn:extension:largeBlob: true, webauthn:extension:minPinLength: true, webauthn:extension:prf: true, webauthn:virtualAuthenticators: true}
Session ID: 33a330dced78bce5ea596d4f96556d7f
	at org.openqa.selenium.support.ui.WebDriverWait.timeoutException(WebDriverWait.java:84) ~[selenium-support-4.18.1.jar:?]
	at org.openqa.selenium.support.ui.FluentWait.until(FluentWait.java:228) ~[selenium-support-4.18.1.jar:?]
	at com.automation.utils.ElementUtils.waitForElementToBeVisible(ElementUtils.java:26) ~[classes/:?]
	at com.automation.utils.ElementUtils.isDisplayed(ElementUtils.java:155) ~[classes/:?]
	at com.automation.pages.LoginPage.isErrorMessageDisplayed(LoginPage.java:55) ~[classes/:?]
	at com.automation.tests.LoginTest.verifyLoginFailure(LoginTest.java:177) ~[test-classes/:?]
	at com.automation.tests.LoginTest.testFailedLoginWithInvalidEmailFormat(LoginTest.java:131) ~[test-classes/:?]
	at java.base/jdk.internal.reflect.DirectMethodHandleAccessor.invoke(DirectMethodHandleAccessor.java:103) ~[?:?]
	at java.base/java.lang.reflect.Method.invoke(Method.java:580) ~[?:?]
	at org.testng.internal.invokers.MethodInvocationHelper.invokeMethod(MethodInvocationHelper.java:139) ~[testng-7.9.0.jar:7.9.0]
	at org.testng.internal.invokers.TestInvoker.invokeMethod(TestInvoker.java:664) ~[testng-7.9.0.jar:7.9.0]
	at org.testng.internal.invokers.TestInvoker.invokeTestMethod(TestInvoker.java:228) ~[testng-7.9.0.jar:7.9.0]
	at org.testng.internal.invokers.MethodRunner.runInSequence(MethodRunner.java:63) ~[testng-7.9.0.jar:7.9.0]
	at org.testng.internal.invokers.TestInvoker$MethodInvocationAgent.invoke(TestInvoker.java:961) ~[testng-7.9.0.jar:7.9.0]
	at org.testng.internal.invokers.TestInvoker.invokeTestMethods(TestInvoker.java:201) ~[testng-7.9.0.jar:7.9.0]
	at org.testng.internal.invokers.TestMethodWorker.invokeTestMethods(TestMethodWorker.java:148) ~[testng-7.9.0.jar:7.9.0]
	at org.testng.internal.invokers.TestMethodWorker.run(TestMethodWorker.java:128) ~[testng-7.9.0.jar:7.9.0]
	at java.base/java.util.ArrayList.forEach(ArrayList.java:1596) [?:?]
	at org.testng.TestRunner.privateRun(TestRunner.java:819) [testng-7.9.0.jar:7.9.0]
	at org.testng.TestRunner.run(TestRunner.java:619) [testng-7.9.0.jar:7.9.0]
	at org.testng.SuiteRunner.runTest(SuiteRunner.java:443) [testng-7.9.0.jar:7.9.0]
	at org.testng.SuiteRunner.runSequentially(SuiteRunner.java:437) [testng-7.9.0.jar:7.9.0]
	at org.testng.SuiteRunner.privateRun(SuiteRunner.java:397) [testng-7.9.0.jar:7.9.0]
	at org.testng.SuiteRunner.run(SuiteRunner.java:336) [testng-7.9.0.jar:7.9.0]
	at org.testng.SuiteRunnerWorker.runSuite(SuiteRunnerWorker.java:52) [testng-7.9.0.jar:7.9.0]
	at org.testng.SuiteRunnerWorker.run(SuiteRunnerWorker.java:95) [testng-7.9.0.jar:7.9.0]
	at org.testng.TestNG.runSuitesSequentially(TestNG.java:1301) [testng-7.9.0.jar:7.9.0]
	at org.testng.TestNG.runSuitesLocally(TestNG.java:1228) [testng-7.9.0.jar:7.9.0]
	at org.testng.TestNG.runSuites(TestNG.java:1134) [testng-7.9.0.jar:7.9.0]
	at org.testng.TestNG.run(TestNG.java:1101) [testng-7.9.0.jar:7.9.0]
	at org.apache.maven.surefire.testng.TestNGExecutor.run(TestNGExecutor.java:308) [surefire-testng-3.2.5.jar:3.2.5]
	at org.apache.maven.surefire.testng.TestNGXmlTestSuite.execute(TestNGXmlTestSuite.java:71) [surefire-testng-3.2.5.jar:3.2.5]
	at org.apache.maven.surefire.testng.TestNGProvider.invoke(TestNGProvider.java:113) [surefire-testng-3.2.5.jar:3.2.5]
	at org.apache.maven.surefire.booter.ForkedBooter.runSuitesInProcess(ForkedBooter.java:385) [surefire-booter-3.2.5.jar:3.2.5]
	at org.apache.maven.surefire.booter.ForkedBooter.execute(ForkedBooter.java:162) [surefire-booter-3.2.5.jar:3.2.5]
	at org.apache.maven.surefire.booter.ForkedBooter.run(ForkedBooter.java:507) [surefire-booter-3.2.5.jar:3.2.5]
	at org.apache.maven.surefire.booter.ForkedBooter.main(ForkedBooter.java:495) [surefire-booter-3.2.5.jar:3.2.5]
2026-07-11 13:39:21 [main] WARN  com.automation.utils.ElementUtils - Element By.xpath: //div[contains(@class, 'error') or contains(@class, 'alert')] | //*[contains(text(), 'Invalid') or contains(text(), 'invalid') or contains(text(), 'failed') or contains(text(), 'incorrect') or contains(text(), 'user id')] is not displayed
2026-07-11 13:39:21 [main] INFO  com.automation.utils.ElementUtils - Checking visibility of element By.xpath: //div[contains(@class, 'error') or contains(@class, 'alert')] | //*[contains(text(), 'Invalid') or contains(text(), 'invalid') or contains(text(), 'failed') or contains(text(), 'incorrect') or contains(text(), 'user id')]
2026-07-11 13:39:21 [main] INFO  com.automation.utils.ElementUtils - Waiting for element By.xpath: //div[contains(@class, 'error') or contains(@class, 'alert')] | //*[contains(text(), 'Invalid') or contains(text(), 'invalid') or contains(text(), 'failed') or contains(text(), 'incorrect') or contains(text(), 'user id')] to be visible (Timeout: 2s)
2026-07-11 13:39:23 [main] ERROR com.automation.utils.ElementUtils - Element By.xpath: //div[contains(@class, 'error') or contains(@class, 'alert')] | //*[contains(text(), 'Invalid') or contains(text(), 'invalid') or contains(text(), 'failed') or contains(text(), 'incorrect') or contains(text(), 'user id')] was not visible within 2s
org.openqa.selenium.TimeoutException: Expected condition failed: waiting for visibility of element located by By.xpath: //div[contains(@class, 'error') or contains(@class, 'alert')] | //*[contains(text(), 'Invalid') or contains(text(), 'invalid') or contains(text(), 'failed') or contains(text(), 'incorrect') or contains(text(), 'user id')] (tried for 2 second(s) with 500 milliseconds interval)
Build info: version: '4.18.1', revision: 'b1d3319b48'
System info: os.name: 'Windows 10', os.arch: 'amd64', os.version: '10.0', java.version: '21.0.10'
Driver info: org.openqa.selenium.chrome.ChromeDriver
Capabilities {acceptInsecureCerts: false, browserName: chrome, browserVersion: 149.0.7827.201, chrome: {chromedriverVersion: 149.0.7827.155 (07b52360cc1..., userDataDir: C:\Users\USER\AppData\Local...}, fedcm:accounts: true, goog:chromeOptions: {debuggerAddress: localhost:56991}, goog:processID: 3728, networkConnectionEnabled: false, pageLoadStrategy: normal, platformName: windows, proxy: Proxy(), se:cdp: ws://localhost:56991/devtoo..., se:cdpVersion: 149.0.7827.201, setWindowRect: true, strictFileInteractability: false, timeouts: {implicit: 0, pageLoad: 300000, script: 30000}, unhandledPromptBehavior: dismiss and notify, webauthn:extension:credBlob: true, webauthn:extension:largeBlob: true, webauthn:extension:minPinLength: true, webauthn:extension:prf: true, webauthn:virtualAuthenticators: true}
Session ID: 33a330dced78bce5ea596d4f96556d7f
	at org.openqa.selenium.support.ui.WebDriverWait.timeoutException(WebDriverWait.java:84) ~[selenium-support-4.18.1.jar:?]
	at org.openqa.selenium.support.ui.FluentWait.until(FluentWait.java:228) ~[selenium-support-4.18.1.jar:?]
	at com.automation.utils.ElementUtils.waitForElementToBeVisible(ElementUtils.java:26) ~[classes/:?]
	at com.automation.utils.ElementUtils.isDisplayed(ElementUtils.java:155) ~[classes/:?]
	at com.automation.pages.LoginPage.getErrorMessageText(LoginPage.java:74) ~[classes/:?]
	at com.automation.tests.LoginTest.verifyLoginFailure(LoginTest.java:180) ~[test-classes/:?]
	at com.automation.tests.LoginTest.testFailedLoginWithInvalidEmailFormat(LoginTest.java:131) ~[test-classes/:?]
	at java.base/jdk.internal.reflect.DirectMethodHandleAccessor.invoke(DirectMethodHandleAccessor.java:103) ~[?:?]
	at java.base/java.lang.reflect.Method.invoke(Method.java:580) ~[?:?]
	at org.testng.internal.invokers.MethodInvocationHelper.invokeMethod(MethodInvocationHelper.java:139) ~[testng-7.9.0.jar:7.9.0]
	at org.testng.internal.invokers.TestInvoker.invokeMethod(TestInvoker.java:664) ~[testng-7.9.0.jar:7.9.0]
	at org.testng.internal.invokers.TestInvoker.invokeTestMethod(TestInvoker.java:228) ~[testng-7.9.0.jar:7.9.0]
	at org.testng.internal.invokers.MethodRunner.runInSequence(MethodRunner.java:63) ~[testng-7.9.0.jar:7.9.0]
	at org.testng.internal.invokers.TestInvoker$MethodInvocationAgent.invoke(TestInvoker.java:961) ~[testng-7.9.0.jar:7.9.0]
	at org.testng.internal.invokers.TestInvoker.invokeTestMethods(TestInvoker.java:201) ~[testng-7.9.0.jar:7.9.0]
	at org.testng.internal.invokers.TestMethodWorker.invokeTestMethods(TestMethodWorker.java:148) ~[testng-7.9.0.jar:7.9.0]
	at org.testng.internal.invokers.TestMethodWorker.run(TestMethodWorker.java:128) ~[testng-7.9.0.jar:7.9.0]
	at java.base/java.util.ArrayList.forEach(ArrayList.java:1596) [?:?]
	at org.testng.TestRunner.privateRun(TestRunner.java:819) [testng-7.9.0.jar:7.9.0]
	at org.testng.TestRunner.run(TestRunner.java:619) [testng-7.9.0.jar:7.9.0]
	at org.testng.SuiteRunner.runTest(SuiteRunner.java:443) [testng-7.9.0.jar:7.9.0]
	at org.testng.SuiteRunner.runSequentially(SuiteRunner.java:437) [testng-7.9.0.jar:7.9.0]
	at org.testng.SuiteRunner.privateRun(SuiteRunner.java:397) [testng-7.9.0.jar:7.9.0]
	at org.testng.SuiteRunner.run(SuiteRunner.java:336) [testng-7.9.0.jar:7.9.0]
	at org.testng.SuiteRunnerWorker.runSuite(SuiteRunnerWorker.java:52) [testng-7.9.0.jar:7.9.0]
	at org.testng.SuiteRunnerWorker.run(SuiteRunnerWorker.java:95) [testng-7.9.0.jar:7.9.0]
	at org.testng.TestNG.runSuitesSequentially(TestNG.java:1301) [testng-7.9.0.jar:7.9.0]
	at org.testng.TestNG.runSuitesLocally(TestNG.java:1228) [testng-7.9.0.jar:7.9.0]
	at org.testng.TestNG.runSuites(TestNG.java:1134) [testng-7.9.0.jar:7.9.0]
	at org.testng.TestNG.run(TestNG.java:1101) [testng-7.9.0.jar:7.9.0]
	at org.apache.maven.surefire.testng.TestNGExecutor.run(TestNGExecutor.java:308) [surefire-testng-3.2.5.jar:3.2.5]
	at org.apache.maven.surefire.testng.TestNGXmlTestSuite.execute(TestNGXmlTestSuite.java:71) [surefire-testng-3.2.5.jar:3.2.5]
	at org.apache.maven.surefire.testng.TestNGProvider.invoke(TestNGProvider.java:113) [surefire-testng-3.2.5.jar:3.2.5]
	at org.apache.maven.surefire.booter.ForkedBooter.runSuitesInProcess(ForkedBooter.java:385) [surefire-booter-3.2.5.jar:3.2.5]
	at org.apache.maven.surefire.booter.ForkedBooter.execute(ForkedBooter.java:162) [surefire-booter-3.2.5.jar:3.2.5]
	at org.apache.maven.surefire.booter.ForkedBooter.run(ForkedBooter.java:507) [surefire-booter-3.2.5.jar:3.2.5]
	at org.apache.maven.surefire.booter.ForkedBooter.main(ForkedBooter.java:495) [surefire-booter-3.2.5.jar:3.2.5]
2026-07-11 13:39:23 [main] WARN  com.automation.utils.ElementUtils - Element By.xpath: //div[contains(@class, 'error') or contains(@class, 'alert')] | //*[contains(text(), 'Invalid') or contains(text(), 'invalid') or contains(text(), 'failed') or contains(text(), 'incorrect') or contains(text(), 'user id')] is not displayed
2026-07-11 13:39:24 [main] INFO  com.automation.utils.ReportUtils - Actual error message displayed: 'Please include an '@' in the email address. 'notanemailaddress' is missing an '@'.'
2026-07-11 13:39:24 [main] INFO  com.automation.utils.ReportUtils - [PASS] Negative login test passed. Login failed as expected, and error message was correctly displayed: 'Please include an '@' in the email address. 'notanemailaddress' is missing an '@'.'
]]></system-out>
    <system-err><![CDATA[Jul 11, 2026 1:39:13 PM org.openqa.selenium.devtools.CdpVersionFinder findNearestMatch
WARNING: Unable to find CDP implementation matching 149
Jul 11, 2026 1:39:13 PM org.openqa.selenium.chromium.ChromiumDriver lambda$new$5
WARNING: Unable to find version of CDP to use for 149.0.7827.201. You may need to include a dependency on a specific version of the CDP using something similar to `org.seleniumhq.selenium:selenium-devtools-v86:4.18.1` where the version ("v86") matches the version of the chromium-based browser you're using and the version number of the artifact is the same as Selenium's.
]]></system-err>
  </testcase>
  <testcase name="testFailedLoginWithLongInputs" classname="com.automation.tests.LoginTest" time="6.893">
    <system-out><![CDATA[2026-07-11 13:39:24 [main] INFO  com.automation.tests.BaseTest - Test passed: testFailedLoginWithInvalidEmailFormat
2026-07-11 13:39:24 [main] INFO  com.automation.utils.ReportUtils - [PASS] Test execution completed successfully.
2026-07-11 13:39:24 [main] INFO  com.automation.tests.BaseTest - Closing browser session...
2026-07-11 13:39:24 [main] INFO  com.automation.utils.ReportUtils - Started report test: 'testFailedLoginWithLongInputs'
2026-07-11 13:39:24 [main] INFO  com.automation.tests.BaseTest - Initializing browser: chrome (Headless: false)
2026-07-11 13:39:24 [main] INFO  io.github.bonigarcia.wdm.WebDriverManager - Using chromedriver 149.0.7827.155 (resolved driver for Chrome 149)
2026-07-11 13:39:24 [main] INFO  io.github.bonigarcia.wdm.WebDriverManager - Exporting webdriver.chrome.driver as C:\Users\USER\.cache\selenium\chromedriver\win64\149.0.7827.155\chromedriver.exe
2026-07-11 13:39:25 [main] INFO  com.automation.tests.BaseTest - Navigating to URL: http://mumbai.staging-provider-passport.s3-website.ap-south-1.amazonaws.com/#/auth/login
2026-07-11 13:39:30 [main] INFO  com.automation.utils.ReportUtils - Running negative test case: Login with extremely long email and password inputs...
2026-07-11 13:39:30 [main] INFO  com.automation.utils.ReportUtils - Attempting login with extremely long credentials (500+ chars).
2026-07-11 13:39:30 [main] INFO  com.automation.utils.ElementUtils - Waiting for element By.xpath: //button[contains(., 'Password')] | //span[contains(text(), 'Password')] | //*[text()='Password'] to be clickable (Timeout: 30s)
2026-07-11 13:39:30 [main] INFO  com.automation.utils.ElementUtils - Clicking on element By.xpath: //button[contains(., 'Password')] | //span[contains(text(), 'Password')] | //*[text()='Password']
2026-07-11 13:39:31 [main] INFO  com.automation.utils.ElementUtils - Clearing and typing 'longemailstringlongemailstringlongemailstringlongemailstringlongemailstringlongemailstringlongemailstringlongemailstringlongemailstringlongemailstringlongemailstringlongemailstringlongemailstringlongemailstringlongemailstringlongemailstringlongemailstringlongemailstringlongemailstringlongemailstringlongemailstringlongemailstringlongemailstringlongemailstringlongemailstringlongemailstringlongemailstringlongemailstringlongemailstringlongemailstringlongemailstringlongemailstringlongemailstringlongemailstringlongemailstringlongemailstringlongemailstringlongemailstringlongemailstringlongemailstringlongemailstringlongemailstringlongemailstringlongemailstringlongemailstringlongemailstringlongemailstringlongemailstringlongemailstringlongemailstring@gmail.com' in element By.xpath: //input[@type='email' or @placeholder='email@example.com' or contains(@placeholder, 'email')]
2026-07-11 13:39:31 [main] INFO  com.automation.utils.ElementUtils - Waiting for element By.xpath: //input[@type='email' or @placeholder='email@example.com' or contains(@placeholder, 'email')] to be visible (Timeout: 30s)
2026-07-11 13:39:32 [main] INFO  com.automation.utils.ElementUtils - Clearing and typing 'pwpwpwpwpwpwpwpwpwpwpwpwpwpwpwpwpwpwpwpwpwpwpwpwpwpwpwpwpwpwpwpwpwpwpwpwpwpwpwpwpwpwpwpwpwpwpwpwpwpwpwpwpwpwpwpwpwpwpwpwpwpwpwpwpwpwpwpwpwpwpwpwpwpwpwpwpwpwpwpwpwpwpwpwpwpwpwpwpwpwpwpwpwpwpwpwpwpwpwpw' in element By.xpath: //input[@type='password' or @placeholder='Enter Password' or contains(@placeholder, 'Password')]
2026-07-11 13:39:32 [main] INFO  com.automation.utils.ElementUtils - Waiting for element By.xpath: //input[@type='password' or @placeholder='Enter Password' or contains(@placeholder, 'Password')] to be visible (Timeout: 30s)
2026-07-11 13:39:32 [main] INFO  com.automation.utils.ElementUtils - Waiting for element By.xpath: //button[contains(., 'Sign In') or contains(., 'Sign in') or contains(@class, 'Sign')] to be clickable (Timeout: 30s)
2026-07-11 13:39:32 [main] INFO  com.automation.utils.ElementUtils - Clicking on element By.xpath: //button[contains(., 'Sign In') or contains(., 'Sign in') or contains(@class, 'Sign')]
2026-07-11 13:39:33 [main] INFO  com.automation.utils.ReportUtils - Verifying error message is displayed on login page...
2026-07-11 13:39:33 [main] INFO  com.automation.utils.ElementUtils - Checking visibility of element By.xpath: //div[contains(@class, 'error') or contains(@class, 'alert')] | //*[contains(text(), 'Invalid') or contains(text(), 'invalid') or contains(text(), 'failed') or contains(text(), 'incorrect') or contains(text(), 'user id')]
2026-07-11 13:39:33 [main] INFO  com.automation.utils.ElementUtils - Waiting for element By.xpath: //div[contains(@class, 'error') or contains(@class, 'alert')] | //*[contains(text(), 'Invalid') or contains(text(), 'invalid') or contains(text(), 'failed') or contains(text(), 'incorrect') or contains(text(), 'user id')] to be visible (Timeout: 2s)
2026-07-11 13:39:35 [main] ERROR com.automation.utils.ElementUtils - Element By.xpath: //div[contains(@class, 'error') or contains(@class, 'alert')] | //*[contains(text(), 'Invalid') or contains(text(), 'invalid') or contains(text(), 'failed') or contains(text(), 'incorrect') or contains(text(), 'user id')] was not visible within 2s
org.openqa.selenium.TimeoutException: Expected condition failed: waiting for visibility of element located by By.xpath: //div[contains(@class, 'error') or contains(@class, 'alert')] | //*[contains(text(), 'Invalid') or contains(text(), 'invalid') or contains(text(), 'failed') or contains(text(), 'incorrect') or contains(text(), 'user id')] (tried for 2 second(s) with 500 milliseconds interval)
Build info: version: '4.18.1', revision: 'b1d3319b48'
System info: os.name: 'Windows 10', os.arch: 'amd64', os.version: '10.0', java.version: '21.0.10'
Driver info: org.openqa.selenium.chrome.ChromeDriver
Capabilities {acceptInsecureCerts: false, browserName: chrome, browserVersion: 149.0.7827.201, chrome: {chromedriverVersion: 149.0.7827.155 (07b52360cc1..., userDataDir: C:\Users\USER\AppData\Local...}, fedcm:accounts: true, goog:chromeOptions: {debuggerAddress: localhost:57027}, goog:processID: 15984, networkConnectionEnabled: false, pageLoadStrategy: normal, platformName: windows, proxy: Proxy(), se:cdp: ws://localhost:57027/devtoo..., se:cdpVersion: 149.0.7827.201, setWindowRect: true, strictFileInteractability: false, timeouts: {implicit: 0, pageLoad: 300000, script: 30000}, unhandledPromptBehavior: dismiss and notify, webauthn:extension:credBlob: true, webauthn:extension:largeBlob: true, webauthn:extension:minPinLength: true, webauthn:extension:prf: true, webauthn:virtualAuthenticators: true}
Session ID: c315c05b13824e7bd36795f2da6423eb
	at org.openqa.selenium.support.ui.WebDriverWait.timeoutException(WebDriverWait.java:84) ~[selenium-support-4.18.1.jar:?]
	at org.openqa.selenium.support.ui.FluentWait.until(FluentWait.java:228) ~[selenium-support-4.18.1.jar:?]
	at com.automation.utils.ElementUtils.waitForElementToBeVisible(ElementUtils.java:26) ~[classes/:?]
	at com.automation.utils.ElementUtils.isDisplayed(ElementUtils.java:155) ~[classes/:?]
	at com.automation.pages.LoginPage.isErrorMessageDisplayed(LoginPage.java:55) ~[classes/:?]
	at com.automation.tests.LoginTest.verifyLoginFailure(LoginTest.java:177) ~[test-classes/:?]
	at com.automation.tests.LoginTest.testFailedLoginWithLongInputs(LoginTest.java:169) ~[test-classes/:?]
	at java.base/jdk.internal.reflect.DirectMethodHandleAccessor.invoke(DirectMethodHandleAccessor.java:103) ~[?:?]
	at java.base/java.lang.reflect.Method.invoke(Method.java:580) ~[?:?]
	at org.testng.internal.invokers.MethodInvocationHelper.invokeMethod(MethodInvocationHelper.java:139) ~[testng-7.9.0.jar:7.9.0]
	at org.testng.internal.invokers.TestInvoker.invokeMethod(TestInvoker.java:664) ~[testng-7.9.0.jar:7.9.0]
	at org.testng.internal.invokers.TestInvoker.invokeTestMethod(TestInvoker.java:228) ~[testng-7.9.0.jar:7.9.0]
	at org.testng.internal.invokers.MethodRunner.runInSequence(MethodRunner.java:63) ~[testng-7.9.0.jar:7.9.0]
	at org.testng.internal.invokers.TestInvoker$MethodInvocationAgent.invoke(TestInvoker.java:961) ~[testng-7.9.0.jar:7.9.0]
	at org.testng.internal.invokers.TestInvoker.invokeTestMethods(TestInvoker.java:201) ~[testng-7.9.0.jar:7.9.0]
	at org.testng.internal.invokers.TestMethodWorker.invokeTestMethods(TestMethodWorker.java:148) ~[testng-7.9.0.jar:7.9.0]
	at org.testng.internal.invokers.TestMethodWorker.run(TestMethodWorker.java:128) ~[testng-7.9.0.jar:7.9.0]
	at java.base/java.util.ArrayList.forEach(ArrayList.java:1596) [?:?]
	at org.testng.TestRunner.privateRun(TestRunner.java:819) [testng-7.9.0.jar:7.9.0]
	at org.testng.TestRunner.run(TestRunner.java:619) [testng-7.9.0.jar:7.9.0]
	at org.testng.SuiteRunner.runTest(SuiteRunner.java:443) [testng-7.9.0.jar:7.9.0]
	at org.testng.SuiteRunner.runSequentially(SuiteRunner.java:437) [testng-7.9.0.jar:7.9.0]
	at org.testng.SuiteRunner.privateRun(SuiteRunner.java:397) [testng-7.9.0.jar:7.9.0]
	at org.testng.SuiteRunner.run(SuiteRunner.java:336) [testng-7.9.0.jar:7.9.0]
	at org.testng.SuiteRunnerWorker.runSuite(SuiteRunnerWorker.java:52) [testng-7.9.0.jar:7.9.0]
	at org.testng.SuiteRunnerWorker.run(SuiteRunnerWorker.java:95) [testng-7.9.0.jar:7.9.0]
	at org.testng.TestNG.runSuitesSequentially(TestNG.java:1301) [testng-7.9.0.jar:7.9.0]
	at org.testng.TestNG.runSuitesLocally(TestNG.java:1228) [testng-7.9.0.jar:7.9.0]
	at org.testng.TestNG.runSuites(TestNG.java:1134) [testng-7.9.0.jar:7.9.0]
	at org.testng.TestNG.run(TestNG.java:1101) [testng-7.9.0.jar:7.9.0]
	at org.apache.maven.surefire.testng.TestNGExecutor.run(TestNGExecutor.java:308) [surefire-testng-3.2.5.jar:3.2.5]
	at org.apache.maven.surefire.testng.TestNGXmlTestSuite.execute(TestNGXmlTestSuite.java:71) [surefire-testng-3.2.5.jar:3.2.5]
	at org.apache.maven.surefire.testng.TestNGProvider.invoke(TestNGProvider.java:113) [surefire-testng-3.2.5.jar:3.2.5]
	at org.apache.maven.surefire.booter.ForkedBooter.runSuitesInProcess(ForkedBooter.java:385) [surefire-booter-3.2.5.jar:3.2.5]
	at org.apache.maven.surefire.booter.ForkedBooter.execute(ForkedBooter.java:162) [surefire-booter-3.2.5.jar:3.2.5]
	at org.apache.maven.surefire.booter.ForkedBooter.run(ForkedBooter.java:507) [surefire-booter-3.2.5.jar:3.2.5]
	at org.apache.maven.surefire.booter.ForkedBooter.main(ForkedBooter.java:495) [surefire-booter-3.2.5.jar:3.2.5]
2026-07-11 13:39:35 [main] WARN  com.automation.utils.ElementUtils - Element By.xpath: //div[contains(@class, 'error') or contains(@class, 'alert')] | //*[contains(text(), 'Invalid') or contains(text(), 'invalid') or contains(text(), 'failed') or contains(text(), 'incorrect') or contains(text(), 'user id')] is not displayed
2026-07-11 13:39:35 [main] INFO  com.automation.utils.ElementUtils - Checking visibility of element By.xpath: //div[contains(@class, 'error') or contains(@class, 'alert')] | //*[contains(text(), 'Invalid') or contains(text(), 'invalid') or contains(text(), 'failed') or contains(text(), 'incorrect') or contains(text(), 'user id')]
2026-07-11 13:39:35 [main] INFO  com.automation.utils.ElementUtils - Waiting for element By.xpath: //div[contains(@class, 'error') or contains(@class, 'alert')] | //*[contains(text(), 'Invalid') or contains(text(), 'invalid') or contains(text(), 'failed') or contains(text(), 'incorrect') or contains(text(), 'user id')] to be visible (Timeout: 2s)
2026-07-11 13:39:37 [main] ERROR com.automation.utils.ElementUtils - Element By.xpath: //div[contains(@class, 'error') or contains(@class, 'alert')] | //*[contains(text(), 'Invalid') or contains(text(), 'invalid') or contains(text(), 'failed') or contains(text(), 'incorrect') or contains(text(), 'user id')] was not visible within 2s
org.openqa.selenium.TimeoutException: Expected condition failed: waiting for visibility of element located by By.xpath: //div[contains(@class, 'error') or contains(@class, 'alert')] | //*[contains(text(), 'Invalid') or contains(text(), 'invalid') or contains(text(), 'failed') or contains(text(), 'incorrect') or contains(text(), 'user id')] (tried for 2 second(s) with 500 milliseconds interval)
Build info: version: '4.18.1', revision: 'b1d3319b48'
System info: os.name: 'Windows 10', os.arch: 'amd64', os.version: '10.0', java.version: '21.0.10'
Driver info: org.openqa.selenium.chrome.ChromeDriver
Capabilities {acceptInsecureCerts: false, browserName: chrome, browserVersion: 149.0.7827.201, chrome: {chromedriverVersion: 149.0.7827.155 (07b52360cc1..., userDataDir: C:\Users\USER\AppData\Local...}, fedcm:accounts: true, goog:chromeOptions: {debuggerAddress: localhost:57027}, goog:processID: 15984, networkConnectionEnabled: false, pageLoadStrategy: normal, platformName: windows, proxy: Proxy(), se:cdp: ws://localhost:57027/devtoo..., se:cdpVersion: 149.0.7827.201, setWindowRect: true, strictFileInteractability: false, timeouts: {implicit: 0, pageLoad: 300000, script: 30000}, unhandledPromptBehavior: dismiss and notify, webauthn:extension:credBlob: true, webauthn:extension:largeBlob: true, webauthn:extension:minPinLength: true, webauthn:extension:prf: true, webauthn:virtualAuthenticators: true}
Session ID: c315c05b13824e7bd36795f2da6423eb
	at org.openqa.selenium.support.ui.WebDriverWait.timeoutException(WebDriverWait.java:84) ~[selenium-support-4.18.1.jar:?]
	at org.openqa.selenium.support.ui.FluentWait.until(FluentWait.java:228) ~[selenium-support-4.18.1.jar:?]
	at com.automation.utils.ElementUtils.waitForElementToBeVisible(ElementUtils.java:26) ~[classes/:?]
	at com.automation.utils.ElementUtils.isDisplayed(ElementUtils.java:155) ~[classes/:?]
	at com.automation.pages.LoginPage.getErrorMessageText(LoginPage.java:74) ~[classes/:?]
	at com.automation.tests.LoginTest.verifyLoginFailure(LoginTest.java:180) ~[test-classes/:?]
	at com.automation.tests.LoginTest.testFailedLoginWithLongInputs(LoginTest.java:169) ~[test-classes/:?]
	at java.base/jdk.internal.reflect.DirectMethodHandleAccessor.invoke(DirectMethodHandleAccessor.java:103) ~[?:?]
	at java.base/java.lang.reflect.Method.invoke(Method.java:580) ~[?:?]
	at org.testng.internal.invokers.MethodInvocationHelper.invokeMethod(MethodInvocationHelper.java:139) ~[testng-7.9.0.jar:7.9.0]
	at org.testng.internal.invokers.TestInvoker.invokeMethod(TestInvoker.java:664) ~[testng-7.9.0.jar:7.9.0]
	at org.testng.internal.invokers.TestInvoker.invokeTestMethod(TestInvoker.java:228) ~[testng-7.9.0.jar:7.9.0]
	at org.testng.internal.invokers.MethodRunner.runInSequence(MethodRunner.java:63) ~[testng-7.9.0.jar:7.9.0]
	at org.testng.internal.invokers.TestInvoker$MethodInvocationAgent.invoke(TestInvoker.java:961) ~[testng-7.9.0.jar:7.9.0]
[...]
2026-07-11 13:40:37 [main] INFO  com.automation.utils.ElementUtils - Waiting for element By.xpath: //button[contains(., 'Password')] | //span[contains(text(), 'Password')] | //*[text()='Password'] to be clickable (Timeout: 30s)
2026-07-11 13:40:37 [main] INFO  com.automation.utils.ElementUtils - Clicking on element By.xpath: //button[contains(., 'Password')] | //span[contains(text(), 'Password')] | //*[text()='Password']
2026-07-11 13:40:38 [main] INFO  com.automation.utils.ElementUtils - Clearing and typing 'alokbind4733@gmail.com' in element By.xpath: //input[@type='email' or @placeholder='email@example.com' or contains(@placeholder, 'email')]
2026-07-11 13:40:38 [main] INFO  com.automation.utils.ElementUtils - Waiting for element By.xpath: //input[@type='email' or @placeholder='email@example.com' or contains(@placeholder, 'email')] to be visible (Timeout: 30s)
2026-07-11 13:40:38 [main] INFO  com.automation.utils.ElementUtils - Clearing and typing 'Test@Krenai' in element By.xpath: //input[@type='password' or @placeholder='Enter Password' or contains(@placeholder, 'Password')]
2026-07-11 13:40:38 [main] INFO  com.automation.utils.ElementUtils - Waiting for element By.xpath: //input[@type='password' or @placeholder='Enter Password' or contains(@placeholder, 'Password')] to be visible (Timeout: 30s)
2026-07-11 13:40:38 [main] INFO  com.automation.utils.ElementUtils - Waiting for element By.xpath: //button[contains(., 'Sign In') or contains(., 'Sign in') or contains(@class, 'Sign')] to be clickable (Timeout: 30s)
2026-07-11 13:40:38 [main] INFO  com.automation.utils.ElementUtils - Clicking on element By.xpath: //button[contains(., 'Sign In') or contains(., 'Sign in') or contains(@class, 'Sign')]
2026-07-11 13:40:38 [main] INFO  com.automation.utils.ReportUtils - Verifying successful login...
2026-07-11 13:40:38 [main] INFO  com.automation.utils.ElementUtils - Checking visibility of element By.xpath: //*[text()='Tasks to do'] | //*[text()='Provider Overview'] | //*[contains(text(), 'Alok Bind')]
2026-07-11 13:40:38 [main] INFO  com.automation.utils.ElementUtils - Waiting for element By.xpath: //*[text()='Tasks to do'] | //*[text()='Provider Overview'] | //*[contains(text(), 'Alok Bind')] to be visible (Timeout: 30s)
2026-07-11 13:40:43 [main] INFO  com.automation.utils.ReportUtils - [PASS] Successfully logged in and reached the Dashboard.
2026-07-11 13:40:43 [main] INFO  com.automation.utils.ReportUtils - Navigating to Staff -> Providers...
2026-07-11 13:40:43 [main] INFO  com.automation.utils.ElementUtils - Waiting for element By.xpath: //*[contains(text(), 'Staff')] to be clickable (Timeout: 30s)
2026-07-11 13:40:43 [main] INFO  com.automation.utils.ElementUtils - Waiting for element By.xpath: //*[contains(text(), 'Providers')] to be clickable (Timeout: 30s)
2026-07-11 13:40:43 [main] INFO  com.automation.utils.ElementUtils - Clicking on element By.xpath: //*[contains(text(), 'Providers')]
2026-07-11 13:40:43 [main] INFO  com.automation.utils.ElementUtils - Checking visibility of element By.xpath: //*[contains(text(), 'Active Providers')]
2026-07-11 13:40:43 [main] INFO  com.automation.utils.ElementUtils - Waiting for element By.xpath: //*[contains(text(), 'Active Providers')] to be visible (Timeout: 30s)
2026-07-11 13:40:45 [main] INFO  com.automation.utils.ReportUtils - [PASS] Navigated to Providers page.
2026-07-11 13:40:45 [main] INFO  com.automation.pages.ProvidersPage - Checking if provider with NPI 1780658039 is in In Process list...
2026-07-11 13:40:45 [main] INFO  com.automation.utils.ElementUtils - Waiting for element By.id: nav-process-tab to be clickable (Timeout: 5s)
2026-07-11 13:40:45 [main] INFO  com.automation.utils.ElementUtils - Clicking on element By.id: nav-process-tab
2026-07-11 13:40:56 [main] INFO  com.automation.pages.ProvidersPage - Found 4 total rows in In Process table
2026-07-11 13:40:56 [main] INFO  com.automation.pages.ProvidersPage - Row 0: 
2026-07-11 13:40:56 [main] INFO  com.automation.pages.ProvidersPage - Row 1: Provider Name | Title | NPI Number | Phone | Provider Email | Processed Date | Processed By | Onboarding Workflow | Actions
2026-07-11 13:40:56 [main] INFO  com.automation.pages.ProvidersPage - Row 2: 
2026-07-11 13:40:56 [main] INFO  com.automation.pages.ProvidersPage - Row 3: 
2026-07-11 13:40:56 [main] INFO  com.automation.pages.ProvidersPage - Provider with NPI 1780658039 not found in In Process list.
2026-07-11 13:40:56 [main] INFO  com.automation.utils.ElementUtils - Waiting for element By.xpath: //button[contains(., 'Active Providers')] | //button[contains(text(), 'Active')] to be clickable (Timeout: 5s)
2026-07-11 13:40:56 [main] INFO  com.automation.utils.ElementUtils - Clicking on element By.xpath: //button[contains(., 'Active Providers')] | //button[contains(text(), 'Active')]
2026-07-11 13:40:57 [main] INFO  com.automation.utils.ReportUtils - Selecting location: Dark Knight Oso Inc
2026-07-11 13:40:58 [main] INFO  com.automation.utils.ElementUtils - Opening dropdown By.xpath: //*[contains(text(), 'Locations') or contains(text(), 'Knight') or contains(text(), 'Oso')] and selecting option containing 'Dark Knight Oso Inc'
2026-07-11 13:40:58 [main] INFO  com.automation.utils.ElementUtils - Found 5 potential dropdown trigger elements matching By.xpath: //*[contains(text(), 'Locations') or contains(text(), 'Knight') or contains(text(), 'Oso')]
2026-07-11 13:40:58 [main] INFO  com.automation.utils.ElementUtils - Trigger [0]: Tag='span', Text='All Locations', Class='LctnSelection', Displayed=true
2026-07-11 13:40:58 [main] INFO  com.automation.utils.ElementUtils - Trigger [1]: Tag='h1', Text='', Class='modal-title', Displayed=false
2026-07-11 13:40:58 [main] INFO  com.automation.utils.ElementUtils - Trigger [2]: Tag='button', Text='', Class='invite-btn active', Displayed=false
2026-07-11 13:40:58 [main] INFO  com.automation.utils.ElementUtils - Trigger [3]: Tag='button', Text='', Class='invite-btn', Displayed=false
2026-07-11 13:40:58 [main] INFO  com.automation.utils.ElementUtils - Trigger [4]: Tag='span', Text='', Class='', Displayed=false
2026-07-11 13:40:58 [main] INFO  com.automation.utils.ElementUtils - Attempt 1 to click dropdown trigger...
2026-07-11 13:40:58 [main] INFO  com.automation.utils.ElementUtils - Waiting for element By.xpath: //*[contains(text(), 'Locations') or contains(text(), 'Knight') or contains(text(), 'Oso')] to be clickable (Timeout: 5s)
2026-07-11 13:40:58 [main] INFO  com.automation.utils.ElementUtils - Clicking on element By.xpath: //*[contains(text(), 'Locations') or contains(text(), 'Knight') or contains(text(), 'Oso')]
2026-07-11 13:40:59 [main] INFO  com.automation.utils.ElementUtils - Dropdown opened successfully. Option is now visible.
2026-07-11 13:40:59 [main] INFO  com.automation.utils.ElementUtils - Found 1 option elements matching By.xpath: //*[contains(text(), 'Dark Knight Oso Inc')] (Attempt 1)
2026-07-11 13:40:59 [main] INFO  com.automation.utils.ElementUtils - Checking option: Text='Dark Knight Oso Inc', Displayed=true
2026-07-11 13:40:59 [main] INFO  com.automation.utils.ElementUtils - Clicking option containing 'Dark Knight Oso Inc'
2026-07-11 13:40:59 [main] INFO  com.automation.pages.ProvidersPage - Waiting for location dropdown trigger text to update to 'Dark Knight Oso Inc'...
2026-07-11 13:40:59 [main] INFO  com.automation.pages.ProvidersPage - Location successfully selected and trigger text updated.
2026-07-11 13:40:59 [main] INFO  com.automation.utils.ReportUtils - [PASS] Location selected successfully.
2026-07-11 13:40:59 [main] INFO  com.automation.utils.ReportUtils - Clicking + Add Provider...
2026-07-11 13:40:59 [main] INFO  com.automation.pages.ProvidersPage - Attempt 1 to click + Add Provider button...
2026-07-11 13:40:59 [main] INFO  com.automation.utils.ElementUtils - Waiting for element By.xpath: //button[contains(., 'Add Provider')] | //span[contains(text(), 'Add Provider')] | //*[contains(text(), 'Add Provider') and contains(@class, 'button')] to be clickable (Timeout: 5s)
2026-07-11 13:40:59 [main] INFO  com.automation.utils.ElementUtils - Clicking on element By.xpath: //button[contains(., 'Add Provider')] | //span[contains(text(), 'Add Provider')] | //*[contains(text(), 'Add Provider') and contains(@class, 'button')]
2026-07-11 13:41:03 [main] WARN  com.automation.pages.ProvidersPage - Modal did not open on attempt 1. Retrying click...
2026-07-11 13:41:03 [main] INFO  com.automation.pages.ProvidersPage - Attempt 2 to click + Add Provider button...
2026-07-11 13:41:03 [main] INFO  com.automation.utils.ElementUtils - Waiting for element By.xpath: //button[contains(., 'Add Provider')] | //span[contains(text(), 'Add Provider')] | //*[contains(text(), 'Add Provider') and contains(@class, 'button')] to be clickable (Timeout: 5s)
2026-07-11 13:41:03 [main] INFO  com.automation.utils.ElementUtils - Clicking on element By.xpath: //button[contains(., 'Add Provider')] | //span[contains(text(), 'Add Provider')] | //*[contains(text(), 'Add Provider') and contains(@class, 'button')]
2026-07-11 13:41:04 [main] INFO  com.automation.pages.ProvidersPage - Add Provider modal opened successfully.
2026-07-11 13:41:04 [main] INFO  com.automation.utils.ReportUtils - Selecting onboarding workflow: Complete_Test_Onboarding_Workflow
2026-07-11 13:41:04 [main] INFO  com.automation.utils.ElementUtils - Opening dropdown By.xpath: //*[contains(text(), 'Select Onboarding Workflow')]/following::div[@class='selected-list'][1] | //div[@class='selected-list'] and selecting option containing 'Complete_Test_Onboarding_Workflow'
2026-07-11 13:41:04 [main] INFO  com.automation.utils.ElementUtils - Found 2 potential dropdown trigger elements matching By.xpath: //*[contains(text(), 'Select Onboarding Workflow')]/following::div[@class='selected-list'][1] | //div[@class='selected-list']
2026-07-11 13:41:04 [main] INFO  com.automation.utils.ElementUtils - Trigger [0]: Tag='div', Text='test flow F', Class='selected-list', Displayed=true
2026-07-11 13:41:04 [main] INFO  com.automation.utils.ElementUtils - Trigger [1]: Tag='div', Text='', Class='selected-list', Displayed=false
2026-07-11 13:41:04 [main] INFO  com.automation.utils.ElementUtils - Attempt 1 to click dropdown trigger...
2026-07-11 13:41:04 [main] INFO  com.automation.utils.ElementUtils - Waiting for element By.xpath: //*[contains(text(), 'Select Onboarding Workflow')]/following::div[@class='selected-list'][1] | //div[@class='selected-list'] to be clickable (Timeout: 5s)
2026-07-11 13:41:05 [main] INFO  com.automation.utils.ElementUtils - Clicking on element By.xpath: //*[contains(text(), 'Select Onboarding Workflow')]/following::div[@class='selected-list'][1] | //div[@class='selected-list']
2026-07-11 13:41:05 [main] INFO  com.automation.utils.ElementUtils - Dropdown opened successfully. Option is now visible.
2026-07-11 13:41:05 [main] INFO  com.automation.utils.ElementUtils - Found 1 option elements matching By.xpath: //*[contains(text(), 'Complete_Test_Onboarding_Workflow')] (Attempt 1)
2026-07-11 13:41:05 [main] INFO  com.automation.utils.ElementUtils - Checking option: Text='Complete_Test_Onboarding_Workflow', Displayed=true
2026-07-11 13:41:05 [main] INFO  com.automation.utils.ElementUtils - Clicking option containing 'Complete_Test_Onboarding_Workflow'
2026-07-11 13:41:05 [main] INFO  com.automation.pages.AddProviderModal - Clicking workflow dropdown trigger again to close the overlay options list...
2026-07-11 13:41:05 [main] INFO  com.automation.utils.ElementUtils - Waiting for element By.xpath: //*[contains(text(), 'Select Onboarding Workflow')]/following::div[@class='selected-list'][1] | //div[@class='selected-list'] to be clickable (Timeout: 5s)
2026-07-11 13:41:05 [main] INFO  com.automation.utils.ElementUtils - Clicking on element By.xpath: //*[contains(text(), 'Select Onboarding Workflow')]/following::div[@class='selected-list'][1] | //div[@class='selected-list']
2026-07-11 13:41:06 [main] INFO  com.automation.utils.ReportUtils - Selecting 'Add Provider' option...
2026-07-11 13:41:06 [main] INFO  com.automation.utils.ElementUtils - Waiting for element By.xpath: //div[contains(@class, 'modal')]//*[text()='Add Provider']/parent::div | //div[contains(@class, 'modal')]//*[text()='Add Provider'] | //div[contains(@class, 'modal')]//p[text()='Add Provider'] to be visible (Timeout: 30s)
2026-07-11 13:41:06 [main] INFO  com.automation.utils.ElementUtils - Clicking on element By.xpath: //div[contains(@class, 'modal')]//*[text()='Add Provider']/parent::div | //div[contains(@class, 'modal')]//*[text()='Add Provider'] | //div[contains(@class, 'modal')]//p[text()='Add Provider'] using JavaScript
2026-07-11 13:41:06 [main] INFO  com.automation.utils.ReportUtils - Clicking Next...
2026-07-11 13:41:06 [main] INFO  com.automation.utils.ElementUtils - Waiting for element By.xpath: //button[contains(., 'Next')] | //span[contains(text(), 'Next')] | //button[contains(text(), 'Next')] to be clickable (Timeout: 30s)
2026-07-11 13:41:06 [main] INFO  com.automation.utils.ElementUtils - Clicking on element By.xpath: //button[contains(., 'Next')] | //span[contains(text(), 'Next')] | //button[contains(text(), 'Next')]
2026-07-11 13:41:06 [main] INFO  com.automation.utils.ReportUtils - [PASS] Successfully configured workflow and moved to details step.
2026-07-11 13:41:06 [main] INFO  com.automation.utils.ReportUtils - Selecting first privilege option...
2026-07-11 13:41:06 [main] INFO  com.automation.pages.AddProviderModal - Opening Privileges dropdown and selecting option containing 'Allergy'...
2026-07-11 13:41:06 [main] INFO  com.automation.pages.AddProviderModal - Attempt 1 to click privileges dropdown...
2026-07-11 13:41:06 [main] INFO  com.automation.utils.ElementUtils - Waiting for element By.xpath: //*[contains(text(), 'Privileges') or contains(text(), 'privilege')]/following::div[contains(@class, 'selected-list')][1] to be clickable (Timeout: 5s)
2026-07-11 13:41:06 [main] INFO  com.automation.utils.ElementUtils - Clicking on element By.xpath: //*[contains(text(), 'Privileges') or contains(text(), 'privilege')]/following::div[contains(@class, 'selected-list')][1]
2026-07-11 13:41:10 [main] WARN  com.automation.pages.AddProviderModal - Target option not visible after click attempt 1. Retrying click...
2026-07-11 13:41:10 [main] INFO  com.automation.pages.AddProviderModal - Attempt 2 to click privileges dropdown...
2026-07-11 13:41:10 [main] INFO  com.automation.utils.ElementUtils - Waiting for element By.xpath: //*[contains(text(), 'Privileges') or contains(text(), 'privilege')]/following::div[contains(@class, 'selected-list')][1] to be clickable (Timeout: 5s)
2026-07-11 13:41:10 [main] INFO  com.automation.utils.ElementUtils - Clicking on element By.xpath: //*[contains(text(), 'Privileges') or contains(text(), 'privilege')]/following::div[contains(@class, 'selected-list')][1]
2026-07-11 13:41:10 [main] INFO  com.automation.pages.AddProviderModal - Privileges dropdown opened and target option is visible.
2026-07-11 13:41:10 [main] INFO  com.automation.pages.AddProviderModal - Selecting option containing 'Allergy': 'Allergy/Immunology Clinical Privileges'
2026-07-11 13:41:11 [main] INFO  com.automation.pages.AddProviderModal - Dropdown overlay is still open. Clicking trigger to close...
2026-07-11 13:41:11 [main] INFO  com.automation.utils.ElementUtils - Waiting for element By.xpath: //*[contains(text(), 'Privileges') or contains(text(), 'privilege')]/following::div[contains(@class, 'selected-list')][1] to be clickable (Timeout: 5s)
2026-07-11 13:41:11 [main] INFO  com.automation.utils.ElementUtils - Clicking on element By.xpath: //*[contains(text(), 'Privileges') or contains(text(), 'privilege')]/following::div[contains(@class, 'selected-list')][1]
2026-07-11 13:41:11 [main] INFO  com.automation.pages.AddProviderModal - Privileges dropdown overlay closed successfully.
2026-07-11 13:41:11 [main] INFO  com.automation.utils.ReportUtils - Entering Provider Details. NPI: 1780658039, First Name: AutoFn29831, Last Name: AutoLn29831
2026-07-11 13:41:11 [main] INFO  com.automation.pages.AddProviderModal - Typing NPI: 1780658039
2026-07-11 13:41:12 [main] INFO  com.automation.pages.AddProviderModal - Successfully typed '1780658039' in visible element By.xpath: //div[contains(@class, 'modal')]//input[@name='npi' or contains(@placeholder, 'NPI') or @id='npi' or contains(@name, 'npi')] | //input[@name='npi' or contains(@placeholder, 'NPI') or @id='npi' or contains(@name, 'npi')]
2026-07-11 13:41:12 [main] INFO  com.automation.pages.AddProviderModal - Waiting for NPPES auto-fill lookup to populate names...
2026-07-11 13:41:16 [main] INFO  com.automation.pages.AddProviderModal - NPPES lookup did not auto-fill names. Typing manually: 'AutoFn29831', 'AutoLn29831'
2026-07-11 13:41:16 [main] INFO  com.automation.pages.AddProviderModal - Successfully typed 'AutoFn29831' in visible element By.xpath: //div[contains(@class, 'modal')]//input[@name='firstName' or contains(@placeholder, 'First Name') or @id='firstName' or contains(@name, 'first')] | //input[@name='firstName' or contains(@placeholder, 'First Name') or @id='firstName' or contains(@name, 'first')]
2026-07-11 13:41:17 [main] INFO  com.automation.pages.AddProviderModal - Successfully typed 'AutoLn29831' in visible element By.xpath: //div[contains(@class, 'modal')]//input[@name='lastName' or contains(@placeholder, 'Last Name') or @id='lastName' or contains(@name, 'last')] | //input[@name='lastName' or contains(@placeholder, 'Last Name') or @id='lastName' or contains(@name, 'last')]
2026-07-11 13:41:17 [main] INFO  com.automation.utils.ReportUtils - Submitting Provider Onboarding request for NPI: 1780658039
2026-07-11 13:41:17 [main] INFO  com.automation.pages.AddProviderModal - Waiting for Add button to be clickable...
2026-07-11 13:41:23 [main] WARN  com.automation.pages.AddProviderModal - Add button not clickable after wait. Performing JS click fallback: Expected condition failed: waiting for element to be clickable: By.xpath: //div[contains(@class, 'modal') and contains(@class, 'show')]//button[text()='ADD' or contains(text(), 'ADD') or contains(., 'ADD') or contains(text(), 'Add')] (tried for 5 second(s) with 500 milliseconds interval)
Build info: version: '4.18.1', revision: 'b1d3319b48'
System info: os.name: 'Windows 10', os.arch: 'amd64', os.version: '10.0', java.version: '21.0.10'
Driver info: org.openqa.selenium.chrome.ChromeDriver
Capabilities {acceptInsecureCerts: false, browserName: chrome, browserVersion: 149.0.7827.201, chrome: {chromedriverVersion: 149.0.7827.155 (07b52360cc1..., userDataDir: C:\Users\USER\AppData\Local...}, fedcm:accounts: true, goog:chromeOptions: {debuggerAddress: localhost:57237}, goog:processID: 15448, networkConnectionEnabled: false, pageLoadStrategy: normal, platformName: windows, proxy: Proxy(), se:cdp: ws://localhost:57237/devtoo..., se:cdpVersion: 149.0.7827.201, setWindowRect: true, strictFileInteractability: false, timeouts: {implicit: 0, pageLoad: 300000, script: 30000}, unhandledPromptBehavior: dismiss and notify, webauthn:extension:credBlob: true, webauthn:extension:largeBlob: true, webauthn:extension:minPinLength: true, webauthn:extension:prf: true, webauthn:virtualAuthenticators: true}
Session ID: e5d17cc2edb5459030296399d0944007
]]></system-out>
    <system-err><![CDATA[Jul 11, 2026 1:40:32 PM org.openqa.selenium.devtools.CdpVersionFinder findNearestMatch
WARNING: Unable to find CDP implementation matching 149
Jul 11, 2026 1:40:32 PM org.openqa.selenium.chromium.ChromiumDriver lambda$new$5
WARNING: Unable to find version of CDP to use for 149.0.7827.201. You may need to include a dependency on a specific version of the CDP using something similar to `org.seleniumhq.selenium:selenium-devtools-v86:4.18.1` where the version ("v86") matches the version of the chromium-based browser you're using and the version number of the artifact is the same as Selenium's.
]]></system-err>
  </testcase>
</testsuite>