<?xml version="1.0" encoding="UTF-8"?>
<!-- Generated by org.testng.reporters.JUnitReportReporter -->
<testsuite hostname="DESKTOP-VSRDP48" failures="0" tests="10" name="com.automation.tests.LoginTest" time="145.439" errors="0" timestamp="2026-07-07T15:50:10 IST" skipped="0">
  <testcase classname="com.automation.tests.LoginTest" name="testFailedLoginWithBlankEmailAndValidPassword" time="16.808"/>
  <testcase classname="com.automation.tests.LoginTest" name="testFailedLoginWithInvalidEmailFormat" time="18.193"/>
  <testcase classname="com.automation.tests.LoginTest" name="testSuccessfulLogin" time="14.531"/>
  <testcase classname="com.automation.tests.LoginTest" name="testFailedLoginWithBlankEmailAndBlankPassword" time="14.689"/>
  <testcase classname="com.automation.tests.LoginTest" name="testFailedLoginWithLongInputs" time="18.592"/>
  <testcase classname="com.automation.tests.LoginTest" name="testFailedLoginWithValidEmailAndBlankPassword" time="14.081"/>
  <testcase classname="com.automation.tests.LoginTest" name="testFailedLoginWithInvalidCredentials" time="8.238"/>
  <testcase classname="com.automation.tests.LoginTest" name="testFailedLoginWithValidEmailAndInvalidPassword" time="11.777"/>
  <testcase classname="com.automation.tests.LoginTest" name="testFailedLoginWithSqlInjectionEmail" time="13.957"/>
  <testcase classname="com.automation.tests.LoginTest" name="testFailedLoginWithInvalidEmailAndValidPassword" time="14.573"/>
</testsuite> <!-- com.automation.tests.LoginTest -->
