<?xml version="1.0" encoding="UTF-8"?>
<!-- Generated by org.testng.reporters.JUnitReportReporter -->
<testsuite hostname="DESKTOP-VSRDP48" failures="0" tests="2" name="com.automation.tests.OnboardingTest" time="259.086" errors="0" timestamp="2026-07-03T09:28:06 IST" skipped="0">
  <testcase classname="com.automation.tests.OnboardingTest" name="testSuccessfulOnboarding" time="240.930"/>
  <testcase classname="com.automation.tests.OnboardingTest" name="testFailedLoginWithInvalidCredentials" time="18.156"/>
</testsuite> <!-- com.automation.tests.OnboardingTest -->
