<?xml version="1.0" encoding="UTF-8"?>
<!-- Generated by org.testng.reporters.JUnitReportReporter -->
<testsuite hostname="DESKTOP-VSRDP48" failures="0" tests="10" name="com.automation.tests.LoginTest" time="133.721" errors="0" timestamp="2026-07-11T13:41:27 IST" skipped="0">
  <testcase classname="com.automation.tests.LoginTest" name="testFailedLoginWithLongInputs" time="12.809"/>
  <testcase classname="com.automation.tests.LoginTest" name="testFailedLoginWithValidEmailAndInvalidPassword" time="13.154"/>
  <testcase classname="com.automation.tests.LoginTest" name="testFailedLoginWithSqlInjectionEmail" time="18.968"/>
  <testcase classname="com.automation.tests.LoginTest" name="testFailedLoginWithBlankEmailAndValidPassword" time="13.264"/>
  <testcase classname="com.automation.tests.LoginTest" name="testFailedLoginWithInvalidCredentials" time="8.257"/>
  <testcase classname="com.automation.tests.LoginTest" name="testFailedLoginWithValidEmailAndBlankPassword" time="11.730"/>
  <testcase classname="com.automation.tests.LoginTest" name="testFailedLoginWithInvalidEmailAndValidPassword" time="10.448"/>
  <testcase classname="com.automation.tests.LoginTest" name="testFailedLoginWithBlankEmailAndBlankPassword" time="14.518"/>
  <testcase classname="com.automation.tests.LoginTest" name="testFailedLoginWithInvalidEmailFormat" time="15.368"/>
  <testcase classname="com.automation.tests.LoginTest" name="testSuccessfulLogin" time="15.205"/>
</testsuite> <!-- com.automation.tests.LoginTest -->
